[2016.02.05-15.12.39:080][  0]Log file open, 02/05/16 16:12:39
[2016.02.05-15.12.39:080][  0]LogInit:Display: Running engine for game: TenFold
[2016.02.05-15.12.39:080][  0]LogPlatformFile: Not using cached read wrapper
[2016.02.05-15.12.39:080][  0]LogInit:Display: RandInit(892727053) SRandInit(892727055).
[2016.02.05-15.12.39:080][  0]LogTaskGraph: Started task graph with 4 named threads and 7 total threads.
[2016.02.05-15.12.39:080][  0]LogStats: Stats thread started at 0.090530
[2016.02.05-15.12.39:080][  0]LogInit: Version: 4.10.2-2818068+++depot+UE4-Releases+4.10
[2016.02.05-15.12.39:080][  0]LogInit: API Version: 2758231
[2016.02.05-15.12.39:080][  0]LogInit: Compiled (64-bit): Jan  6 2016 17:36:42
[2016.02.05-15.12.39:080][  0]LogInit: Compiled with Visual C++: 19.00.23026.00
[2016.02.05-15.12.39:080][  0]LogInit: Build Configuration: Development
[2016.02.05-15.12.39:080][  0]LogInit: Branch Name: ++depot+UE4-Releases+4.10
[2016.02.05-15.12.39:080][  0]LogInit: Command line:  /Temp/Autosaves/Game/Levels/UEDPCLauncher -game -PIEVIACONSOLE -ResX=1280 -ResY=720  -Multiprocess 
[2016.02.05-15.12.39:080][  0]LogInit: Base directory: C:/Program Files (x86)/Epic Games/4.10/Engine/Binaries/Win64/
[2016.02.05-15.12.39:080][  0]LogInit: Rocket: 1
[2016.02.05-15.12.39:092][  0]LogInit: Using libcurl 7.41.0
[2016.02.05-15.12.39:092][  0]LogInit:  - built for x86_64-pc-win32
[2016.02.05-15.12.39:092][  0]LogInit:  - supports SSL with WinSSL
[2016.02.05-15.12.39:092][  0]LogInit:  - other features:
[2016.02.05-15.12.39:092][  0]LogInit:      CURL_VERSION_SSL
[2016.02.05-15.12.39:092][  0]LogInit:      CURL_VERSION_IPV6
[2016.02.05-15.12.39:092][  0]LogInit:      CURL_VERSION_ASYNCHDNS
[2016.02.05-15.12.39:092][  0]LogInit:      CURL_VERSION_LARGEFILE
[2016.02.05-15.12.39:092][  0]LogInit:      CURL_VERSION_IDN
[2016.02.05-15.12.39:092][  0]LogInit:  CurlRequestOptions (configurable via config and command line):
[2016.02.05-15.12.39:092][  0]LogInit:  - bVerifyPeer = true  - Libcurl will verify peer certificate
[2016.02.05-15.12.39:092][  0]LogInit:  - bUseHttpProxy = false  - Libcurl will NOT use HTTP proxy
[2016.02.05-15.12.39:092][  0]LogInit:  - bDontReuseConnections = false  - Libcurl will reuse connections
[2016.02.05-15.12.39:092][  0]LogInit:  - CertBundlePath = nullptr  - Libcurl will use whatever was configured at build time.
[2016.02.05-15.12.39:100][  0]LogInit: Presizing for 0 objects not considered by GC, pre-allocating 0 bytes.
[2016.02.05-15.12.39:105][  0]LogInit: Object subsystem initialized
[2016.02.05-15.12.39:106][  0]LogInit: Selected Device Profile: [Windows]
[2016.02.05-15.12.39:106][  0]LogInit: Applying CVar settings loaded from the selected device profile: [Windows]
[2016.02.05-15.12.39:108][  0]LogInit: Computer: ROBINBÆRBAR
[2016.02.05-15.12.39:108][  0]LogInit: User: Robin
[2016.02.05-15.12.39:108][  0]LogInit: CPU Page size=4096, Cores=4
[2016.02.05-15.12.39:108][  0]LogInit: High frequency timer resolution =2.435769 MHz
[2016.02.05-15.12.39:108][  0]LogMemory: Memory total: Physical=7.9GB (8GB approx)
[2016.02.05-15.12.39:109][  0]LogMemory: Platform Memory Stats for Windows
[2016.02.05-15.12.39:109][  0]LogMemory: Process Physical Memory: 55.77 MB used, 55.77 MB peak
[2016.02.05-15.12.39:109][  0]LogMemory: Process Virtual Memory: 54.90 MB used, 54.90 MB peak
[2016.02.05-15.12.39:109][  0]LogMemory: Physical Memory: 5654.40 MB used, 8074.92 MB total
[2016.02.05-15.12.39:109][  0]LogMemory: Virtual Memory: 381.73 MB used, 134217728.00 MB total
[2016.02.05-15.12.39:153][  0]LogTextLocalizationManager: No translations for ('da-DK') exist, falling back to 'en' for localization and internationalization data.
[2016.02.05-15.12.39:678][  0]LogD3D11RHI: Found D3D11 adapter 0: NVIDIA GeForce GTX 860M      (Feature Level 11_0)
[2016.02.05-15.12.39:678][  0]LogD3D11RHI: Adapter has 1995MB of dedicated video memory, 0MB of dedicated system memory, and 4037MB of shared system memory, 1 output[s]
[2016.02.05-15.12.39:684][  0]LogD3D11RHI: Found D3D11 adapter 1: Intel(R) HD Graphics 4600 (Feature Level 11_0)
[2016.02.05-15.12.39:684][  0]LogD3D11RHI: Adapter has 112MB of dedicated video memory, 0MB of dedicated system memory, and 4037MB of shared system memory, 0 output[s]
[2016.02.05-15.12.39:686][  0]LogD3D11RHI: Found D3D11 adapter 2: Microsoft Basic Render Driver (Feature Level 11_0)
[2016.02.05-15.12.39:686][  0]LogD3D11RHI: Adapter has 0MB of dedicated video memory, 0MB of dedicated system memory, and 4037MB of shared system memory, 0 output[s]
[2016.02.05-15.12.39:686][  0]LogD3D11RHI: Chosen D3D11 Adapter Id = 0
[2016.02.05-15.12.39:691][  0]LogD3D11RHI: !Direct3DDevice
[2016.02.05-15.12.39:691][  0]LogRHI: Texture pool is 1361 MB (70% of 1945 MB)
[2016.02.05-15.12.39:708][  0]LogD3D11RHI: Async texture creation enabled
[2016.02.05-15.12.39:724][  0]LogShaderCompilers: Guid format shader working directory is 19 characters bigger than the processId version (D:/Unreal Projects/TenFold/Intermediate/Shaders/WorkingDirectory/18848/).
[2016.02.05-15.12.39:724][  0]LogShaderCompilers: Cleaned the shader compiler working directory 'C:/Users/Robin/AppData/Local/Temp/UnrealShaderWorkingDir/71AB6DDF4CA1542CA78E46BFE2438041/'.
[2016.02.05-15.12.39:724][  0]LogShaderCompilers:Display: Using Local Shader Compiler.
[2016.02.05-15.12.40:507][  0]LogTemp:Display: Loaded TP AllDesktopTargetPlatform
[2016.02.05-15.12.40:512][  0]LogTemp:Display: Loaded TP WindowsClientTargetPlatform
[2016.02.05-15.12.40:517][  0]LogTemp:Display: Loaded TP WindowsNoEditorTargetPlatform
[2016.02.05-15.12.40:522][  0]LogTemp:Display: Loaded TP WindowsServerTargetPlatform
[2016.02.05-15.12.40:526][  0]LogTemp:Display: Loaded TP WindowsTargetPlatform
[2016.02.05-15.12.40:529][  0]LogTemp:Display: Loaded TP AndroidTargetPlatform
[2016.02.05-15.12.40:532][  0]LogTemp:Display: Loaded TP Android_ASTCTargetPlatform
[2016.02.05-15.12.40:535][  0]LogTemp:Display: Loaded TP Android_ATCTargetPlatform
[2016.02.05-15.12.40:537][  0]LogTemp:Display: Loaded TP Android_DXTTargetPlatform
[2016.02.05-15.12.40:540][  0]LogTemp:Display: Loaded TP Android_ETC1TargetPlatform
[2016.02.05-15.12.40:542][  0]LogTemp:Display: Loaded TP Android_ETC2TargetPlatform
[2016.02.05-15.12.40:549][  0]LogTemp:Display: Loaded TP Android_MultiTargetPlatform
[2016.02.05-15.12.40:549][  0]LogTemp:Display: Loaded TP Android_PVRTCTargetPlatform
[2016.02.05-15.12.40:549][  0]LogTemp:Display: Loaded TP HTML5TargetPlatform
[2016.02.05-15.12.40:565][  0]LogTemp:Display: Loaded TP IOSTargetPlatform
[2016.02.05-15.12.40:568][  0]LogTemp:Display: Loaded TP LinuxNoEditorTargetPlatform
[2016.02.05-15.12.40:571][  0]LogTemp:Display: Loaded TP LinuxServerTargetPlatform
[2016.02.05-15.12.40:573][  0]LogTemp:Display: Loaded TP LinuxTargetPlatform
[2016.02.05-15.12.40:573][  0]LogTargetPlatformManager:Display: Building Assets For Windows
[2016.02.05-15.12.40:661][  0]LogDerivedDataCache:Display: Max Cache Size: 512 MB
[2016.02.05-15.12.40:705][  0]LogDerivedDataCache: Loaded boot cache 0.04s 41MB C:/Users/Robin/AppData/Local/UnrealEngine/4.10/DerivedDataCache/Boot.ddc.
[2016.02.05-15.12.40:705][  0]LogDerivedDataCache:Display: Loaded Boot cache: C:/Users/Robin/AppData/Local/UnrealEngine/4.10/DerivedDataCache/Boot.ddc
[2016.02.05-15.12.40:705][  0]LogDerivedDataCache: FDerivedDataBackendGraph:  Pak pak cache file D:/Unreal Projects/TenFold/DerivedDataCache/DDC.ddp not found, will not use a pak cache.
[2016.02.05-15.12.40:705][  0]LogDerivedDataCache: Unable to find inner node Pak for hierarchical cache Hierarchy.
[2016.02.05-15.12.40:705][  0]LogDerivedDataCache: FDerivedDataBackendGraph:  CompressedPak pak cache file D:/Unreal Projects/TenFold/DerivedDataCache/Compressed.ddp not found, will not use a pak cache.
[2016.02.05-15.12.40:705][  0]LogDerivedDataCache: Unable to find inner node CompressedPak for hierarchical cache Hierarchy.
[2016.02.05-15.12.40:766][  0]LogDerivedDataCache:Display: Pak cache opened for reading ../../../Engine/DerivedDataCache/Compressed.ddp.
[2016.02.05-15.12.40:778][  0]LogDerivedDataCache: Using Local data cache path C:/Users/Robin/AppData/Local/UnrealEngine/Common/DerivedDataCache: Writable
[2016.02.05-15.12.40:942][  0]LogInit: Selected Device Profile: [Windows]
[2016.02.05-15.12.40:944][  0]LogContentStreaming: Texture pool size is 1000.000000MB
[2016.02.05-15.12.41:046][  0]LogMeshUtilities: No automatic mesh reduction module available
[2016.02.05-15.12.41:046][  0]LogMeshUtilities: No automatic mesh merging module available
[2016.02.05-15.12.41:223][  0]LogInit: WinSock: version 1.1 (2.2), MaxSocks=32767, MaxUdp=65467
[2016.02.05-15.12.41:409][  0]LogWindowsMoviePlayer: Unable to load movie: D:/Unreal Projects/TenFold/Content/Movies/Default_Startup.mp4
[2016.02.05-15.12.41:517][  0]SourceControl: Info Source control is disabled
[2016.02.05-15.12.41:517][  0]SourceControl: Info Source control is disabled
[2016.02.05-15.12.41:531][  0]SourceControl: Info Source control is disabled
[2016.02.05-15.12.41:771][  0]LogObj: 27935 objects as part of root set at end of initial load.
[2016.02.05-15.12.41:771][  0]LogUObjectAllocator: 5830064 out of 0 bytes used by permanent object pool.
[2016.02.05-15.12.41:826][  0]LogEngine: Initializing Engine...
[2016.02.05-15.12.41:828][  0]OCULUS: Info: 02/05/16 15:12:41: [CAPI] LibOVR module is located at C:\WINDOWS\SYSTEM32\LibOVRRT64_0_8.dll

[2016.02.05-15.12.41:828][  0]LogHMD: SteamVR failed to initialize.  Err: 110
[2016.02.05-15.12.41:940][  0]LogInit: XAudio2 using 'Højttalere (Realtek High Definition Audio)' : 2 channels at 48 kHz using 32 bits per sample (channel mask 0x3)
[2016.02.05-15.12.41:949][  0]LogInit: FAudioDevice initialized.
[2016.02.05-15.12.41:959][  0]LogInit: Texture streaming: Enabled
[2016.02.05-15.12.42:024][  0]LogNet: Browse: /Temp/Autosaves/Game/Levels/UEDPCLauncher?Name=Player
[2016.02.05-15.12.42:024][  0]LogLoad: LoadMap: /Temp/Autosaves/Game/Levels/UEDPCLauncher?Name=Player
[2016.02.05-15.12.42:037][  0]LogParticles: Destroying 0 GPU particle simulations for FXSystem 0x000002D702AD5D00
[2016.02.05-15.12.42:046][  0]LogMemory: Platform Memory Stats for Windows
[2016.02.05-15.12.42:046][  0]LogMemory: Process Physical Memory: 396.11 MB used, 396.11 MB peak
[2016.02.05-15.12.42:046][  0]LogMemory: Process Virtual Memory: 449.68 MB used, 449.68 MB peak
[2016.02.05-15.12.42:046][  0]LogMemory: Physical Memory: 5964.17 MB used, 8074.92 MB total
[2016.02.05-15.12.42:046][  0]LogMemory: Virtual Memory: 1000.20 MB used, 134217728.00 MB total
[2016.02.05-15.12.42:046][  0]LogMemory: 
[2016.02.05-15.12.42:046][  0]Allocator Stats for TBB: (not implemented)
[2016.02.05-15.12.42:244][  0]LogAIModule: Creating AISystem for world Launcher
[2016.02.05-15.12.42:244][  0]LogWorld: Game class is 'MenuGameMode_C'
[2016.02.05-15.12.42:246][  0]LogWorld: Bringing World /Temp/Autosaves/Game/Levels/UEDPCLauncher.Launcher up for play (max tick rate 0) at 2016.02.05-16.12.42
[2016.02.05-15.12.42:247][  0]LogWorld: Bringing up level for play took: 0.001328
[2016.02.05-15.12.42:249][  0]LogInit:Display: Game Engine Initialized.
[2016.02.05-15.12.42:487][  0]LogLoad: Full Startup: 3.73 seconds (BP compile: 0.06 seconds)
[2016.02.05-15.12.42:505][  0]LogWindowsTextInputMethodSystem:Display: IME system now deactivated.
[2016.02.05-15.12.42:506][  0]LogOcInput: OculusInput is initialized. Init status -3003. Runtime version: (Unable to load LibOVR)
[2016.02.05-15.12.42:642][  2]LogRenderer: Reallocating scene render targets to support 1280x720 (Frame:2).
[2016.02.05-15.12.44:959][136]LogBlueprintUserMessages: [Login_C_0] Successful
[2016.02.05-15.12.46:180][198]LogRenderer: Reallocating scene render targets to support 1920x1020 (Frame:201).
[2016.02.05-15.12.47:325][263]LogWindowsTextInputMethodSystem:Display: IME system now deactivated.
[2016.02.05-15.12.47:328][263]LogEngine: All Windows Closed
[2016.02.05-15.12.47:328][263]LogWindows: FPlatformMisc::RequestExit(0)
[2016.02.05-15.12.47:833][264]LogExit: Preparing to exit.
[2016.02.05-15.12.47:976][264]LogExit: Game engine shut down
[2016.02.05-15.12.47:977][264]LogParticles: Dest