[2016.02.05-12.29.25:444][  0]Log file open, 02/05/16 13:29:25
[2016.02.05-12.29.25:444][  0]LogInit:Display: Running engine for game: TenFold
[2016.02.05-12.29.25:444][  0]LogPlatformFile: Not using cached read wrapper
[2016.02.05-12.29.25:444][  0]LogInit:Display: RandInit(-1499913796) SRandInit(-1499913793).
[2016.02.05-12.29.25:444][  0]LogTaskGraph: Started task graph with 4 named threads and 7 total threads.
[2016.02.05-12.29.25:444][  0]LogStats: Stats thread started at 0.090523
[2016.02.05-12.29.25:444][  0]LogInit: Version: 4.10.2-2818068+++depot+UE4-Releases+4.10
[2016.02.05-12.29.25:444][  0]LogInit: API Version: 2758231
[2016.02.05-12.29.25:444][  0]LogInit: Compiled (64-bit): Jan  6 2016 17:36:42
[2016.02.05-12.29.25:444][  0]LogInit: Compiled with Visual C++: 19.00.23026.00
[2016.02.05-12.29.25:444][  0]LogInit: Build Configuration: Development
[2016.02.05-12.29.25:444][  0]LogInit: Branch Name: ++depot+UE4-Releases+4.10
[2016.02.05-12.29.25:444][  0]LogInit: Command line:  /Temp/Autosaves/Game/Levels/UEDPCLauncher -game -PIEVIACONSOLE -ResX=1280 -ResY=720  -Multiprocess 
[2016.02.05-12.29.25:444][  0]LogInit: Base directory: C:/Program Files (x86)/Epic Games/4.10/Engine/Binaries/Win64/
[2016.02.05-12.29.25:444][  0]LogInit: Rocket: 1
[2016.02.05-12.29.25:456][  0]LogInit: Using libcurl 7.41.0
[2016.02.05-12.29.25:456][  0]LogInit:  - built for x86_64-pc-win32
[2016.02.05-12.29.25:456][  0]LogInit:  - supports SSL with WinSSL
[2016.02.05-12.29.25:456][  0]LogInit:  - other features:
[2016.02.05-12.29.25:456][  0]LogInit:      CURL_VERSION_SSL
[2016.02.05-12.29.25:456][  0]LogInit:      CURL_VERSION_IPV6
[2016.02.05-12.29.25:456][  0]LogInit:      CURL_VERSION_ASYNCHDNS
[2016.02.05-12.29.25:456][  0]LogInit:      CURL_VERSION_LARGEFILE
[2016.02.05-12.29.25:456][  0]LogInit:      CURL_VERSION_IDN
[2016.02.05-12.29.25:456][  0]LogInit:  CurlRequestOptions (configurable via config and command line):
[2016.02.05-12.29.25:456][  0]LogInit:  - bVerifyPeer = true  - Libcurl will verify peer certificate
[2016.02.05-12.29.25:456][  0]LogInit:  - bUseHttpProxy = false  - Libcurl will NOT use HTTP proxy
[2016.02.05-12.29.25:456][  0]LogInit:  - bDontReuseConnections = false  - Libcurl will reuse connections
[2016.02.05-12.29.25:456][  0]LogInit:  - CertBundlePath = nullptr  - Libcurl will use whatever was configured at build time.
[2016.02.05-12.29.25:464][  0]LogInit: Presizing for 0 objects not considered by GC, pre-allocating 0 bytes.
[2016.02.05-12.29.25:473][  0]LogInit: Object subsystem initialized
[2016.02.05-12.29.25:474][  0]LogInit: Selected Device Profile: [Windows]
[2016.02.05-12.29.25:474][  0]LogInit: Applying CVar settings loaded from the selected device profile: [Windows]
[2016.02.05-12.29.25:476][  0]LogInit: Computer: ROBINBÆRBAR
[2016.02.05-12.29.25:476][  0]LogInit: User: Robin
[2016.02.05-12.29.25:476][  0]LogInit: CPU Page size=4096, Cores=4
[2016.02.05-12.29.25:476][  0]LogInit: High frequency timer resolution =2.435769 MHz
[2016.02.05-12.29.25:476][  0]LogMemory: Memory total: Physical=7.9GB (8GB approx)
[2016.02.05-12.29.25:476][  0]LogMemory: Platform Memory Stats for Windows
[2016.02.05-12.29.25:476][  0]LogMemory: Process Physical Memory: 55.75 MB used, 55.75 MB peak
[2016.02.05-12.29.25:476][  0]LogMemory: Process Virtual Memory: 54.85 MB used, 54.85 MB peak
[2016.02.05-12.29.25:476][  0]LogMemory: Physical Memory: 4964.45 MB used, 8074.92 MB total
[2016.02.05-12.29.25:476][  0]LogMemory: Virtual Memory: 381.73 MB used, 134217728.00 MB total
[2016.02.05-12.29.25:524][  0]LogTextLocalizationManager: No translations for ('da-DK') exist, falling back to 'en' for localization and internationalization data.
[2016.02.05-12.29.26:006][  0]LogD3D11RHI: Found D3D11 adapter 0: NVIDIA GeForce GTX 860M      (Feature Level 11_0)
[2016.02.05-12.29.26:006][  0]LogD3D11RHI: Adapter has 1995MB of dedicated video memory, 0MB of dedicated system memory, and 4037MB of shared system memory, 1 output[s]
[2016.02.05-12.29.26:012][  0]LogD3D11RHI: Found D3D11 adapter 1: Intel(R) HD Graphics 4600 (Feature Level 11_0)
[2016.02.05-12.29.26:012][  0]LogD3D11RHI: Adapter has 112MB of dedicated video memory, 0MB of dedicated system memory, and 4037MB of shared system memory, 0 output[s]
[2016.02.05-12.29.26:013][  0]LogD3D11RHI: Found D3D11 adapter 2: Microsoft Basic Render Driver (Feature Level 11_0)
[2016.02.05-12.29.26:013][  0]LogD3D11RHI: Adapter has 0MB of dedicated video memory, 0MB of dedicated system memory, and 4037MB of shared system memory, 0 output[s]
[2016.02.05-12.29.26:013][  0]LogD3D11RHI: Chosen D3D11 Adapter Id = 0
[2016.02.05-12.29.26:019][  0]LogD3D11RHI: !Direct3DDevice
[2016.02.05-12.29.26:019][  0]LogRHI: Texture pool is 1361 MB (70% of 1945 MB)
[2016.02.05-12.29.26:034][  0]LogD3D11RHI: Async texture creation enabled
[2016.02.05-12.29.26:045][  0]LogShaderCompilers: Guid format shader working directory is 20 characters bigger than the processId version (D:/Unreal Projects/TenFold/Intermediate/Shaders/WorkingDirectory/5396/).
[2016.02.05-12.29.26:045][  0]LogShaderCompilers: Cleaned the shader compiler working directory 'C:/Users/Robin/AppData/Local/Temp/UnrealShaderWorkingDir/F90678C743DCF80AAFD59EAA13B528A6/'.
[2016.02.05-12.29.26:045][  0]LogShaderCompilers:Display: Using Local Shader Compiler.
[2016.02.05-12.29.26:866][  0]LogTemp:Display: Loaded TP AllDesktopTargetPlatform
[2016.02.05-12.29.26:871][  0]LogTemp:Display: Loaded TP WindowsClientTargetPlatform
[2016.02.05-12.29.26:875][  0]LogTemp:Display: Loaded TP WindowsNoEditorTargetPlatform
[2016.02.05-12.29.26:880][  0]LogTemp:Display: Loaded TP WindowsServerTargetPlatform
[2016.02.05-12.29.26:885][  0]LogTemp:Display: Loaded TP WindowsTargetPlatform
[2016.02.05-12.29.26:887][  0]LogTemp:Display: Loaded TP AndroidTargetPlatform
[2016.02.05-12.29.26:890][  0]LogTemp:Display: Loaded TP Android_ASTCTargetPlatform
[2016.02.05-12.29.26:893][  0]LogTemp:Display: Loaded TP Android_ATCTargetPlatform
[2016.02.05-12.29.26:895][  0]LogTemp:Display: Loaded TP Android_DXTTargetPlatform
[2016.02.05-12.29.26:898][  0]LogTemp:Display: Loaded TP Android_ETC1TargetPlatform
[2016.02.05-12.29.26:901][  0]LogTemp:Display: Loaded TP Android_ETC2TargetPlatform
[2016.02.05-12.29.26:907][  0]LogTemp:Display: Loaded TP Android_MultiTargetPlatform
[2016.02.05-12.29.26:907][  0]LogTemp:Display: Loaded TP Android_PVRTCTargetPlatform
[2016.02.05-12.29.26:908][  0]LogTemp:Display: Loaded TP HTML5TargetPlatform
[2016.02.05-12.29.26:924][  0]LogTemp:Display: Loaded TP IOSTargetPlatform
[2016.02.05-12.29.26:927][  0]LogTemp:Display: Loaded TP LinuxNoEditorTargetPlatform
[2016.02.05-12.29.26:930][  0]LogTemp:Display: Loaded TP LinuxServerTargetPlatform
[2016.02.05-12.29.26:932][  0]LogTemp:Display: Loaded TP LinuxTargetPlatform
[2016.02.05-12.29.26:932][  0]LogTargetPlatformManager:Display: Building Assets For Windows
[2016.02.05-12.29.27:019][  0]LogDerivedDataCache:Display: Max Cache Size: 512 MB
[2016.02.05-12.29.27:051][  0]LogDerivedDataCache: Loaded boot cache 0.03s 45MB C:/Users/Robin/AppData/Local/UnrealEngine/4.10/DerivedDataCache/Boot.ddc.
[2016.02.05-12.29.27:051][  0]LogDerivedDataCache:Display: Loaded Boot cache: C:/Users/Robin/AppData/Local/UnrealEngine/4.10/DerivedDataCache/Boot.ddc
[2016.02.05-12.29.27:051][  0]LogDerivedDataCache: FDerivedDataBackendGraph:  Pak pak cache file D:/Unreal Projects/TenFold/DerivedDataCache/DDC.ddp not found, will not use a pak cache.
[2016.02.05-12.29.27:051][  0]LogDerivedDataCache: Unable to find inner node Pak for hierarchical cache Hierarchy.
[2016.02.05-12.29.27:051][  0]LogDerivedDataCache: FDerivedDataBackendGraph:  CompressedPak pak cache file D:/Unreal Projects/TenFold/DerivedDataCache/Compressed.ddp not found, will not use a pak cache.
[2016.02.05-12.29.27:051][  0]LogDerivedDataCache: Unable to find inner node CompressedPak for hierarchical cache Hierarchy.
[2016.02.05-12.29.27:112][  0]LogDerivedDataCache:Display: Pak cache opened for reading ../../../Engine/DerivedDataCache/Compressed.ddp.
[2016.02.05-12.29.27:124][  0]LogDerivedDataCache: Using Local data cache path C:/Users/Robin/AppData/Local/UnrealEngine/Common/DerivedDataCache: Writable
[2016.02.05-12.29.27:284][  0]LogInit: Selected Device Profile: [Windows]
[2016.02.05-12.29.27:288][  0]LogContentStreaming: Texture pool size is 1000.000000MB
[2016.02.05-12.29.27:387][  0]LogMeshUtilities: No automatic mesh reduction module available
[2016.02.05-12.29.27:387][  0]LogMeshUtilities: No automatic mesh merging module available
[2016.02.05-12.29.27:660][  0]LogInit: WinSock: version 1.1 (2.2), MaxSocks=32767, MaxUdp=65467
[2016.02.05-12.29.27:839][  0]LogWindowsMoviePlayer: Unable to load movie: D:/Unreal Projects/TenFold/Content/Movies/Default_Startup.mp4
[2016.02.05-12.29.27:951][  0]SourceControl: Info Source control is disabled
[2016.02.05-12.29.27:951][  0]SourceControl: Info Source control is disabled
[2016.02.05-12.29.27:967][  0]SourceControl: Info Source control is disabled
[2016.02.05-12.29.28:202][  0]LogObj: 27935 objects as part of root set at end of initial load.
[2016.02.05-12.29.28:202][  0]LogUObjectAllocator: 5830064 out of 0 bytes used by permanent object pool.
[2016.02.05-12.29.28:257][  0]LogEngine: Initializing Engine...
[2016.02.05-12.29.28:258][  0]OCULUS: Info: 02/05/16 12:29:28: [CAPI] LibOVR module is located at C:\WINDOWS\SYSTEM32\LibOVRRT64_0_8.dll

[2016.02.05-12.29.28:259][  0]LogHMD: SteamVR failed to initialize.  Err: 110
[2016.02.05-12.29.28:403][  0]LogInit: XAudio2 using 'Højttalere (Realtek High Definition Audio)' : 2 channels at 48 kHz using 32 bits per sample (channel mask 0x3)
[2016.02.05-12.29.28:415][  0]LogInit: FAudioDevice initialized.
[2016.02.05-12.29.28:420][  0]LogInit: Texture streaming: Enabled
[2016.02.05-12.29.28:487][  0]LogNet: Browse: /Temp/Autosaves/Game/Levels/UEDPCLauncher?Name=Player
[2016.02.05-12.29.28:488][  0]LogLoad: LoadMap: /Temp/Autosaves/Game/Levels/UEDPCLauncher?Name=Player
[2016.02.05-12.29.28:500][  0]LogParticles: Destroying 0 GPU particle simulations for FXSystem 0x0000024041905D00
[2016.02.05-12.29.28:509][  0]LogMemory: Platform Memory Stats for Windows
[2016.02.05-12.29.28:509][  0]LogMemory: Process Physical Memory: 398.84 MB used, 398.84 MB peak
[2016.02.05-12.29.28:509][  0]LogMemory: Process Virtual Memory: 451.70 MB used, 451.70 MB peak
[2016.02.05-12.29.28:509][  0]LogMemory: Physical Memory: 5269.96 MB used, 8074.92 MB total
[2016.02.05-12.29.28:509][  0]LogMemory: Virtual Memory: 1002.27 MB used, 134217728.00 MB total
[2016.02.05-12.29.28:509][  0]LogMemory: 
[2016.02.05-12.29.28:509][  0]Allocator Stats for TBB: (not implemented)
[2016.02.05-12.29.28:730][  0]LogAIModule: Creating AISystem for world Launcher
[2016.02.05-12.29.28:731][  0]LogWorld: Game class is 'MenuGameMode_C'
[2016.02.05-12.29.28:733][  0]LogWorld: Bringing World /Temp/Autosaves/Game/Levels/UEDPCLauncher.Launcher up for play (max tick rate 0) at 2016.02.05-13.29.28
[2016.02.05-12.29.28:733][  0]LogWorld: Bringing up level for play took: 0.001307
[2016.02.05-12.29.28:736][  0]LogInit:Display: Game Engine Initialized.
[2016.02.05-12.29.28:970][  0]LogLoad: Full Startup: 3.87 seconds (BP compile: 0.06 seconds)
[2016.02.05-12.29.28:989][  0]LogWindowsTextInputMethodSystem:Display: IME system now deactivated.
[2016.02.05-12.29.28:989][  0]LogOcInput: OculusInput is initialized. Init status -3003. Runtime version: (Unable to load LibOVR)
[2016.02.05-12.29.29:096][  2]LogRenderer: Reallocating scene render targets to support 1280x720 (Frame:2).
[2016.02.05-12.29.31:365][141]LogBlueprintUserMessages: [Login_C_0] Successful
[2016.02.05-12.29.31:365][141]LogScript:Warning: Accessed None 'K2Node_CustomEvent_Target'
	MenuHUD_C /Temp/Autosaves/Game/Levels/UEDPCLauncher.Launcher:PersistentLevel.MenuHUD_C_0
	Function /Game/HUDs/MenuHUD.MenuHUD_C:ExecuteUbergraph_MenuHUD:009D
[2016.02.05-12.29.32:813][224]LogWindowsTextInputMethodSystem:Display: IME system now deactivated.
[2016.02.05-12.29.32:816][224]LogEngine: All Windows Closed
[2016.02.05-12.29.32:816][224]LogWindows: FPlatformMisc::RequestExit(0)
[2016.02.05-12.29.33:265][225]LogExit: Preparing to exit.
[2016.02.05-12.29.33:350][225]LogExit: Game engine shut down
[2016.02.05-12.29.33:350][225]LogParticles: Destroying 0 GPU particle simulations for FXSystem 0x0000024041E3A2A0
[2016.02.05-12.29.33:475][225]LogExit: Object subsystem successfully closed.
[2016.02.05-12.29.33:490][225]LogD3D11RHI: Shutdown
[2016.02.05-12.29.33:490][225]LogD3D11RHI: CleanupD3DDevice
[2016.02.05-12.29.33:522][225]LogD3D11RHI: ~FD3D11DynamicRHI
[2016.02.05-12.29.33:531][225]LogModuleManager: Shutting down and abandoning module AutomationController (116)
[2016.02.05-12.29.33:531][225]LogModuleManager: Shutting down and abandoning module AutomationWorker (115)
[2016.02.05-12.29.33:531][225]LogModuleManager: Shutting down and abandoning module CharacterAI (114)
[2016.02.05-12.29.33:531][225]LogModuleManager: Shutting down and abandoning module AITestSuite (113)
[2016.02.05-12.29.33:531][225]LogModuleManager: Shutting down and abandoning module GameplayDebugger (112)
[2016.02.05-12.29.33:531][225]LogModuleManager: Shutting down and abandoning module AIModule (111)
[2016.02.05-12.29.33:531][225]LogModuleManager: Shutting down and abandoning module MovieSceneCapture (110)
[2016.02.05-12.29.33:531][225]LogModuleManager: Shutting down and abandoning module GameLiveStreaming (109)
[2016.02.05-12.29.33:531][225]LogModuleManager: Shutting down and abandoning module StreamingPauseRendering (108)
[2016.02.05-12.29.33:531][225]LogModuleManager: Shutting down and abandoning module ProfilerService (107)
[2016.02.05-12.29.33:719][225]LogModuleManager: Shutting down and abandoning module TaskGraph (106)
[2016.02.05-12.29.33:719][225]LogModuleManager: Shutting down and abandoning module SlateRemote (105)
[2016.02.05-12.29.33:719][225]LogModuleManager: Shutting down and abandoning module SteamVRController (104)
[2016.02.05-12.29.33:719][225]LogModuleManager: Shutting down and abandoning module SteamVR (103)
[2016.02.05-12.29.33:719][225]LogModuleManager: Shutting down and abandoning module ProceduralMeshComponent (102)
[2016.02.05-12.29.33:719][225]LogModuleManager: Shutting down and abandoning module OculusLibrary (101)
[2016.02.05-12.29.33:719][225]LogModuleManager: Shutting down and abandoning module OculusInput (100)
[2016.02.05-12.29.33:719][225]LogModuleManager: Shutting down and abandoning module LeapMotionController (99)
[2016.02.05-12.29.33:737][225]LogModuleManager: Shutting down and abandoning module CustomMeshComponent (98)
[2016.02.05-12.29.33:737][225]LogModuleManager: Shutting down and abandoning module CableComponent (97)
[2016.02.05-12.29.33:737][225]LogModuleManager: Shutting down and abandoning module ArchVisCharacter (96)
[2016.02.05-12.29.33:737][225]LogModuleManager: Shutting down and abandoning module HTML5Networking (95)
[2016.02.05-12.29.33:737][225]LogModuleManager: Shutting down and abandoning module DesktopPlatform (94)
[2016.02.05-12.29.33:737][225]LogModuleManager: Shutting down and abandoning module DirectoryWatcher (93)
[2016.02.05-12.29.33:738][225]LogModuleManager: Shutting down and abandoning module HotReload (92)
[2016.02.05-12.29.33:738][225]LogModuleManager: Shutting down and abandoning module VisualStudioSourceCodeAccess (91)
[2016.02.05-12.29.33:738][225]LogModuleManager: Shutting down and abandoning module UObjectPlugin (90)
[2016.02.05-12.29.33:738][225]LogModuleManager: Shutting down and abandoning module SubversionSourceControl (89)
[2016.02.05-12.29.33:738][225]LogModuleManager: Shutting down and abandoning module SourceControl (88)
[2016.02.05-12.29.33:738][225]LogModuleManager: Shutting down and abandoning module PerforceSourceControl (87)
[2016.02.05-12.29.33:738][225]LogModuleManager: Shutting down and abandoning module UdpMessaging (86)
[2016.02.05-12.29.33:738][225]LogModuleManager: Shutting down and abandoning module LightPropagationVolumeRuntime (85)
[2016.02.05-12.29.33:738][225]LogModuleManager: Shutting down and abandoning module Paper2D (84)
[2016.02.05-12.29.33:738][225]LogModuleManager: Shutting down and abandoning module WindowsMoviePlayer (83)
[2016.02.05-12.29.33:740][225]LogModuleManager: Shutting down and abandoning module Media (82)
[2016.02.05-12.29.33:740][225]LogModuleManager: Shutting down and abandoning module WmfMedia (81)
[2016.02.05-12.29.33:740][225]LogModuleManager: Shutting down and abandoning module OnlineBlueprintSupport (80)
[2016.02.05-12.29.33:740][225]LogModuleManager: Shutting down and abandoning module GameplayTasksEditor (79)
[2016.02.05-12.29.33:740][225]LogModuleManager: Shutting down and abandoning module PropertyEditor (78)
[2016.02.05-12.29.33:740][225]LogModuleManager: Shutting down and abandoning module BehaviorTreeEditor (77)
[2016.02.05-12.29.33:740][225]LogModuleManager: Shutting down and abandoning module FunctionalTesting (76)
[2016.02.05-12.29.33:740][225]LogModuleManager: Shutting down and abandoning module CollisionAnalyzer (75)
[2016.02.05-12.29.33:740][225]LogModuleManager: Shutting down and abandoning module WorkspaceMenuStructure (74)
[2016.02.05-12.29.33:741][225]LogModuleManager: Shutting down and abandoning module MessageLog (73)
[2016.02.05-12.29.33:741][225]LogModuleManager: Shutting down and abandoning module Sequencer (72)
[2016.02.05-12.29.33:741][225]LogModuleManager: Shutting down and abandoning module AssetTools (71)
[2016.02.05-12.29.33:741][225]LogModuleManager: Shutting down and abandoning module UMGEditor (70)
[2016.02.05-12.29.33:741][225]LogModuleManager: Shutting down and abandoning module UMG (69)
[2016.02.05-12.29.33:741][225]LogModuleManager: Shutting down and abandoning module Slate (68)
[2016.02.05-12.29.33:741][225]LogModuleManager: Shutting down and abandoning module EditorStyle (67)
[2016.02.05-12.29.33:743][225]LogModuleManager: Shutting down and abandoning module SessionServices (66)
[2016.02.05-12.29.33:743][225]LogModuleManager: Shutting down and abandoning module SourceCodeAccess (65)
[2016.02.05-12.29.33:743][225]LogModuleManager: Shutting down and abandoning module HeadMountedDisplay (64)
[2016.02.05-12.29.33:743][225]LogModuleManager: Shutting down and abandoning module XAudio2 (63)
[2016.02.05-12.29.33:743][225]LogModuleManager: Shutting down and abandoning module Networking (61)
[2016.02.05-12.29.33:743][225]LogModuleManager: Shutting down and abandoning module Core (60)
[2016.02.05-12.29.33:743][225]LogModuleManager: Shutting down and abandoning module KismetCompiler (59)
[2016.02.05-12.29.33:743][225]LogModuleManager: Shutting down and abandoning module PhysXFormats (58)
[2016.02.05-12.29.33:743][225]LogModuleManager: Shutting down and abandoning module MeshUtilities (57)
[2016.02.05-12.29.33:743][225]LogModuleManager: Shutting down and abandoning module DerivedDataCache (56)
[2016.02.05-12.29.34:119][225]LogDerivedDataCache: Shutdown
[2016.02.05-12.29.34:119][225]LogModuleManager: Shutting down and abandoning module ShaderFormatOpenGL (55)
[2016.02.05-12.29.34:119][225]LogModuleManager: Shutting down and abandoning module ShaderFormatD3D (54)
[2016.02.05-12.29.34:119][225]LogModuleManager: Shutting down and abandoning module MetalShaderFormat (53)
[2016.02.05-12.29.34:119][225]LogModuleManager: Shutting down and abandoning module TextureFormatUncompressed (52)
[2016.02.05-12.29.34:119][225]LogModuleManager: Shutting down and abandoning module TextureFormatPVR (51)
[2016.02.05-12.29.34:119][225]LogModuleManager: Shutting down and abandoning module TextureFormatIntelISPCTexComp (50)
[2016.02.05-12.29.34:119][225]LogModuleManager: Shutting down and abandoning module TextureFormatDXT (49)
[2016.02.05-12.29.34:119][225]LogModuleManager: Shutting down and abandoning module ImageWrapper (48)
[2016.02.05-12.29.34:119][225]LogModuleManager: Shutting down and abandoning module TextureFormatASTC (47)
[2016.02.05-12.29.34:119][225]LogModuleManager: Shutting down and abandoning module TextureFormatAndroid (46)
[2016.02.05-12.29.34:119][225]LogModuleManager: Shutting down and abandoning module AudioFormatOpus (45)
[2016.02.05-12.29.34:119][225]LogModuleManager: Shutting down and abandoning module AudioFormatOgg (44)
[2016.02.05-12.29.34:119][225]LogModuleManager: Shutting down and abandoning module AudioFormatADPCM (43)
[2016.02.05-12.29.34:119][225]LogModuleManager: Shutting down and abandoning module LinuxTargetPlatform (42)
[2016.02.05-12.29.34:119][225]LogModuleManager: Shutting down and abandoning module LinuxServerTargetPlatform (41)
[2016.02.05-12.29.34:119][225]LogModuleManager: Shutting down and abandoning module LinuxNoEditorTargetPlatform (40)
[2016.02.05-12.29.34:119][225]LogModuleManager: Shutting down and abandoning module Messaging (39)
[2016.02.05-12.29.34:119][225]LogModuleManager: Shutting down and abandoning module IOSTargetPlatform (38)
[2016.02.05-12.29.34:119][225]LogModuleManager: Shutting down and abandoning module HTML5TargetPlatform (37)
[2016.02.05-12.29.34:119][225]LogModuleManager: Shutting down and abandoning module Android_PVRTCTargetPlatform (36)
[2016.02.05-12.29.34:119][225]LogModuleManager: Shutting down and abandoning module Android_MultiTargetPlatform (35)
[2016.02.05-12.29.34:119][225]LogModuleManager: Shutting down and abandoning module Android_ETC2TargetPlatform (34)
[2016.02.05-12.29.34:119][225]LogModuleManager: Shutting down and abandoning module Android_ETC1TargetPlatform (33)
[2016.02.05-12.29.34:119][225]LogModuleManager: Shutting down and abandoning module Android_DXTTargetPlatform (32)
[2016.02.05-12.29.34:119][225]LogModuleManager: Shutting down and abandoning module Android_ATCTargetPlatform (31)
[2016.02.05-12.29.34:119][225]LogModuleManager: Shutting down and abandoning module Android_ASTCTargetPlatform (30)
[2016.02.05-12.29.34:119][225]LogModuleManager: Shutting down and abandoning module AndroidTargetPlatform (29)
[2016.02.05-12.29.34:119][225]LogModuleManager: Shutting down and abandoning module WindowsTargetPlatform (28)
[2016.02.05-12.29.34:119][225]LogModuleManager: Shutting down and abandoning module WindowsServerTargetPlatform (27)
[2016.02.05-12.29.34:119][225]LogModuleManager: Shutting down and abandoning module WindowsNoEditorTargetPlatform (26)
[2016.02.05-12.29.34:119][225]LogModuleManager: Shutting down and abandoning module WindowsClientTargetPlatform (25)
[2016.02.05-12.29.34:119][225]LogModuleManager: Shutting down and abandoning module AllDesktopTargetPlatform (24)
[2016.02.05-12.29.34:119][225]LogModuleManager: Shutting down and abandoning module TargetPlatform (23)
[2016.02.05-12.29.34:119][225]LogModuleManager: Shutting down and abandoning module InputCore (22)
[2016.02.05-12.29.34:119][225]LogModuleManager: Shutting down and abandoning module Settings (21)
[2016.02.05-12.29.34:119][225]LogModuleManager: Shutting down and abandoning module OnlineSubsystem (19)
[2016.02.05-12.29.34:119][225]LogModuleManager: Shutting down and abandoning module HTTP (18)
[2016.02.05-12.29.34:119][225]LogModuleManager: Shutting down and abandoning module XMPP (17)
[2016.02.05-12.29.34:119][225]LogModuleManager: Shutting down and abandoning module OculusRift (16)
[2016.02.05-12.29.34:119][225]LogModuleManager: Shutting down and abandoning module ExampleDeviceProfileSelector (15)
[2016.02.05-12.29.34:119][225]LogModuleManager: Shutting down and abandoning module TextureCompressor (14)
[2016.02.05-12.29.34:119][225]LogModuleManager: Shutting down and abandoning module ShaderCore (13)
[2016.02.05-12.29.34:119][225]LogModuleManager: Shutting down and abandoning module Landscape (12)
[2016.02.05-12.29.34:119][225]LogModuleManager: Shutting down and abandoning module SlateRHIRenderer (11)
[2016.02.05-12.29.34:120][225]LogModuleManager: Shutting down and abandoning module OpenGLDrv (10)
[2016.02.05-12.29.34:120][225]LogModuleManager: Shutting down and abandoning module D3D11RHI (9)
[2016.02.05-12.29.34:120][225]LogModuleManager: Shutting down and abandoning module AnimGraphRuntime (8)
[2016.02.05-12.29.34:120][225]LogModuleManager: Shutting down and abandoning module Renderer (7)
[2016.02.05-12.29.34:120][225]LogModuleManager: Shutting down and abandoning module Engine (6)
[2016.02.05-12.29.34:120][225]LogModuleManager: Shutting down and abandoning module CoreUObject (5)
[2016.02.05-12.29.34:120][225]LogModuleManager: Shutting down and abandoning module NetworkFile (4)
[2016.02.05-12.29.34:120][225]LogModuleManager: Shutting down and abandoning module StreamingFile (3)
[2016.02.05-12.29.34:120][225]LogModuleManager: Shutting down and abandoning module SandboxFile (2)
[2016.02.05-12.29.34:120][225]LogModuleManager: Shutting down and abandoning module PakFile (1)
[2016.02.05-12.29.34:121][225]LogExit: Exiting.
[2016.02.05-12.29.34:122][225]Log file closed, 02/05/16 13:29:34
