[2016.02.13-17.50.15:987][  0]Log file open, 02/13/16 18:50:15
[2016.02.13-17.50.15:987][  0]LogInit:Display: Running engine for game: TenFold
[2016.02.13-17.50.15:987][  0]LogPlatformFile: Not using cached read wrapper
[2016.02.13-17.50.15:987][  0]LogInit:Display: RandInit(-1394127362) SRandInit(-1394127353).
[2016.02.13-17.50.15:987][  0]LogTaskGraph: Started task graph with 4 named threads and 7 total threads.
[2016.02.13-17.50.15:987][  0]LogStats: Stats thread started at 0.134850
[2016.02.13-17.50.15:987][  0]LogInit: Version: 4.10.2-2818068+++depot+UE4-Releases+4.10
[2016.02.13-17.50.15:987][  0]LogInit: API Version: 2758231
[2016.02.13-17.50.15:987][  0]LogInit: Compiled (64-bit): Jan  6 2016 17:36:42
[2016.02.13-17.50.15:987][  0]LogInit: Compiled with Visual C++: 19.00.23026.00
[2016.02.13-17.50.15:987][  0]LogInit: Build Configuration: Development
[2016.02.13-17.50.15:987][  0]LogInit: Branch Name: ++depot+UE4-Releases+4.10
[2016.02.13-17.50.15:987][  0]LogInit: Command line:  /Temp/Autosaves/Game/Levels/UEDPCLauncher -game -PIEVIACONSOLE -ResX=1280 -ResY=720  -Multiprocess 
[2016.02.13-17.50.15:987][  0]LogInit: Base directory: C:/Program Files (x86)/Epic Games/4.10/Engine/Binaries/Win64/
[2016.02.13-17.50.15:987][  0]LogInit: Rocket: 1
[2016.02.13-17.50.16:013][  0]LogInit: Using libcurl 7.41.0
[2016.02.13-17.50.16:013][  0]LogInit:  - built for x86_64-pc-win32
[2016.02.13-17.50.16:013][  0]LogInit:  - supports SSL with WinSSL
[2016.02.13-17.50.16:013][  0]LogInit:  - other features:
[2016.02.13-17.50.16:013][  0]LogInit:      CURL_VERSION_SSL
[2016.02.13-17.50.16:013][  0]LogInit:      CURL_VERSION_IPV6
[2016.02.13-17.50.16:013][  0]LogInit:      CURL_VERSION_ASYNCHDNS
[2016.02.13-17.50.16:013][  0]LogInit:      CURL_VERSION_LARGEFILE
[2016.02.13-17.50.16:013][  0]LogInit:      CURL_VERSION_IDN
[2016.02.13-17.50.16:013][  0]LogInit:  CurlRequestOptions (configurable via config and command line):
[2016.02.13-17.50.16:013][  0]LogInit:  - bVerifyPeer = true  - Libcurl will verify peer certificate
[2016.02.13-17.50.16:013][  0]LogInit:  - bUseHttpProxy = false  - Libcurl will NOT use HTTP proxy
[2016.02.13-17.50.16:013][  0]LogInit:  - bDontReuseConnections = false  - Libcurl will reuse connections
[2016.02.13-17.50.16:013][  0]LogInit:  - CertBundlePath = nullptr  - Libcurl will use whatever was configured at build time.
[2016.02.13-17.50.16:029][  0]LogInit: Presizing for 0 objects not considered by GC, pre-allocating 0 bytes.
[2016.02.13-17.50.16:037][  0]LogInit: Object subsystem initialized
[2016.02.13-17.50.16:038][  0]LogInit: Selected Device Profile: [Windows]
[2016.02.13-17.50.16:038][  0]LogInit: Applying CVar settings loaded from the selected device profile: [Windows]
[2016.02.13-17.50.16:041][  0]LogInit: Computer: ROBINBÆRBAR
[2016.02.13-17.50.16:041][  0]LogInit: User: Robin
[2016.02.13-17.50.16:041][  0]LogInit: CPU Page size=4096, Cores=4
[2016.02.13-17.50.16:041][  0]LogInit: High frequency timer resolution =2.435772 MHz
[2016.02.13-17.50.16:041][  0]LogMemory: Memory total: Physical=7.9GB (8GB approx)
[2016.02.13-17.50.16:041][  0]LogMemory: Platform Memory Stats for Windows
[2016.02.13-17.50.16:041][  0]LogMemory: Process Physical Memory: 55.90 MB used, 55.90 MB peak
[2016.02.13-17.50.16:041][  0]LogMemory: Process Virtual Memory: 54.97 MB used, 54.97 MB peak
[2016.02.13-17.50.16:041][  0]LogMemory: Physical Memory: 4118.66 MB used, 8074.92 MB total
[2016.02.13-17.50.16:041][  0]LogMemory: Virtual Memory: 381.81 MB used, 134217728.00 MB total
[2016.02.13-17.50.16:094][  0]LogTextLocalizationManager: No translations for ('da-DK') exist, falling back to 'en' for localization and internationalization data.
[2016.02.13-17.50.16:954][  0]LogD3D11RHI: Found D3D11 adapter 0: NVIDIA GeForce GTX 860M      (Feature Level 11_0)
[2016.02.13-17.50.16:954][  0]LogD3D11RHI: Adapter has 1995MB of dedicated video memory, 0MB of dedicated system memory, and 4037MB of shared system memory, 2 output[s]
[2016.02.13-17.50.16:962][  0]LogD3D11RHI: Found D3D11 adapter 1: Intel(R) HD Graphics 4600 (Feature Level 11_0)
[2016.02.13-17.50.16:962][  0]LogD3D11RHI: Adapter has 112MB of dedicated video memory, 0MB of dedicated system memory, and 4037MB of shared system memory, 0 output[s]
[2016.02.13-17.50.16:964][  0]LogD3D11RHI: Found D3D11 adapter 2: Microsoft Basic Render Driver (Feature Level 11_0)
[2016.02.13-17.50.16:964][  0]LogD3D11RHI: Adapter has 0MB of dedicated video memory, 0MB of dedicated system memory, and 4037MB of shared system memory, 0 output[s]
[2016.02.13-17.50.16:964][  0]LogD3D11RHI: Chosen D3D11 Adapter Id = 0
[2016.02.13-17.50.16:971][  0]LogD3D11RHI: !Direct3DDevice
[2016.02.13-17.50.16:971][  0]LogRHI: Texture pool is 1361 MB (70% of 1945 MB)
[2016.02.13-17.50.16:997][  0]LogD3D11RHI: Async texture creation enabled
[2016.02.13-17.50.17:010][  0]LogShaderCompilers: Guid format shader working directory is 21 characters bigger than the processId version (D:/Github/TenFold/TenFold/Intermediate/Shaders/WorkingDirectory/1632/).
[2016.02.13-17.50.17:011][  0]LogShaderCompilers: Cleaned the shader compiler working directory 'C:/Users/Robin/AppData/Local/Temp/UnrealShaderWorkingDir/87BA39E648A8807F541B5189BD73ED73/'.
[2016.02.13-17.50.17:011][  0]LogShaderCompilers:Display: Using Local Shader Compiler.
[2016.02.13-17.50.17:960][  0]LogTemp:Display: Loaded TP AllDesktopTargetPlatform
[2016.02.13-17.50.17:966][  0]LogTemp:Display: Loaded TP WindowsClientTargetPlatform
[2016.02.13-17.50.17:971][  0]LogTemp:Display: Loaded TP WindowsNoEditorTargetPlatform
[2016.02.13-17.50.17:977][  0]LogTemp:Display: Loaded TP WindowsServerTargetPlatform
[2016.02.13-17.50.17:983][  0]LogTemp:Display: Loaded TP WindowsTargetPlatform
[2016.02.13-17.50.17:986][  0]LogTemp:Display: Loaded TP AndroidTargetPlatform
[2016.02.13-17.50.17:989][  0]LogTemp:Display: Loaded TP Android_ASTCTargetPlatform
[2016.02.13-17.50.17:993][  0]LogTemp:Display: Loaded TP Android_ATCTargetPlatform
[2016.02.13-17.50.17:996][  0]LogTemp:Display: Loaded TP Android_DXTTargetPlatform
[2016.02.13-17.50.17:999][  0]LogTemp:Display: Loaded TP Android_ETC1TargetPlatform
[2016.02.13-17.50.18:002][  0]LogTemp:Display: Loaded TP Android_ETC2TargetPlatform
[2016.02.13-17.50.18:010][  0]LogTemp:Display: Loaded TP Android_MultiTargetPlatform
[2016.02.13-17.50.18:010][  0]LogTemp:Display: Loaded TP Android_PVRTCTargetPlatform
[2016.02.13-17.50.18:011][  0]LogTemp:Display: Loaded TP HTML5TargetPlatform
[2016.02.13-17.50.18:029][  0]LogTemp:Display: Loaded TP IOSTargetPlatform
[2016.02.13-17.50.18:032][  0]LogTemp:Display: Loaded TP LinuxNoEditorTargetPlatform
[2016.02.13-17.50.18:035][  0]LogTemp:Display: Loaded TP LinuxServerTargetPlatform
[2016.02.13-17.50.18:038][  0]LogTemp:Display: Loaded TP LinuxTargetPlatform
[2016.02.13-17.50.18:038][  0]LogTargetPlatformManager:Display: Building Assets For Windows
[2016.02.13-17.50.18:133][  0]LogDerivedDataCache:Display: Max Cache Size: 512 MB
[2016.02.13-17.50.18:202][  0]LogDerivedDataCache: Loaded boot cache 0.07s 41MB C:/Users/Robin/AppData/Local/UnrealEngine/4.10/DerivedDataCache/Boot.ddc.
[2016.02.13-17.50.18:202][  0]LogDerivedDataCache:Display: Loaded Boot cache: C:/Users/Robin/AppData/Local/UnrealEngine/4.10/DerivedDataCache/Boot.ddc
[2016.02.13-17.50.18:202][  0]LogDerivedDataCache: FDerivedDataBackendGraph:  Pak pak cache file D:/Github/TenFold/TenFold/DerivedDataCache/DDC.ddp not found, will not use a pak cache.
[2016.02.13-17.50.18:202][  0]LogDerivedDataCache: Unable to find inner node Pak for hierarchical cache Hierarchy.
[2016.02.13-17.50.18:202][  0]LogDerivedDataCache: FDerivedDataBackendGraph:  CompressedPak pak cache file D:/Github/TenFold/TenFold/DerivedDataCache/Compressed.ddp not found, will not use a pak cache.
[2016.02.13-17.50.18:202][  0]LogDerivedDataCache: Unable to find inner node CompressedPak for hierarchical cache Hierarchy.
[2016.02.13-17.50.18:327][  0]LogDerivedDataCache:Display: Pak cache opened for reading ../../../Engine/DerivedDataCache/Compressed.ddp.
[2016.02.13-17.50.18:339][  0]LogDerivedDataCache: Using Local data cache path C:/Users/Robin/AppData/Local/UnrealEngine/Common/DerivedDataCache: Writable
[2016.02.13-17.50.18:522][  0]LogInit: Selected Device Profile: [Windows]
[2016.02.13-17.50.18:526][  0]LogContentStreaming: Texture pool size is 1000.000000MB
[2016.02.13-17.50.18:660][  0]LogMeshUtilities: No automatic mesh reduction module available
[2016.02.13-17.50.18:660][  0]LogMeshUtilities: No automatic mesh merging module available
[2016.02.13-17.50.18:884][  0]LogInit: WinSock: version 1.1 (2.2), MaxSocks=32767, MaxUdp=65467
[2016.02.13-17.50.19:112][  0]LogWindowsMoviePlayer: Unable to load movie: D:/Github/TenFold/TenFold/Content/Movies/Default_Startup.mp4
[2016.02.13-17.50.19:259][  0]LogBluLoader: patched dll directory paths
[2016.02.13-17.50.19:259][  0]LogBluLoader: STATUS: BLUI Ready to Load!
[2016.02.13-17.50.19:316][  0]LogBlu:  STATUS: Loaded
[2016.02.13-17.50.19:372][  0]SourceControl: Info Source control is disabled
[2016.02.13-17.50.19:373][  0]SourceControl: Info Source control is disabled
[2016.02.13-17.50.19:389][  0]SourceControl: Info Source control is disabled
[2016.02.13-17.50.19:685][  0]LogObj: 28084 objects as part of root set at end of initial load.
[2016.02.13-17.50.19:685][  0]LogUObjectAllocator: 5855624 out of 0 bytes used by permanent object pool.
[2016.02.13-17.50.19:769][  0]LogEngine: Initializing Engine...
[2016.02.13-17.50.19:771][  0]OCULUS: Info: 02/13/16 17:50:19: [CAPI] LibOVR module is located at C:\WINDOWS\SYSTEM32\LibOVRRT64_0_8.dll

[2016.02.13-17.50.19:772][  0]LogHMD: SteamVR failed to initialize.  Err: 110
[2016.02.13-17.50.19:948][  0]LogInit: XAudio2 using 'Højttalere (Sound Blaster R3/A6U)' : 2 channels at 48 kHz using 24 bits per sample (channel mask 0x3)
[2016.02.13-17.50.19:962][  0]LogInit: FAudioDevice initialized.
[2016.02.13-17.50.19:970][  0]LogInit: Texture streaming: Enabled
[2016.02.13-17.50.20:072][  0]LogNet: Browse: /Temp/Autosaves/Game/Levels/UEDPCLauncher?Name=Player
[2016.02.13-17.50.20:072][  0]LogLoad: LoadMap: /Temp/Autosaves/Game/Levels/UEDPCLauncher?Name=Player
[2016.02.13-17.50.20:094][  0]LogParticles: Destroying 0 GPU particle simulations for FXSystem 0x000001B0A5D66AC0
[2016.02.13-17.50.20:108][  0]LogMemory: Platform Memory Stats for Windows
[2016.02.13-17.50.20:108][  0]LogMemory: Process Physical Memory: 407.96 MB used, 407.96 MB peak
[2016.02.13-17.50.20:109][  0]LogMemory: Process Virtual Memory: 452.03 MB used, 452.03 MB peak
[2016.02.13-17.50.20:109][  0]LogMemory: Physical Memory: 4414.70 MB used, 8074.92 MB total
[2016.02.13-17.50.20:109][  0]LogMemory: Virtual Memory: 1159.83 MB used, 134217728.00 MB total
[2016.02.13-17.50.20:109][  0]LogMemory: 
[2016.02.13-17.50.20:109][  0]Allocator Stats for TBB: (not implemented)
[2016.02.13-17.50.20:274][  0]LogBlueprint:Warning: [compiler ExampleHUD] Warning Event Reply  ReturnValue  should not be empty.  Return a reply such as Handled or Unhandled.
[2016.02.13-17.50.20:275][  0]LogBlueprint:Warning: [compiler ExampleHUD] Warning Event Reply  ReturnValue  should not be empty.  Return a reply such as Handled or Unhandled.
[2016.02.13-17.50.20:275][  0]LogBlueprint:Warning: [compiler ExampleHUD] Warning Event Reply  ReturnValue  should not be empty.  Return a reply such as Handled or Unhandled.
[2016.02.13-17.50.20:276][  0]LogBlueprint:Warning: [compiler ExampleHUD] Warning Event Reply  ReturnValue  should not be empty.  Return a reply such as Handled or Unhandled.
[2016.02.13-17.50.20:278][  0]LogBlueprint:Warning: [compiler ExampleHUD] Warning [0005.59] Compile of ExampleHUD successful, but with 4 Warning(s) [in 7 ms]
[2016.02.13-17.50.20:278][  0]LogBlueprint:Warning: [compiler ExampleHUD] Warning [0005.59] Compile of ExampleHUD successful, but with 5 Warning(s) [in 0 ms]
[2016.02.13-17.50.20:278][  0]LogBlueprint:Warning: [compiler ExampleHUD] Warning [0005.59] Compile of ExampleHUD successful, but with 6 Warning(s) [in 0 ms]
[2016.02.13-17.50.20:347][  0]LogBlueprint:Warning: [compiler ExampleHUD] Warning Event Reply  ReturnValue  should not be empty.  Return a reply such as Handled or Unhandled.
[2016.02.13-17.50.20:348][  0]LogBlueprint:Warning: [compiler ExampleHUD] Warning Event Reply  ReturnValue  should not be empty.  Return a reply such as Handled or Unhandled.
[2016.02.13-17.50.20:348][  0]LogBlueprint:Warning: [compiler ExampleHUD] Warning Event Reply  ReturnValue  should not be empty.  Return a reply such as Handled or Unhandled.
[2016.02.13-17.50.20:348][  0]LogBlueprint:Warning: [compiler ExampleHUD] Warning Event Reply  ReturnValue  should not be empty.  Return a reply such as Handled or Unhandled.
[2016.02.13-17.50.20:349][  0]LogBlueprint:Warning: [compiler ExampleHUD] Warning [0005.66] Compile of ExampleHUD successful, but with 4 Warning(s) [in 9 ms]
[2016.02.13-17.50.20:349][  0]LogBlueprint:Warning: [compiler ExampleHUD] Warning [0005.66] Compile of ExampleHUD successful, but with 5 Warning(s) [in 0 ms]
[2016.02.13-17.50.20:349][  0]LogBlueprint:Warning: [compiler ExampleHUD] Warning [0005.66] Compile of ExampleHUD successful, but with 6 Warning(s) [in 0 ms]
[2016.02.13-17.50.20:399][  0]LogAIModule: Creating AISystem for world Launcher
[2016.02.13-17.50.20:399][  0]LogWorld: Game class is 'MenuGameMode_C'
[2016.02.13-17.50.20:402][  0]LogWorld: Bringing World /Temp/Autosaves/Game/Levels/UEDPCLauncher.Launcher up for play (max tick rate 0) at 2016.02.13-18.50.20
[2016.02.13-17.50.20:402][  0]LogWorld: Bringing up level for play took: 0.001877
[2016.02.13-17.50.20:406][  0]LogBlu: Component Initialized
[2016.02.13-17.50.20:406][  0]LogBlu: Loading URL: blui://UI/home_screen.html
[2016.02.13-17.50.20:406][  0]LogBlu: Load Local File: file:///D:/Github/TenFold/TenFold/UI/home_screen.html
[2016.02.13-17.50.20:418][  0]LogInit:Display: Game Engine Initialized.
[2016.02.13-17.50.20:648][  0]LogLoad: Full Startup: 5.96 seconds (BP compile: 0.09 seconds)
[2016.02.13-17.50.20:666][  0]LogWindowsTextInputMethodSystem:Display: IME system now deactivated.
[2016.02.13-17.50.20:667][  0]LogOcInput: OculusInput is initialized. Init status -3003. Runtime version: (Unable to load LibOVR)
[2016.02.13-17.50.20:784][  2]LogRenderer: Reallocating scene render targets to support 1280x720 (Frame:2).
[2016.02.13-17.50.22:840][118]LogRenderer: Reallocating scene render targets to support 1920x1060 (Frame:121).
[2016.02.13-17.50.25:635][281]LogWindowsTextInputMethodSystem:Display: IME system now deactivated.
[2016.02.13-17.50.25:637][281]LogEngine: All Windows Closed
[2016.02.13-17.50.25:637][281]LogWindows: FPlatformMisc::RequestExit(0)
[2016.02.13-17.50.25:781][282]LogExit: Preparing to exit.
[2016.02.13-17.50.25:887][282]LogBlu:Warning: Browser Closing
[2016.02.13-17.50.25:912][282]LogExit: Game engine shut down
[2016.02.13-17.50.25:914][282]LogParticles: Destroying 0 GPU particle simulations for FXSystem 0x000001B0A5CFDEE0
[2016.02.13-17.50.26:154][282]LogExit: Object subsystem successfully closed.
[2016.02.13-17.50.26:178][282]LogD3D11RHI: Shutdown
[2016.02.13-17.50.26:178][282]LogD3D11RHI: CleanupD3DDevice
[2016.02.13-17.50.26:274][282]LogD3D11RHI: ~FD3D11DynamicRHI
[2016.02.13-17.50.26:288][282]LogModuleManager: Shutting down and abandoning module AndroidDeviceDetection (120)
[2016.02.13-17.50.26:665][282]LogModuleManager: Shutting down and abandoning module AutomationController (119)
[2016.02.13-17.50.26:665][282]LogModuleManager: Shutting down and abandoning module AutomationWorker (118)
[2016.02.13-17.50.26:665][282]LogModuleManager: Shutting down and abandoning module CharacterAI (117)
[2016.02.13-17.50.26:665][282]LogModuleManager: Shutting down and abandoning module AITestSuite (116)
[2016.02.13-17.50.26:665][282]LogModuleManager: Shutting down and abandoning module GameplayDebugger (115)
[2016.02.13-17.50.26:665][282]LogModuleManager: Shutting down and abandoning module AIModule (114)
[2016.02.13-17.50.26:665][282]LogModuleManager: Shutting down and abandoning module MovieSceneCapture (113)
[2016.02.13-17.50.26:665][282]LogModuleManager: Shutting down and abandoning module GameLiveStreaming (112)
[2016.02.13-17.50.26:665][282]LogModuleManager: Shutting down and abandoning module StreamingPauseRendering (111)
[2016.02.13-17.50.26:665][282]LogModuleManager: Shutting down and abandoning module ProfilerService (110)
[2016.02.13-17.50.26:706][282]LogModuleManager: Shutting down and abandoning module TaskGraph (109)
[2016.02.13-17.50.26:706][282]LogModuleManager: Shutting down and abandoning module SlateRemote (108)
[2016.02.13-17.50.26:706][282]LogModuleManager: Shutting down and abandoning module SteamVRController (107)
[2016.02.13-17.50.26:706][282]LogModuleManager: Shutting down and abandoning module SteamVR (106)
[2016.02.13-17.50.26:706][282]LogModuleManager: Shutting down and abandoning module ProceduralMeshComponent (105)
[2016.02.13-17.50.26:706][282]LogModuleManager: Shutting down and abandoning module OculusLibrary (104)
[2016.02.13-17.50.26:706][282]LogModuleManager: Shutting down and abandoning module OculusInput (103)
[2016.02.13-17.50.26:706][282]LogModuleManager: Shutting down and abandoning module LeapMotionController (102)
[2016.02.13-17.50.26:734][282]LogModuleManager: Shutting down and abandoning module CustomMeshComponent (101)
[2016.02.13-17.50.26:734][282]LogModuleManager: Shutting down and abandoning module CableComponent (100)
[2016.02.13-17.50.26:734][282]LogModuleManager: Shutting down and abandoning module ArchVisCharacter (99)
[2016.02.13-17.50.26:734][282]LogModuleManager: Shutting down and abandoning module HTML5Networking (98)
[2016.02.13-17.50.26:734][282]LogModuleManager: Shutting down and abandoning module DesktopPlatform (97)
[2016.02.13-17.50.26:734][282]LogModuleManager: Shutting down and abandoning module DirectoryWatcher (96)
[2016.02.13-17.50.26:734][282]LogModuleManager: Shutting down and abandoning module HotReload (95)
[2016.02.13-17.50.26:735][282]LogModuleManager: Shutting down and abandoning module VisualStudioSourceCodeAccess (94)
[2016.02.13-17.50.26:735][282]LogModuleManager: Shutting down and abandoning module UObjectPlugin (93)
[2016.02.13-17.50.26:735][282]LogModuleManager: Shutting down and abandoning module SubversionSourceControl (92)
[2016.02.13-17.50.26:735][282]LogModuleManager: Shutting down and abandoning module SourceControl (91)
[2016.02.13-17.50.26:735][282]LogModuleManager: Shutting down and abandoning module PerforceSourceControl (90)
[2016.02.13-17.50.26:735][282]LogModuleManager: Shutting down and abandoning module TenFold (89)
[2016.02.13-17.50.26:735][282]LogModuleManager: Shutting down and abandoning module Blu (88)
[2016.02.13-17.50.26:735][282]LogBlu:  STATUS: Shutdown
[2016.02.13-17.50.26:742][282]LogModuleManager: Shutting down and abandoning module BluLoader (87)
[2016.02.13-17.50.26:742][282]LogBluLoader: STATUS: BLUI Has Shutdown
[2016.02.13-17.50.26:742][282]LogModuleManager: Shutting down and abandoning module UdpMessaging (86)
[2016.02.13-17.50.26:742][282]LogModuleManager: Shutting down and abandoning module LightPropagationVolumeRuntime (85)
[2016.02.13-17.50.26:742][282]LogModuleManager: Shutting down and abandoning module Paper2D (84)
[2016.02.13-17.50.26:742][282]LogModuleManager: Shutting down and abandoning module WindowsMoviePlayer (83)
[2016.02.13-17.50.26:745][282]LogModuleManager: Shutting down and abandoning module Media (82)
[2016.02.13-17.50.26:745][282]LogModuleManager: Shutting down and abandoning module WmfMedia (81)
[2016.02.13-17.50.26:745][282]LogModuleManager: Shutting down and abandoning module OnlineBlueprintSupport (80)
[2016.02.13-17.50.26:745][282]LogModuleManager: Shutting down and abandoning module GameplayTasksEditor (79)
[2016.02.13-17.50.26:745][282]LogModuleManager: Shutting down and abandoning module PropertyEditor (78)
[2016.02.13-17.50.26:745][282]LogModuleManager: Shutting down and abandoning module BehaviorTreeEditor (77)
[2016.02.13-17.50.26:745][282]LogModuleManager: Shutting down and abandoning module FunctionalTesting (76)
[2016.02.13-17.50.26:745][282]LogModuleManager: Shutting down and abandoning module CollisionAnalyzer (75)
[2016.02.13-17.50.26:745][282]LogModuleManager: Shutting down and abandoning module WorkspaceMenuStructure (74)
[2016.02.13-17.50.26:745][282]LogModuleManager: Shutting down and abandoning module MessageLog (73)
[2016.02.13-17.50.26:745][282]LogModuleManager: Shutting down and abandoning module Sequencer (72)
[2016.02.13-17.50.26:745][282]LogModuleManager: Shutting down and abandoning module AssetTools (71)
[2016.02.13-17.50.26:745][282]LogModuleManager: Shutting down and abandoning module UMGEditor (70)
[2016.02.13-17.50.26:745][282]LogModuleManager: Shutting down and abandoning module UMG (69)
[2016.02.13-17.50.26:745][282]LogModuleManager: Shutting down and abandoning module Slate (68)
[2016.02.13-17.50.26:745][282]LogModuleManager: Shutting down and abandoning module EditorStyle (67)
[2016.02.13-17.50.26:748][282]LogModuleManager: Shutting down and abandoning module SessionServices (66)
[2016.02.13-17.50.26:748][282]LogModuleManager: Shutting down and abandoning module SourceCodeAccess (65)
[2016.02.13-17.50.26:748][282]LogModuleManager: Shutting down and abandoning module HeadMountedDisplay (64)
[2016.02.13-17.50.26:748][282]LogModuleManager: Shutting down and abandoning module XAudio2 (63)
[2016.02.13-17.50.26:748][282]LogModuleManager: Shutting down and abandoning module Networking (61)
[2016.02.13-17.50.26:748][282]LogModuleManager: Shutting down and abandoning module Core (60)
[2016.02.13-17.50.26:748][282]LogModuleManager: Shutting down and abandoning module KismetCompiler (59)
[2016.02.13-17.50.26:748][282]LogModuleManager: Shutting down and abandoning module PhysXFormats (58)
[2016.02.13-17.50.26:748][282]LogModuleManager: Shutting down and abandoning module MeshUtilities (57)
[2016.02.13-17.50.26:748][282]LogModuleManager: Shutting down and abandoning module DerivedDataCache (56)
[2016.02.13-17.50.26:836][282]LogDerivedDataCache: Shutdown
[2016.02.13-17.50.26:836][282]LogModuleManager: Shutting down and abandoning module ShaderFormatOpenGL (55)
[2016.02.13-17.50.26:836][282]LogModuleManager: Shutting down and abandoning module ShaderFormatD3D (54)
[2016.02.13-17.50.26:836][282]LogModuleManager: Shutting down and abandoning module MetalShaderFormat (53)
[2016.02.13-17.50.26:836][282]LogModuleManager: Shutting down and abandoning module TextureFormatUncompressed (52)
[2016.02.13-17.50.26:836][282]LogModuleManager: Shutting down and abandoning module TextureFormatPVR (51)
[2016.02.13-17.50.26:836][282]LogModuleManager: Shutting down and abandoning module TextureFormatIntelISPCTexComp (50)
[2016.02.13-17.50.26:836][282]LogModuleManager: Shutting down and abandoning module TextureFormatDXT (49)
[2016.02.13-17.50.26:836][282]LogModuleManager: Shutting down and abandoning module ImageWrapper (48)
[2016.02.13-17.50.26:836][282]LogModuleManager: Shutting down and abandoning module TextureFormatASTC (47)
[2016.02.13-17.50.26:836][282]LogModuleManager: Shutting down and abandoning module TextureFormatAndroid (46)
[2016.02.13-17.50.26:836][282]LogModuleManager: Shutting down and abandoning module AudioFormatOpus (45)
[2016.02.13-17.50.26:836][282]LogModuleManager: Shutting down and abandoning module AudioFormatOgg (44)
[2016.02.13-17.50.26:836][282]LogModuleManager: Shutting down and abandoning module AudioFormatADPCM (43)
[2016.02.13-17.50.26:836][282]LogModuleManager: Shutting down and abandoning module LinuxTargetPlatform (42)
[2016.02.13-17.50.26:836][282]LogModuleManager: Shutting down and abandoning module LinuxServerTargetPlatform (41)
[2016.02.13-17.50.26:836][282]LogModuleManager: Shutting down and abandoning module LinuxNoEditorTargetPlatform (40)
[2016.02.13-17.50.26:836][282]LogModuleManager: Shutting down and abandoning module Messaging (39)
[2016.02.13-17.50.26:836][282]LogModuleManager: Shutting down and abandoning module IOSTargetPlatform (38)
[2016.02.13-17.50.26:836][282]LogModuleManager: Shutting down and abandoning module HTML5TargetPlatform (37)
[2016.02.13-17.50.26:836][282]LogModuleManager: Shutting down and abandoning module Android_PVRTCTargetPlatform (36)
[2016.02.13-17.50.26:836][282]LogModuleManager: Shutting down and abandoning module Android_MultiTargetPlatform (35)
[2016.02.13-17.50.26:836][282]LogModuleManager: Shutting down and abandoning module Android_ETC2TargetPlatform (34)
[2016.02.13-17.50.26:836][282]LogModuleManager: Shutting down and abandoning module Android_ETC1TargetPlatform (33)
[2016.02.13-17.50.26:836][282]LogModuleManager: Shutting down and abandoning module Android_DXTTargetPlatform (32)
[2016.02.13-17.50.26:837][282]LogModuleManager: Shutting down and abandoning module Android_ATCTargetPlatform (31)
[2016.02.13-17.50.26:837][282]LogModuleManager: Shutting down and abandoning module Android_ASTCTargetPlatform (30)
[2016.02.13-17.50.26:837][282]LogModuleManager: Shutting down and abandoning module AndroidTargetPlatform (29)
[2016.02.13-17.50.26:837][282]LogModuleManager: Shutting down and abandoning module WindowsTargetPlatform (28)
[2016.02.13-17.50.26:837][282]LogModuleManager: Shutting down and abandoning module WindowsServerTargetPlatform (27)
[2016.02.13-17.50.26:837][282]LogModuleManager: Shutting down and abandoning module WindowsNoEditorTargetPlatform (26)
[2016.02.13-17.50.26:837][282]LogModuleManager: Shutting down and abandoning module WindowsClientTargetPlatform (25)
[2016.02.13-17.50.26:837][282]LogModuleManager: Shutting down and abandoning module AllDesktopTargetPlatform (24)
[2016.02.13-17.50.26:837][282]LogModuleManager: Shutting down and abandoning module TargetPlatform (23)
[2016.02.13-17.50.26:837][282]LogModuleManager: Shutting down and abandoning module InputCore (22)
[2016.02.13-17.50.26:837][282]LogModuleManager: Shutting down and abandoning module Settings (21)
[2016.02.13-17.50.26:837][282]LogModuleManager: Shutting down and abandoning module OnlineSubsystem (19)
[2016.02.13-17.50.26:837][282]LogModuleManager: Shutting down and abandoning module HTTP (18)
[2016.02.13-17.50.26:837][282]LogModuleManager: Shutting down and abandoning module XMPP (17)
[2016.02.13-17.50.26:837][282]LogModuleManager: Shutting down and abandoning module OculusRift (16)
[2016.02.13-17.50.26:837][282]LogModuleManager: Shutting down and abandoning module ExampleDeviceProfileSelector (15)
[2016.02.13-17.50.26:837][282]LogModuleManager: Shutting down and abandoning module TextureCompressor (14)
[2016.02.13-17.50.26:837][282]LogModuleManager: Shutting down and abandoning module ShaderCore (13)
[2016.02.13-17.50.26:837][282]LogModuleManager: Shutting down and abandoning module Landscape (12)
[2016.02.13-17.50.26:837][282]LogModuleManager: Shutting down and abandoning module SlateRHIRenderer (11)
[2016.02.13-17.50.26:837][282]LogModuleManager: Shutting down and abandoning module OpenGLDrv (10)
[2016.02.13-17.50.26:837][282]LogModuleManager: Shutting down and abandoning module D3D11RHI (9)
[2016.02.13-17.50.26:837][282]LogModuleManager: Shutting down and abandoning module AnimGraphRuntime (8)
[2016.02.13-17.50.26:837][282]LogModuleManager: Shutting down and abandoning module Renderer (7)
[2016.02.13-17.50.26:837][282]LogModuleManager: Shutting down and abandoning module Engine (6)
[2016.02.13-17.50.26:837][282]LogModuleManager: Shutting down and abandoning module CoreUObject (5)
[2016.02.13-17.50.26:837][282]LogModuleManager: Shutting down and abandoning module NetworkFile (4)
[2016.02.13-17.50.26:837][282]LogModuleManager: Shutting down and abandoning module StreamingFile (3)
[2016.02.13-17.50.26:837][282]LogModuleManager: Shutting down and abandoning module SandboxFile (2)
[2016.02.13-17.50.26:837][282]LogModuleManager: Shutting down and abandoning module PakFile (1)
[2016.02.13-17.50.26:838][282]LogExit: Exiting.
[2016.02.13-17.50.26:840][282]Log file closed, 02/13/16 18:50:26
