[2016.02.13-15.27.20:948][  0]Log file open, 02/13/16 15:27:20
[2016.02.13-15.27.20:948][  0]LogInit:Display: Running engine for game: TenFold
[2016.02.13-15.27.20:948][  0]LogPlatformFile: Not using cached read wrapper
[2016.02.13-15.27.20:948][  0]LogInit:Display: RandInit(-1990508704) SRandInit(-1990508676).
[2016.02.13-15.27.20:948][  0]LogTaskGraph: Started task graph with 4 named threads and 6 total threads.
[2016.02.13-15.27.20:948][  0]LogStats: Stats thread started at 0.082255
[2016.02.13-15.27.20:948][  0]LogInit:Warning: Incompatible or missing module: UE4Editor-TenFold.dll
[2016.02.13-15.27.20:948][  0]LogInit:Warning: Incompatible or missing module: UE4Editor-Blu.dll
[2016.02.13-15.28.44:134][  0]LogExit: Preparing to exit.
[2016.02.13-15.28.44:136][  0]LogModuleManager: Shutting down and abandoning module TextureCompressor (14)
[2016.02.13-15.28.44:137][  0]LogModuleManager: Shutting down and abandoning module ShaderCore (13)
[2016.02.13-15.28.44:137][  0]LogModuleManager: Shutting down and abandoning module Landscape (12)
[2016.02.13-15.28.44:137][  0]LogModuleManager: Shutting down and abandoning module SlateRHIRenderer (11)
[2016.02.13-15.28.44:137][  0]LogModuleManager: Shutting down and abandoning module OpenGLDrv (10)
[2016.02.13-15.28.44:137][  0]LogModuleManager: Shutting down and abandoning module D3D11RHI (9)
[2016.02.13-15.28.44:137][  0]LogModuleManager: Shutting down and abandoning module AnimGraphRuntime (8)
[2016.02.13-15.28.44:137][  0]LogModuleManager: Shutting down and abandoning module Renderer (7)
[2016.02.13-15.28.44:137][  0]LogModuleManager: Shutting down and abandoning module Engine (6)
[2016.02.13-15.28.44:137][  0]LogModuleManager: Shutting down and abandoning module CoreUObject (5)
[2016.02.13-15.28.44:137][  0]LogModuleManager: Shutting down and abandoning module NetworkFile (4)
[2016.02.13-15.28.44:137][  0]LogModuleManager: Shutting down and abandoning module StreamingFile (3)
[2016.02.13-15.28.44:137][  0]LogModuleManager: Shutting down and abandoning module SandboxFile (2)
[2016.02.13-15.28.44:137][  0]LogModuleManager: Shutting down and abandoning module PakFile (1)
[2016.02.13-15.28.44:142][  0]LogExit: Exiting.
[2016.02.13-15.28.44:144][  0]Log file closed, 02/13/16 15:28:44
