[2016.02.12-17.45.37:048][  0]Log file open, 02/12/16 18:45:37
[2016.02.12-17.45.37:048][  0]LogInit:Display: Running engine for game: TenFold
[2016.02.12-17.45.37:048][  0]LogPlatformFile: Not using cached read wrapper
[2016.02.12-17.45.37:048][  0]LogInit:Display: RandInit(-2074220467) SRandInit(-2074220466).
[2016.02.12-17.45.37:048][  0]LogTaskGraph: Started task graph with 4 named threads and 7 total threads.
[2016.02.12-17.45.37:048][  0]LogStats: Stats thread started at 0.077371
[2016.02.12-17.45.37:048][  0]LogInit: Version: 4.10.2-2818068+++depot+UE4-Releases+4.10
[2016.02.12-17.45.37:048][  0]LogInit: API Version: 2758231
[2016.02.12-17.45.37:048][  0]LogInit: Compiled (64-bit): Jan  6 2016 17:36:42
[2016.02.12-17.45.37:048][  0]LogInit: Compiled with Visual C++: 19.00.23026.00
[2016.02.12-17.45.37:048][  0]LogInit: Build Configuration: Development
[2016.02.12-17.45.37:048][  0]LogInit: Branch Name: ++depot+UE4-Releases+4.10
[2016.02.12-17.45.37:048][  0]LogInit: Command line: 
[2016.02.12-17.45.37:048][  0]LogInit: Base directory: C:/Program Files (x86)/Epic Games/4.10/Engine/Binaries/Win64/
[2016.02.12-17.45.37:048][  0]LogInit: Rocket: 1
[2016.02.12-17.45.37:057][  0]LogInit: Using libcurl 7.41.0
[2016.02.12-17.45.37:057][  0]LogInit:  - built for x86_64-pc-win32
[2016.02.12-17.45.37:057][  0]LogInit:  - supports SSL with WinSSL
[2016.02.12-17.45.37:057][  0]LogInit:  - other features:
[2016.02.12-17.45.37:057][  0]LogInit:      CURL_VERSION_SSL
[2016.02.12-17.45.37:057][  0]LogInit:      CURL_VERSION_IPV6
[2016.02.12-17.45.37:057][  0]LogInit:      CURL_VERSION_ASYNCHDNS
[2016.02.12-17.45.37:057][  0]LogInit:      CURL_VERSION_LARGEFILE
[2016.02.12-17.45.37:057][  0]LogInit:      CURL_VERSION_IDN
[2016.02.12-17.45.37:057][  0]LogInit:  CurlRequestOptions (configurable via config and command line):
[2016.02.12-17.45.37:057][  0]LogInit:  - bVerifyPeer = true  - Libcurl will verify peer certificate
[2016.02.12-17.45.37:057][  0]LogInit:  - bUseHttpProxy = false  - Libcurl will NOT use HTTP proxy
[2016.02.12-17.45.37:057][  0]LogInit:  - bDontReuseConnections = false  - Libcurl will reuse connections
[2016.02.12-17.45.37:057][  0]LogInit:  - CertBundlePath = nullptr  - Libcurl will use whatever was configured at build time.
[2016.02.12-17.45.37:065][  0]LogInit: Presizing for 0 objects not considered by GC, pre-allocating 0 bytes.
[2016.02.12-17.45.37:070][  0]LogInit: Object subsystem initialized
[2016.02.12-17.45.37:071][  0]LogInit: Selected Device Profile: [Windows]
[2016.02.12-17.45.37:071][  0]LogInit: Applying CVar settings loaded from the selected device profile: [Windows]
[2016.02.12-17.45.37:078][  0]LogInit: Computer: ROBINBÆRBAR
[2016.02.12-17.45.37:079][  0]LogInit: User: Robin
[2016.02.12-17.45.37:079][  0]LogInit: CPU Page size=4096, Cores=4
[2016.02.12-17.45.37:079][  0]LogInit: High frequency timer resolution =2.435772 MHz
[2016.02.12-17.45.37:079][  0]LogMemory: Memory total: Physical=7.9GB (8GB approx)
[2016.02.12-17.45.37:079][  0]LogMemory: Platform Memory Stats for Windows
[2016.02.12-17.45.37:079][  0]LogMemory: Process Physical Memory: 56.00 MB used, 56.00 MB peak
[2016.02.12-17.45.37:079][  0]LogMemory: Process Virtual Memory: 58.74 MB used, 58.74 MB peak
[2016.02.12-17.45.37:079][  0]LogMemory: Physical Memory: 4828.45 MB used, 8074.92 MB total
[2016.02.12-17.45.37:079][  0]LogMemory: Virtual Memory: 385.81 MB used, 134217728.00 MB total
[2016.02.12-17.45.37:118][  0]LogTextLocalizationManager: No translations for ('da-DK') exist, falling back to 'en' for localization and internationalization data.
[2016.02.12-17.45.37:575][  0]LogD3D11RHI: Found D3D11 adapter 0: NVIDIA GeForce GTX 860M      (Feature Level 11_0)
[2016.02.12-17.45.37:575][  0]LogD3D11RHI: Adapter has 1995MB of dedicated video memory, 0MB of dedicated system memory, and 4037MB of shared system memory, 2 output[s]
[2016.02.12-17.45.37:582][  0]LogD3D11RHI: Found D3D11 adapter 1: Intel(R) HD Graphics 4600 (Feature Level 11_0)
[2016.02.12-17.45.37:582][  0]LogD3D11RHI: Adapter has 112MB of dedicated video memory, 0MB of dedicated system memory, and 4037MB of shared system memory, 0 output[s]
[2016.02.12-17.45.37:584][  0]LogD3D11RHI: Found D3D11 adapter 2: Microsoft Basic Render Driver (Feature Level 11_0)
[2016.02.12-17.45.37:584][  0]LogD3D11RHI: Adapter has 0MB of dedicated video memory, 0MB of dedicated system memory, and 4037MB of shared system memory, 0 output[s]
[2016.02.12-17.45.37:584][  0]LogD3D11RHI: Chosen D3D11 Adapter Id = 0
[2016.02.12-17.45.37:590][  0]LogD3D11RHI: !Direct3DDevice
[2016.02.12-17.45.37:590][  0]LogRHI: Texture pool is 1361 MB (70% of 1945 MB)
[2016.02.12-17.45.37:611][  0]LogD3D11RHI: Async texture creation enabled
[2016.02.12-17.45.37:628][  0]LogShaderCompilers: Guid format shader working directory is 20 characters bigger than the processId version (D:/Github/TenFold/TenFold/Intermediate/Shaders/WorkingDirectory/11028/).
[2016.02.12-17.45.37:628][  0]LogShaderCompilers: Cleaned the shader compiler working directory 'C:/Users/Robin/AppData/Local/Temp/UnrealShaderWorkingDir/272E88AD4C45C4F495A980A80A0690CC/'.
[2016.02.12-17.45.37:628][  0]LogShaderCompilers:Display: Using Local Shader Compiler.
[2016.02.12-17.45.38:361][  0]LogTemp:Display: Loaded TP AllDesktopTargetPlatform
[2016.02.12-17.45.38:366][  0]LogTemp:Display: Loaded TP WindowsClientTargetPlatform
[2016.02.12-17.45.38:371][  0]LogTemp:Display: Loaded TP WindowsNoEditorTargetPlatform
[2016.02.12-17.45.38:375][  0]LogTemp:Display: Loaded TP WindowsServerTargetPlatform
[2016.02.12-17.45.38:380][  0]LogTemp:Display: Loaded TP WindowsTargetPlatform
[2016.02.12-17.45.38:383][  0]LogTemp:Display: Loaded TP AndroidTargetPlatform
[2016.02.12-17.45.38:385][  0]LogTemp:Display: Loaded TP Android_ASTCTargetPlatform
[2016.02.12-17.45.38:388][  0]LogTemp:Display: Loaded TP Android_ATCTargetPlatform
[2016.02.12-17.45.38:390][  0]LogTemp:Display: Loaded TP Android_DXTTargetPlatform
[2016.02.12-17.45.38:393][  0]LogTemp:Display: Loaded TP Android_ETC1TargetPlatform
[2016.02.12-17.45.38:396][  0]LogTemp:Display: Loaded TP Android_ETC2TargetPlatform
[2016.02.12-17.45.38:403][  0]LogTemp:Display: Loaded TP Android_MultiTargetPlatform
[2016.02.12-17.45.38:403][  0]LogTemp:Display: Loaded TP Android_PVRTCTargetPlatform
[2016.02.12-17.45.38:403][  0]LogTemp:Display: Loaded TP HTML5TargetPlatform
[2016.02.12-17.45.38:420][  0]LogTemp:Display: Loaded TP IOSTargetPlatform
[2016.02.12-17.45.38:423][  0]LogTemp:Display: Loaded TP LinuxNoEditorTargetPlatform
[2016.02.12-17.45.38:426][  0]LogTemp:Display: Loaded TP LinuxServerTargetPlatform
[2016.02.12-17.45.38:429][  0]LogTemp:Display: Loaded TP LinuxTargetPlatform
[2016.02.12-17.45.38:429][  0]LogTargetPlatformManager:Display: Building Assets For Windows
[2016.02.12-17.45.38:513][  0]LogDerivedDataCache:Display: Max Cache Size: 512 MB
[2016.02.12-17.45.38:568][  0]LogDerivedDataCache: Loaded boot cache 0.05s 41MB C:/Users/Robin/AppData/Local/UnrealEngine/4.10/DerivedDataCache/Boot.ddc.
[2016.02.12-17.45.38:568][  0]LogDerivedDataCache:Display: Loaded Boot cache: C:/Users/Robin/AppData/Local/UnrealEngine/4.10/DerivedDataCache/Boot.ddc
[2016.02.12-17.45.38:568][  0]LogDerivedDataCache: FDerivedDataBackendGraph:  Pak pak cache file D:/Github/TenFold/TenFold/DerivedDataCache/DDC.ddp not found, will not use a pak cache.
[2016.02.12-17.45.38:568][  0]LogDerivedDataCache: Unable to find inner node Pak for hierarchical cache Hierarchy.
[2016.02.12-17.45.38:568][  0]LogDerivedDataCache: FDerivedDataBackendGraph:  CompressedPak pak cache file D:/Github/TenFold/TenFold/DerivedDataCache/Compressed.ddp not found, will not use a pak cache.
[2016.02.12-17.45.38:568][  0]LogDerivedDataCache: Unable to find inner node CompressedPak for hierarchical cache Hierarchy.
[2016.02.12-17.45.38:622][  0]LogDerivedDataCache:Display: Pak cache opened for reading ../../../Engine/DerivedDataCache/Compressed.ddp.
[2016.02.12-17.45.38:634][  0]LogDerivedDataCache: Using Local data cache path C:/Users/Robin/AppData/Local/UnrealEngine/Common/DerivedDataCache: Writable
[2016.02.12-17.45.38:811][  0]LogInit: Selected Device Profile: [Windows]
[2016.02.12-17.45.38:814][  0]LogContentStreaming: Texture pool size is 0.000000MB
[2016.02.12-17.45.38:913][  0]LogMeshUtilities: No automatic mesh reduction module available
[2016.02.12-17.45.38:913][  0]LogMeshUtilities: No automatic mesh merging module available
[2016.02.12-17.45.39:129][  0]LogInit: WinSock: version 1.1 (2.2), MaxSocks=32767, MaxUdp=65467
[2016.02.12-17.45.39:810][  0]UdpMessaging: Initializing bridge on interface 0.0.0.0:0 to multicast group 230.0.0.1:6666.
[2016.02.12-17.45.39:909][  0]LogAssetRegistry: FAssetRegistry took 0.0112 seconds to start up
[2016.02.12-17.45.40:092][  0]SourceControl: Info Source control is disabled
[2016.02.12-17.45.40:092][  0]SourceControl: Info Source control is disabled
[2016.02.12-17.45.40:106][  0]SourceControl: Info Source control is disabled
[2016.02.12-17.45.40:120][  0]SourceControl: Info Source control is disabled
[2016.02.12-17.45.40:413][  0]LogObj: 28633 objects as part of root set at end of initial load.
[2016.02.12-17.45.40:413][  0]LogUObjectAllocator: 6099752 out of 0 bytes used by permanent object pool.
[2016.02.12-17.45.40:487][  0]LogEngine: Initializing Engine...
[2016.02.12-17.45.40:488][  0]OCULUS: Info: 02/12/16 17:45:40: [CAPI] LibOVR module is located at C:\WINDOWS\SYSTEM32\LibOVRRT64_0_8.dll

[2016.02.12-17.45.40:489][  0]LogHMD: SteamVR failed to initialize.  Err: 110
[2016.02.12-17.45.40:615][  0]LogAIModule: Creating AISystem for world NewWorld
[2016.02.12-17.45.40:620][  0]LogInit: XAudio2 using 'Højttalere (Sound Blaster R3/A6U)' : 2 channels at 48 kHz using 24 bits per sample (channel mask 0x3)
[2016.02.12-17.45.40:629][  0]LogInit: FAudioDevice initialized.
[2016.02.12-17.45.40:655][  0]LogDerivedDataCache: Saved boot cache 0.03s 41MB C:/Users/Robin/AppData/Local/UnrealEngine/4.10/DerivedDataCache/Boot.ddc.
[2016.02.12-17.45.40:662][  0]LogInit: Texture streaming: Enabled
[2016.02.12-17.45.40:668][  0]LogAnalytics: Creating configured Analytics provider AnalyticsET
[2016.02.12-17.45.40:668][  0]LogAnalytics: [UEEditor.Rocket.Release] APIServer = http://et2.epicgames.com/ET2/. AppVersion = 4.10.2-2818068+++depot+UE4-Releases+4.10
[2016.02.12-17.45.40:668][  0]LogAnalytics: [UEEditor.Rocket.Release] SetUserId 2b19be7941c1812a7bf809ae893477e7|1d7ef041aac047b88db563ecd4788890|aa42e4c9-18e0-4455-9188-b13d72f1cd87
[2016.02.12-17.45.40:668][  0]LogAnalytics: [UEEditor.Rocket.Release] AnalyticsET::StartSession
[2016.02.12-17.45.40:680][  0]LogInit: Transaction tracking system initialized
[2016.02.12-17.45.40:720][  0]BlueprintLog: New page: Editor Load
[2016.02.12-17.45.40:820][  0]LocalizationService: Info Localization service is disabled
[2016.02.12-17.45.40:891][  0]LogLinker:Warning: Can't find file '/Game/ThirdPersonBP/ThirdPersonOverview'
[2016.02.12-17.45.40:891][  0]LogLinker:Warning: Can't find file '/Game/ThirdPersonBP/ThirdPersonOverview'
[2016.02.12-17.45.40:892][  0]LogUObjectGlobals:Warning: Failed to find object 'Class /Game/ThirdPersonBP/ThirdPersonOverview.ThirdPersonOverview_C'
[2016.02.12-17.45.40:903][  0]LogConsoleResponse:Display: 
[2016.02.12-17.45.41:022][  0]LogFileCache: Scanning file cache for directory 'D:/Github/TenFold/TenFold/Content/' took 0.01s
[2016.02.12-17.45.41:022][  0]LogCook:Display: Done creating registry. It took  0.00s.
[2016.02.12-17.45.41:082][  0]SourceControl: Info Source control is disabled
[2016.02.12-17.45.41:082][  0]Cmd: MAP LOAD FILE="D:/Github/TenFold/TenFold/Content/Levels/Launcher.umap" TEMPLATE=0 SHOWPROGRESS=1 FEATURELEVEL=3
[2016.02.12-17.45.41:083][  0]LightingResults: New page: Lighting Build
[2016.02.12-17.45.41:086][  0]MapCheck: New page: Map Check
[2016.02.12-17.45.41:086][  0]LightingResults: New page: Lighting Build
[2016.02.12-17.45.41:096][  0]LogParticles: Destroying 0 GPU particle simulations for FXSystem 0x0000022445513420
[2016.02.12-17.45.41:422][  0]LogAIModule: Creating AISystem for world Launcher
[2016.02.12-17.45.41:428][  0]LogEditorServer: Finished looking for orphan Actors (0.000 secs)
[2016.02.12-17.45.41:429][  0]Cmd: MAP CHECKDEP NOCLEARLOG
[2016.02.12-17.45.41:474][  0]MapCheck: Info Map check complete: 0 Error(s), 0 Warning(s), took 44.804ms to complete.
[2016.02.12-17.45.41:474][  0]LogFileHelpers: Loading map 'Launcher' took 0.392
[2016.02.12-17.45.41:615][  0]LogCollectionManager: Loaded 0 collections in 0.002342 seconds
[2016.02.12-17.45.41:676][  0]LogFileCache: Scanning file cache for directory 'D:/Github/TenFold/TenFold/Saved/Collections/' took 0.01s
[2016.02.12-17.45.41:677][  0]LogFileCache: Scanning file cache for directory 'D:/Github/TenFold/TenFold/Content/Developers/Robin/Collections/' took 0.01s
[2016.02.12-17.45.41:677][  0]LogFileCache: Scanning file cache for directory 'D:/Github/TenFold/TenFold/Content/Collections/' took 0.01s
[2016.02.12-17.45.41:677][  0]LogCollectionManager: Rebuilt the GUID cache for 0 collections in 0.000002 seconds
[2016.02.12-17.45.41:686][  0]LogContentBrowser: Native class hierarchy populated in 0.0078 seconds. Added 1893 classes and 338 folders.
[2016.02.12-17.45.41:698][  0]LogContentBrowser: Native class hierarchy updated for 'WidgetCarousel' in 0.0004 seconds. Added 0 classes and 0 folders.
[2016.02.12-17.45.42:006][  0]LogContentBrowser: Native class hierarchy updated for 'AddContentDialog' in 0.0004 seconds. Added 0 classes and 0 folders.
[2016.02.12-17.45.42:062][  0]LogContentBrowser: Native class hierarchy updated for 'SceneOutliner' in 0.0004 seconds. Added 1 classes and 2 folders.
[2016.02.12-17.45.42:218][  0]LogCrashTracker: Crashtracker disabled due to settings.
[2016.02.12-17.45.42:231][  0]LogUObjectGlobals:Warning: Failed to find object 'Class None.'
[2016.02.12-17.45.42:255][  0]LogLoad: Full Startup: 5.57 seconds (BP compile: 0.08 seconds)
[2016.02.12-17.45.42:275][  0]LogWindowsTextInputMethodSystem:Display: IME system now deactivated.
[2016.02.12-17.45.42:277][  0]LogOcInput: OculusInput is initialized. Init status -3003. Runtime version: (Unable to load LibOVR)
[2016.02.12-17.45.42:423][  0]LogContentStreaming: Texture pool size now 1000 MB
[2016.02.12-17.45.42:607][  0]LogRenderer: Reallocating scene render targets to support 1132x920 (Frame:2).
[2016.02.12-17.45.42:994][  3]LogAssetRegistry: Asset discovery search completed in 3.0964 seconds
[2016.02.12-17.45.42:994][  3]LogCollectionManager: Rebuilt the object cache for 0 collections in 0.000001 seconds (found 0 objects)
[2016.02.12-17.45.42:995][  3]LogCollectionManager: Fixed up redirectors for 0 collections in 0.000015 seconds (updated 0 objects)
[2016.02.12-17.45.43:120][  5]LogEditorViewport: Clicking on Actor (LMB): BP_Sky_Sphere_C (Sky Sphere2)
[2016.02.12-17.45.47:896][113]LogLinker:Warning: Asset '../../../Engine/Content/ArtTools/RenderToTexture/Macros/RenderToTextureMacros.uasset' has been saved with empty engine version. The asset will be loaded but may be incompatible.
[2016.02.12-17.45.48:363][113]LogContentBrowser: Native class hierarchy updated for 'BlueprintGraph' in 0.0006 seconds. Added 107 classes and 0 folders.
[2016.02.12-17.46.12:407][187]LogRenderer: Reallocating scene render targets to support 1144x920 (Frame:378).
[2016.02.12-17.47.19:825][409]LogParticles: Destroying 0 GPU particle simulations for FXSystem 0x000002247893DF80
[2016.02.12-17.47.19:825][409]LogParticles: Destroying 0 GPU particle simulations for FXSystem 0x000002247893D9E0
[2016.02.12-17.47.19:835][409]LogMetaData: Removing '/Game/GameInstance/LancherGameInstance.SKEL_LancherGameInstance_C' ref from Metadata '/Game/LauncherGameInstance/LancherGameInstance.PackageMetaData'
[2016.02.12-17.47.19:835][409]LogMetaData: Removing '/Game/GameInstance/LancherGameInstance.LancherGameInstance_C' ref from Metadata '/Game/LauncherGameInstance/LancherGameInstance.PackageMetaData'
[2016.02.12-17.47.19:896][409]Cmd: OBJ SAVEPACKAGE PACKAGE="/Game/GameInstance/LancherGameInstance" FILE="D:/Github/TenFold/TenFold/Content/GameInstance/LancherGameInstance.uasset" SILENT=true
[2016.02.12-17.47.19:908][409]LogSavePackage: Save=6.794560ms
[2016.02.12-17.47.19:908][409]LogSavePackage: Moving 'D:/Github/TenFold/TenFold/Saved/LancherGameInstance5F811BE047A4BFD05F093E8C5FF05609.tmp' to 'D:/Github/TenFold/TenFold/Content/GameInstance/LancherGameInstance.uasset'
[2016.02.12-17.47.19:911][409]LogSavePackage: Total save time: 13.554636ms
[2016.02.12-17.47.19:911][409]LogSavePackage:Display: Finished SavePackage D:/Github/TenFold/TenFold/Content/GameInstance/LancherGameInstance.uasset
[2016.02.12-17.47.25:956][746]LogMetaData: Removing '/Game/GameInstances/LancherGameInstance.LancherGameInstance_C' ref from Metadata '/Game/GameInstance/LancherGameInstance.PackageMetaData'
[2016.02.12-17.47.25:956][746]LogMetaData: Removing '/Game/GameInstances/LancherGameInstance.SKEL_LancherGameInstance_C' ref from Metadata '/Game/GameInstance/LancherGameInstance.PackageMetaData'
[2016.02.12-17.47.26:003][746]Cmd: OBJ SAVEPACKAGE PACKAGE="/Game/GameInstances/LancherGameInstance" FILE="D:/Github/TenFold/TenFold/Content/GameInstances/LancherGameInstance.uasset" SILENT=true
[2016.02.12-17.47.26:008][746]LogSavePackage: Save=4.060725ms
[2016.02.12-17.47.26:008][746]LogSavePackage: Moving 'D:/Github/TenFold/TenFold/Saved/LancherGameInstanceA5562F584F758171823816BAFFA2A2C1.tmp' to 'D:/Github/TenFold/TenFold/Content/GameInstances/LancherGameInstance.uasset'
[2016.02.12-17.47.26:008][746]LogSavePackage: Total save time: 5.351484ms
[2016.02.12-17.47.26:008][746]LogSavePackage:Display: Finished SavePackage D:/Github/TenFold/TenFold/Content/GameInstances/LancherGameInstance.uasset
[2016.02.12-17.47.28:453][862]Cmd: OBJ SAVEPACKAGE PACKAGE="/Game/LauncherGameInstance/LancherGameInstance" FILE="D:/Github/TenFold/TenFold/Content/LauncherGameInstance/LancherGameInstance.uasset" SILENT=true
[2016.02.12-17.47.28:458][862]LogSavePackage: Save=3.323792ms
[2016.02.12-17.47.28:458][862]LogSavePackage: Moving 'D:/Github/TenFold/TenFold/Saved/LancherGameInstance8C108DCB48153A043CA5D88CBAB401D4.tmp' to 'D:/Github/TenFold/TenFold/Content/LauncherGameInstance/LancherGameInstance.uasset'
[2016.02.12-17.47.28:459][862]LogSavePackage: Total save time: 4.602648ms
[2016.02.12-17.47.28:459][862]LogSavePackage:Display: Finished SavePackage D:/Github/TenFold/TenFold/Content/LauncherGameInstance/LancherGameInstance.uasset
[2016.02.12-17.48.01:116][ 55]SourceControl:Error: Error Failed to enable Git source control. You need to initialize the project as a Git repository first.
[2016.02.12-17.48.16:683][966]SourceControl:Error: Error Failed to enable Git source control. You need to initialize the project as a Git repository first.
[2016.02.12-17.48.47:186][466]SourceControl:Error: Error Failed to enable Git source control. You need to initialize the project as a Git repository first.
[2016.02.12-17.52.13:805][641]SourceControl: Info Source control is disabled
[2016.02.12-17.52.16:376][787]LogSourceControl:Error: P4ERROR: Invalid connection to server.
[2016.02.12-17.52.16:376][787]LogSourceControl:Error: Connect to server failed; check $P4PORT.
TCP connect to http://37.49.132.186:1666/ failed.
Den angivne klasse blev ikke fundet. 

[2016.02.12-17.52.27:317][427]SourceControl:Error: Error Failed to enable Git source control. You need to initialize the project as a Git repository first.
[2016.02.12-17.52.30:638][607]SourceControl:Error: Error Failed to enable Git source control. You need to initialize the project as a Git repository first.
[2016.02.12-17.52.34:285][791]SourceControl: Info Source control is disabled
[2016.02.12-17.52.48:498][598]LogWindowsTextInputMethodSystem:Display: IME system now deactivated.
[2016.02.12-17.52.48:768][599]Cmd: QUIT_EDITOR
[2016.02.12-17.52.48:885][599]LogExit: Preparing to exit.
[2016.02.12-17.52.50:091][599]LogExit: Editor shut down
[2016.02.12-17.52.50:091][599]LogExit: Transaction tracking system shut down
[2016.02.12-17.52.50:092][599]LogParticles: Destroying 0 GPU particle simulations for FXSystem 0x000002243E1A0720
[2016.02.12-17.52.50:093][599]LogParticles: Destroying 0 GPU particle simulations for FXSystem 0x00000224530CF880
[2016.02.12-17.52.50:093][599]LogParticles: Destroying 0 GPU particle simulations for FXSystem 0x00000224532F2340
[2016.02.12-17.52.50:093][599]LogParticles: Destroying 0 GPU particle simulations for FXSystem 0x000002246D449F80
[2016.02.12-17.52.50:097][599]LogParticles: Destroying 0 GPU particle simulations for FXSystem 0x000002242E8056C0
[2016.02.12-17.52.50:270][599]LogExit: Object subsystem successfully closed.
[2016.02.12-17.52.50:285][599]LogD3D11RHI: Shutdown
[2016.02.12-17.52.50:285][599]LogD3D11RHI: CleanupD3DDevice
[2016.02.12-17.52.50:344][599]LogD3D11RHI: ~FD3D11DynamicRHI
[2016.02.12-17.52.50:356][599]LogModuleManager: Shutting down and abandoning module CookingStats (202)
[2016.02.12-17.52.50:356][599]LogModuleManager: Shutting down and abandoning module ExternalImagePicker (201)
[2016.02.12-17.52.50:356][599]LogModuleManager: Shutting down and abandoning module SequencerWidgets (200)
[2016.02.12-17.52.50:356][599]LogModuleManager: Shutting down and abandoning module BlueprintGraph (199)
[2016.02.12-17.52.50:356][599]LogModuleManager: Shutting down and abandoning module CrashTracker (198)
[2016.02.12-17.52.50:356][599]LogModuleManager: Shutting down and abandoning module SceneOutliner (197)
[2016.02.12-17.52.50:356][599]LogModuleManager: Shutting down and abandoning module SuperSearch (196)
[2016.02.12-17.52.50:356][599]LogModuleManager: Shutting down and abandoning module WidgetCarousel (195)
[2016.02.12-17.52.50:356][599]LogModuleManager: Shutting down and abandoning module AddContentDialog (194)
[2016.02.12-17.52.50:357][599]LogModuleManager: Shutting down and abandoning module EditorWidgets (193)
[2016.02.12-17.52.50:357][599]LogModuleManager: Shutting down and abandoning module CollectionManager (192)
[2016.02.12-17.52.50:357][599]LogModuleManager: Shutting down and abandoning module StatsViewer (191)
[2016.02.12-17.52.50:357][599]LogModuleManager: Shutting down and abandoning module FoliageEdit (190)
[2016.02.12-17.52.50:357][599]LogModuleManager: Shutting down and abandoning module LandscapeEditor (189)
[2016.02.12-17.52.50:358][599]LogModuleManager: Shutting down and abandoning module ActorPickerMode (188)
[2016.02.12-17.52.50:358][599]LogModuleManager: Shutting down and abandoning module GeometryMode (187)
[2016.02.12-17.52.50:358][599]LogModuleManager: Shutting down and abandoning module TextureAlignMode (186)
[2016.02.12-17.52.50:358][599]LogModuleManager: Shutting down and abandoning module BspMode (185)
[2016.02.12-17.52.50:358][599]LogModuleManager: Shutting down and abandoning module PlacementMode (184)
[2016.02.12-17.52.50:358][599]LogModuleManager: Shutting down and abandoning module AutomationWorker (183)
[2016.02.12-17.52.50:358][599]LogModuleManager: Shutting down and abandoning module CharacterAI (182)
[2016.02.12-17.52.50:358][599]LogModuleManager: Shutting down and abandoning module SmartSnapping (181)
[2016.02.12-17.52.50:358][599]LogModuleManager: Shutting down and abandoning module ViewportSnapping (180)
[2016.02.12-17.52.50:358][599]LogModuleManager: Shutting down and abandoning module LogVisualizer (179)
[2016.02.12-17.52.50:358][599]LogModuleManager: Shutting down and abandoning module GameProjectGeneration (178)
[2016.02.12-17.52.50:358][599]LogModuleManager: Shutting down and abandoning module IntroTutorials (177)
[2016.02.12-17.52.50:358][599]LogModuleManager: Shutting down and abandoning module EditorLiveStreaming (176)
[2016.02.12-17.52.50:358][599]LogModuleManager: Shutting down and abandoning module IOSPlatformEditor (175)
[2016.02.12-17.52.50:358][599]LogModuleManager: Shutting down and abandoning module HTML5PlatformEditor (174)
[2016.02.12-17.52.50:358][599]LogModuleManager: Shutting down and abandoning module AndroidDeviceDetection (173)
[2016.02.12-17.52.50:994][599]LogModuleManager: Shutting down and abandoning module AndroidPlatformEditor (172)
[2016.02.12-17.52.50:994][599]LogModuleManager: Shutting down and abandoning module IOSRuntimeSettings (171)
[2016.02.12-17.52.50:994][599]LogModuleManager: Shutting down and abandoning module AndroidRuntimeSettings (170)
[2016.02.12-17.52.50:994][599]LogModuleManager: Shutting down and abandoning module MergeActors (169)
[2016.02.12-17.52.50:994][599]LogModuleManager: Shutting down and abandoning module SizeMap (168)
[2016.02.12-17.52.50:994][599]LogModuleManager: Shutting down and abandoning module TreeMap (167)
[2016.02.12-17.52.50:995][599]LogModuleManager: Shutting down and abandoning module ReferenceViewer (166)
[2016.02.12-17.52.50:995][599]LogModuleManager: Shutting down and abandoning module LocalizationService (165)
[2016.02.12-17.52.50:995][599]LogModuleManager: Shutting down and abandoning module LocalizationDashboard (164)
[2016.02.12-17.52.50:995][599]LogModuleManager: Shutting down and abandoning module HardwareTargeting (163)
[2016.02.12-17.52.50:995][599]LogModuleManager: Shutting down and abandoning module DeviceProfileEditor (162)
[2016.02.12-17.52.50:995][599]LogModuleManager: Shutting down and abandoning module UndoHistory (161)
[2016.02.12-17.52.50:995][599]LogModuleManager: Shutting down and abandoning module GameplayTagsEditor (160)
[2016.02.12-17.52.50:995][599]LogModuleManager: Shutting down and abandoning module UserFeedback (159)
[2016.02.12-17.52.50:995][599]LogModuleManager: Shutting down and abandoning module XmlParser (158)
[2016.02.12-17.52.50:995][599]LogModuleManager: Shutting down and abandoning module Blutility (157)
[2016.02.12-17.52.50:995][599]LogModuleManager: Shutting down and abandoning module ProjectTargetPlatformEditor (156)
[2016.02.12-17.52.50:995][599]LogModuleManager: Shutting down and abandoning module ProjectSettingsViewer (155)
[2016.02.12-17.52.50:995][599]LogModuleManager: Shutting down and abandoning module InputBindingEditor (154)
[2016.02.12-17.52.50:996][599]LogModuleManager: Shutting down and abandoning module EditorSettingsViewer (153)
[2016.02.12-17.52.50:996][599]LogModuleManager: Shutting down and abandoning module SettingsEditor (152)
[2016.02.12-17.52.50:996][599]LogModuleManager: Shutting down and abandoning module ProjectLauncher (151)
[2016.02.12-17.52.50:996][599]LogModuleManager: Shutting down and abandoning module SessionFrontend (150)
[2016.02.12-17.52.50:996][599]LogModuleManager: Shutting down and abandoning module ProfilerClient (149)
[2016.02.12-17.52.50:997][599]LogModuleManager: Shutting down and abandoning module TargetDeviceServices (148)
[2016.02.12-17.52.50:997][599]LogModuleManager: Shutting down and abandoning module DeviceManager (147)
[2016.02.12-17.52.50:997][599]LogModuleManager: Shutting down and abandoning module AutomationController (146)
[2016.02.12-17.52.50:997][599]LogModuleManager: Shutting down and abandoning module AutomationWindow (145)
[2016.02.12-17.52.50:997][599]LogModuleManager: Shutting down and abandoning module Layers (144)
[2016.02.12-17.52.50:997][599]LogModuleManager: Shutting down and abandoning module ComponentVisualizers (143)
[2016.02.12-17.52.50:997][599]LogModuleManager: Shutting down and abandoning module DetailCustomizations (142)
[2016.02.12-17.52.50:997][599]LogModuleManager: Shutting down and abandoning module PackagesDialog (141)
[2016.02.12-17.52.50:998][599]LogModuleManager: Shutting down and abandoning module Persona (140)
[2016.02.12-17.52.50:998][599]LogModuleManager: Shutting down and abandoning module Kismet (139)
[2016.02.12-17.52.50:998][599]LogModuleManager: Shutting down and abandoning module GraphEditor (138)
[2016.02.12-17.52.50:998][599]LogModuleManager: Shutting down and abandoning module ClassViewer (137)
[2016.02.12-17.52.51:003][599]LogModuleManager: Shutting down and abandoning module Toolbox (136)
[2016.02.12-17.52.51:003][599]LogModuleManager: Shutting down and abandoning module ModuleUI (135)
[2016.02.12-17.52.51:003][599]LogModuleManager: Shutting down and abandoning module MovieSceneTools (134)
[2016.02.12-17.52.51:003][599]LogModuleManager: Shutting down and abandoning module OutputLog (133)
[2016.02.12-17.52.51:003][599]LogModuleManager: Shutting down and abandoning module GammaUI (132)
[2016.02.12-17.52.51:003][599]LogModuleManager: Shutting down and abandoning module Documentation (131)
[2016.02.12-17.52.51:003][599]LogModuleManager: Shutting down and abandoning module GameLiveStreaming (130)
[2016.02.12-17.52.51:003][599]LogModuleManager: Shutting down and abandoning module StreamingPauseRendering (129)
[2016.02.12-17.52.51:003][599]LogModuleManager: Shutting down and abandoning module AnalyticsET (128)
[2016.02.12-17.52.51:003][599]LogModuleManager: Shutting down and abandoning module Analytics (127)
[2016.02.12-17.52.51:003][599]LogModuleManager: Shutting down and abandoning module AITestSuite (126)
[2016.02.12-17.52.51:003][599]LogModuleManager: Shutting down and abandoning module GameplayDebugger (125)
[2016.02.12-17.52.51:003][599]LogModuleManager: Shutting down and abandoning module AIModule (124)
[2016.02.12-17.52.51:003][599]LogModuleManager: Shutting down and abandoning module ProfilerService (123)
[2016.02.12-17.52.51:129][599]LogModuleManager: Shutting down and abandoning module TaskGraph (122)
[2016.02.12-17.52.51:129][599]LogModuleManager: Shutting down and abandoning module SlateRemote (121)
[2016.02.12-17.52.51:129][599]LogModuleManager: Shutting down and abandoning module SteamVRController (120)
[2016.02.12-17.52.51:129][599]LogModuleManager: Shutting down and abandoning module SteamVR (119)
[2016.02.12-17.52.51:129][599]LogModuleManager: Shutting down and abandoning module ProceduralMeshComponent (118)
[2016.02.12-17.52.51:129][599]LogModuleManager: Shutting down and abandoning module OculusLibrary (117)
[2016.02.12-17.52.51:129][599]LogModuleManager: Shutting down and abandoning module OculusInput (116)
[2016.02.12-17.52.51:129][599]LogModuleManager: Shutting down and abandoning module LeapMotionController (115)
[2016.02.12-17.52.51:187][599]LogModuleManager: Shutting down and abandoning module CustomMeshComponent (114)
[2016.02.12-17.52.51:187][599]LogModuleManager: Shutting down and abandoning module CableComponent (113)
[2016.02.12-17.52.51:187][599]LogModuleManager: Shutting down and abandoning module ArchVisCharacter (112)
[2016.02.12-17.52.51:187][599]LogModuleManager: Shutting down and abandoning module MessagingDebugger (111)
[2016.02.12-17.52.51:188][599]LogModuleManager: Shutting down and abandoning module MediaPlayerEditor (110)
[2016.02.12-17.52.51:188][599]LogModuleManager: Shutting down and abandoning module HTML5Networking (109)
[2016.02.12-17.52.51:188][599]LogModuleManager: Shutting down and abandoning module SpeedTreeImporter (108)
[2016.02.12-17.52.51:188][599]LogModuleManager: Shutting down and abandoning module PluginBrowser (107)
[2016.02.12-17.52.51:188][599]LogModuleManager: Shutting down and abandoning module EpicSurvey (106)
[2016.02.12-17.52.51:188][599]LogModuleManager: Shutting down and abandoning module DesktopPlatform (105)
[2016.02.12-17.52.51:188][599]LogModuleManager: Shutting down and abandoning module VisualStudioSourceCodeAccess (104)
[2016.02.12-17.52.51:188][599]LogModuleManager: Shutting down and abandoning module UObjectPlugin (103)
[2016.02.12-17.52.51:188][599]LogModuleManager: Shutting down and abandoning module SubversionSourceControl (102)
[2016.02.12-17.52.51:188][599]LogModuleManager: Shutting down and abandoning module PerforceSourceControl (101)
[2016.02.12-17.52.51:188][599]LogModuleManager: Shutting down and abandoning module SourceControl (100)
[2016.02.12-17.52.51:188][599]LogModuleManager: Shutting down and abandoning module GitSourceControl (99)
[2016.02.12-17.52.51:188][599]LogModuleManager: Shutting down and abandoning module LightPropagationVolumeEditor (98)
[2016.02.12-17.52.51:188][599]LogModuleManager: Shutting down and abandoning module PaperTiledImporter (97)
[2016.02.12-17.52.51:188][599]LogModuleManager: Shutting down and abandoning module PaperSpriteSheetImporter (96)
[2016.02.12-17.52.51:188][599]LogModuleManager: Shutting down and abandoning module MeshPaint (95)
[2016.02.12-17.52.51:188][599]LogModuleManager: Shutting down and abandoning module SlateReflector (94)
[2016.02.12-17.52.51:188][599]LogModuleManager: Shutting down and abandoning module HotReload (93)
[2016.02.12-17.52.51:188][599]LogModuleManager: Shutting down and abandoning module MainFrame (92)
[2016.02.12-17.52.51:188][599]LogModuleManager: Shutting down and abandoning module LevelEditor (91)
[2016.02.12-17.52.51:191][599]LogModuleManager: Shutting down and abandoning module DirectoryWatcher (90)
[2016.02.12-17.52.51:193][599]LogModuleManager: Shutting down and abandoning module AssetRegistry (89)
[2016.02.12-17.52.51:244][599]LogModuleManager: Shutting down and abandoning module ContentBrowser (88)
[2016.02.12-17.52.51:245][599]LogModuleManager: Shutting down and abandoning module Paper2DEditor (87)
[2016.02.12-17.52.51:245][599]LogModuleManager: Shutting down and abandoning module UdpMessaging (86)
[2016.02.12-17.52.51:346][599]LogModuleManager: Shutting down and abandoning module LightPropagationVolumeRuntime (85)
[2016.02.12-17.52.51:346][599]LogModuleManager: Shutting down and abandoning module Paper2D (84)
[2016.02.12-17.52.51:346][599]LogModuleManager: Shutting down and abandoning module WindowsMoviePlayer (83)
[2016.02.12-17.52.51:348][599]LogModuleManager: Shutting down and abandoning module Media (82)
[2016.02.12-17.52.51:348][599]LogModuleManager: Shutting down and abandoning module WmfMedia (81)
[2016.02.12-17.52.51:349][599]LogModuleManager: Shutting down and abandoning module OnlineBlueprintSupport (80)
[2016.02.12-17.52.51:349][599]LogModuleManager: Shutting down and abandoning module GameplayTasksEditor (79)
[2016.02.12-17.52.51:349][599]LogModuleManager: Shutting down and abandoning module PropertyEditor (78)
[2016.02.12-17.52.51:355][599]LogModuleManager: Shutting down and abandoning module BehaviorTreeEditor (77)
[2016.02.12-17.52.51:355][599]LogModuleManager: Shutting down and abandoning module FunctionalTesting (76)
[2016.02.12-17.52.51:355][599]LogModuleManager: Shutting down and abandoning module CollisionAnalyzer (75)
[2016.02.12-17.52.51:355][599]LogModuleManager: Shutting down and abandoning module WorkspaceMenuStructure (74)
[2016.02.12-17.52.51:355][599]LogModuleManager: Shutting down and abandoning module MessageLog (73)
[2016.02.12-17.52.51:355][599]LogModuleManager: Shutting down and abandoning module Sequencer (72)
[2016.02.12-17.52.51:355][599]LogModuleManager: Shutting down and abandoning module AssetTools (71)
[2016.02.12-17.52.51:355][599]LogModuleManager: Shutting down and abandoning module UMGEditor (70)
[2016.02.12-17.52.51:355][599]LogModuleManager: Shutting down and abandoning module UMG (69)
[2016.02.12-17.52.51:355][599]LogModuleManager: Shutting down and abandoning module Slate (68)
[2016.02.12-17.52.51:355][599]LogModuleManager: Shutting down and abandoning module EditorStyle (67)
[2016.02.12-17.52.51:357][599]LogModuleManager: Shutting down and abandoning module SessionServices (66)
[2016.02.12-17.52.51:357][599]LogModuleManager: Shutting down and abandoning module SourceCodeAccess (65)
[2016.02.12-17.52.51:357][599]LogModuleManager: Shutting down and abandoning module HeadMountedDisplay (64)
[2016.02.12-17.52.51:357][599]LogModuleManager: Shutting down and abandoning module XAudio2 (63)
[2016.02.12-17.52.51:357][599]LogModuleManager: Shutting down and abandoning module Networking (61)
[2016.02.12-17.52.51:357][599]LogModuleManager: Shutting down and abandoning module Core (60)
[2016.02.12-17.52.51:357][599]LogModuleManager: Shutting down and abandoning module KismetCompiler (59)
[2016.02.12-17.52.51:357][599]LogModuleManager: Shutting down and abandoning module PhysXFormats (58)
[2016.02.12-17.52.51:357][599]LogModuleManager: Shutting down and abandoning module MeshUtilities (57)
[2016.02.12-17.52.51:357][599]LogModuleManager: Shutting down and abandoning module DerivedDataCache (56)
[2016.02.12-17.52.51:442][599]LogDerivedDataCache: Shutdown
[2016.02.12-17.52.51:442][599]LogModuleManager: Shutting down and abandoning module ShaderFormatOpenGL (55)
[2016.02.12-17.52.51:442][599]LogModuleManager: Shutting down and abandoning module ShaderFormatD3D (54)
[2016.02.12-17.52.51:442][599]LogModuleManager: Shutting down and abandoning module MetalShaderFormat (53)
[2016.02.12-17.52.51:442][599]LogModuleManager: Shutting down and abandoning module TextureFormatUncompressed (52)
[2016.02.12-17.52.51:442][599]LogModuleManager: Shutting down and abandoning module TextureFormatPVR (51)
[2016.02.12-17.52.51:442][599]LogModuleManager: Shutting down and abandoning module TextureFormatIntelISPCTexComp (50)
[2016.02.12-17.52.51:442][599]LogModuleManager: Shutting down and abandoning module TextureFormatDXT (49)
[2016.02.12-17.52.51:442][599]LogModuleManager: Shutting down and abandoning module ImageWrapper (48)
[2016.02.12-17.52.51:442][599]LogModuleManager: Shutting down and abandoning module TextureFormatASTC (47)
[2016.02.12-17.52.51:442][599]LogModuleManager: Shutting down and abandoning module TextureFormatAndroid (46)
[2016.02.12-17.52.51:442][599]LogModuleManager: Shutting down and abandoning module AudioFormatOpus (45)
[2016.02.12-17.52.51:442][599]LogModuleManager: Shutting down and abandoning module AudioFormatOgg (44)
[2016.02.12-17.52.51:442][599]LogModuleManager: Shutting down and abandoning module AudioFormatADPCM (43)
[2016.02.12-17.52.51:442][599]LogModuleManager: Shutting down and abandoning module LinuxTargetPlatform (42)
[2016.02.12-17.52.51:442][599]LogModuleManager: Shutting down and abandoning module LinuxServerTargetPlatform (41)
[2016.02.12-17.52.51:442][599]LogModuleManager: Shutting down and abandoning module LinuxNoEditorTargetPlatform (40)
[2016.02.12-17.52.51:442][599]LogModuleManager: Shutting down and abandoning module Messaging (39)
[2016.02.12-17.52.51:442][599]LogModuleManager: Shutting down and abandoning module IOSTargetPlatform (38)
[2016.02.12-17.52.51:442][599]LogModuleManager: Shutting down and abandoning module HTML5TargetPlatform (37)
[2016.02.12-17.52.51:442][599]LogModuleManager: Shutting down and abandoning module Android_PVRTCTargetPlatform (36)
[2016.02.12-17.52.51:442][599]LogModuleManager: Shutting down and abandoning module Android_MultiTargetPlatform (35)
[2016.02.12-17.52.51:442][599]LogModuleManager: Shutting down and abandoning module Android_ETC2TargetPlatform (34)
[2016.02.12-17.52.51:442][599]LogModuleManager: Shutting down and abandoning module Android_ETC1TargetPlatform (33)
[2016.02.12-17.52.51:442][599]LogModuleManager: Shutting down and abandoning module Android_DXTTargetPlatform (32)
[2016.02.12-17.52.51:442][599]LogModuleManager: Shutting down and abandoning module Android_ATCTargetPlatform (31)
[2016.02.12-17.52.51:442][599]LogModuleManager: Shutting down and abandoning module Android_ASTCTargetPlatform (30)
[2016.02.12-17.52.51:442][599]LogModuleManager: Shutting down and abandoning module AndroidTargetPlatform (29)
[2016.02.12-17.52.51:442][599]LogModuleManager: Shutting down and abandoning module WindowsTargetPlatform (28)
[2016.02.12-17.52.51:442][599]LogModuleManager: Shutting down and abandoning module WindowsServerTargetPlatform (27)
[2016.02.12-17.52.51:443][599]LogModuleManager: Shutting down and abandoning module WindowsNoEditorTargetPlatform (26)
[2016.02.12-17.52.51:443][599]LogModuleManager: Shutting down and abandoning module WindowsClientTargetPlatform (25)
[2016.02.12-17.52.51:443][599]LogModuleManager: Shutting down and abandoning module AllDesktopTargetPlatform (24)
[2016.02.12-17.52.51:443][599]LogModuleManager: Shutting down and abandoning module TargetPlatform (23)
[2016.02.12-17.52.51:443][599]LogModuleManager: Shutting down and abandoning module InputCore (22)
[2016.02.12-17.52.51:443][599]LogModuleManager: Shutting down and abandoning module Settings (21)
[2016.02.12-17.52.51:443][599]LogModuleManager: Shutting down and abandoning module OnlineSubsystem (19)
[2016.02.12-17.52.51:443][599]LogModuleManager: Shutting down and abandoning module HTTP (18)
[2016.02.12-17.52.53:446][599]LogModuleManager: Shutting down and abandoning module XMPP (17)
[2016.02.12-17.52.53:446][599]LogModuleManager: Shutting down and abandoning module OculusRift (16)
[2016.02.12-17.52.53:446][599]LogModuleManager: Shutting down and abandoning module ExampleDeviceProfileSelector (15)
[2016.02.12-17.52.53:447][599]LogModuleManager: Shutting down and abandoning module TextureCompressor (14)
[2016.02.12-17.52.53:447][599]LogModuleManager: Shutting down and abandoning module ShaderCore (13)
[2016.02.12-17.52.53:447][599]LogModuleManager: Shutting down and abandoning module Landscape (12)
[2016.02.12-17.52.53:447][599]LogModuleManager: Shutting down and abandoning module SlateRHIRenderer (11)
[2016.02.12-17.52.53:451][599]LogModuleManager: Shutting down and abandoning module OpenGLDrv (10)
[2016.02.12-17.52.53:451][599]LogModuleManager: Shutting down and abandoning module D3D11RHI (9)
[2016.02.12-17.52.53:451][599]LogModuleManager: Shutting down and abandoning module AnimGraphRuntime (8)
[2016.02.12-17.52.53:451][599]LogModuleManager: Shutting down and abandoning module Renderer (7)
[2016.02.12-17.52.53:452][599]LogModuleManager: Shutting down and abandoning module Engine (6)
[2016.02.12-17.52.53:452][599]LogModuleManager: Shutting down and abandoning module CoreUObject (5)
[2016.02.12-17.52.53:452][599]LogModuleManager: Shutting down and abandoning module NetworkFile (4)
[2016.02.12-17.52.53:452][599]LogModuleManager: Shutting down and abandoning module StreamingFile (3)
[2016.02.12-17.52.53:452][599]LogModuleManager: Shutting down and abandoning module SandboxFile (2)
[2016.02.12-17.52.53:452][599]LogModuleManager: Shutting down and abandoning module PakFile (1)
[2016.02.12-17.52.53:456][599]LogExit: Exiting.
[2016.02.12-17.52.53:467][599]Log file closed, 02/12/16 18:52:53
