[2016.02.13-14.02.24:995][  0]Log file open, 02/13/16 14:02:24
[2016.02.13-14.02.24:995][  0]LogInit:Display: Running engine for game: TenFold
[2016.02.13-14.02.24:995][  0]LogPlatformFile: Not using cached read wrapper
[2016.02.13-14.02.24:995][  0]LogInit:Display: RandInit(-1986049328) SRandInit(-1986049300).
[2016.02.13-14.02.24:995][  0]LogTaskGraph: Started task graph with 4 named threads and 6 total threads.
[2016.02.13-14.02.24:995][  0]LogStats: Stats thread started at 0.177543
[2016.02.13-14.02.24:995][  0]LogInit: Version: 4.10.2-2818068+++depot+UE4-Releases+4.10
[2016.02.13-14.02.24:995][  0]LogInit: API Version: 2758231
[2016.02.13-14.02.24:995][  0]LogInit: Compiled (64-bit): Jan  6 2016 17:36:42
[2016.02.13-14.02.24:995][  0]LogInit: Compiled with Visual C++: 19.00.23026.00
[2016.02.13-14.02.24:995][  0]LogInit: Build Configuration: Development
[2016.02.13-14.02.24:995][  0]LogInit: Branch Name: ++depot+UE4-Releases+4.10
[2016.02.13-14.02.24:995][  0]LogInit: Command line:  
[2016.02.13-14.02.24:995][  0]LogInit: Base directory: C:/Program Files (x86)/Epic Games/4.10/Engine/Binaries/Win64/
[2016.02.13-14.02.24:995][  0]LogInit: Rocket: 1
[2016.02.13-14.02.25:084][  0]LogInit: Using libcurl 7.41.0
[2016.02.13-14.02.25:084][  0]LogInit:  - built for x86_64-pc-win32
[2016.02.13-14.02.25:084][  0]LogInit:  - supports SSL with WinSSL
[2016.02.13-14.02.25:084][  0]LogInit:  - other features:
[2016.02.13-14.02.25:084][  0]LogInit:      CURL_VERSION_SSL
[2016.02.13-14.02.25:084][  0]LogInit:      CURL_VERSION_IPV6
[2016.02.13-14.02.25:084][  0]LogInit:      CURL_VERSION_ASYNCHDNS
[2016.02.13-14.02.25:084][  0]LogInit:      CURL_VERSION_LARGEFILE
[2016.02.13-14.02.25:084][  0]LogInit:      CURL_VERSION_IDN
[2016.02.13-14.02.25:084][  0]LogInit:  CurlRequestOptions (configurable via config and command line):
[2016.02.13-14.02.25:084][  0]LogInit:  - bVerifyPeer = true  - Libcurl will verify peer certificate
[2016.02.13-14.02.25:084][  0]LogInit:  - bUseHttpProxy = false  - Libcurl will NOT use HTTP proxy
[2016.02.13-14.02.25:084][  0]LogInit:  - bDontReuseConnections = false  - Libcurl will reuse connections
[2016.02.13-14.02.25:084][  0]LogInit:  - CertBundlePath = nullptr  - Libcurl will use whatever was configured at build time.
[2016.02.13-14.02.25:167][  0]LogInit: Presizing for 0 objects not considered by GC, pre-allocating 0 bytes.
[2016.02.13-14.02.25:177][  0]LogInit: Object subsystem initialized
[2016.02.13-14.02.25:193][  0]LogInit: Selected Device Profile: [Windows]
[2016.02.13-14.02.25:194][  0]LogInit: Applying CVar settings loaded from the selected device profile: [Windows]
[2016.02.13-14.02.25:241][  0]LogInit: Computer: WADEWINDOWSPC
[2016.02.13-14.02.25:241][  0]LogInit: User: WadePenistone
[2016.02.13-14.02.25:241][  0]LogInit: CPU Page size=4096, Cores=3
[2016.02.13-14.02.25:241][  0]LogInit: High frequency timer resolution =14.318180 MHz
[2016.02.13-14.02.25:241][  0]LogMemory: Memory total: Physical=4.0GB (4GB approx)
[2016.02.13-14.02.25:241][  0]LogMemory: Platform Memory Stats for Windows
[2016.02.13-14.02.25:241][  0]LogMemory: Process Physical Memory: 56.01 MB used, 56.01 MB peak
[2016.02.13-14.02.25:241][  0]LogMemory: Process Virtual Memory: 55.66 MB used, 55.66 MB peak
[2016.02.13-14.02.25:241][  0]LogMemory: Physical Memory: 2183.63 MB used, 4095.27 MB total
[2016.02.13-14.02.25:241][  0]LogMemory: Virtual Memory: 385.90 MB used, 134217728.00 MB total
[2016.02.13-14.02.25:869][  0]LogTextLocalizationManager: No specific translations for ('en-GB') exist, so ('en') translations will be used.
[2016.02.13-14.02.26:763][  0]LogD3D11RHI: Found D3D11 adapter 0: NVIDIA GeForce GTX 960 (Feature Level 11_0)
[2016.02.13-14.02.26:763][  0]LogD3D11RHI: Adapter has 1969MB of dedicated video memory, 0MB of dedicated system memory, and 2047MB of shared system memory, 1 output[s]
[2016.02.13-14.02.26:766][  0]LogD3D11RHI: Found D3D11 adapter 1: Microsoft Basic Render Driver (Feature Level 11_0)
[2016.02.13-14.02.26:766][  0]LogD3D11RHI: Adapter has 0MB of dedicated video memory, 0MB of dedicated system memory, and 2047MB of shared system memory, 0 output[s]
[2016.02.13-14.02.26:766][  0]LogD3D11RHI: Chosen D3D11 Adapter Id = 0
[2016.02.13-14.02.26:773][  0]LogD3D11RHI: !Direct3DDevice
[2016.02.13-14.02.26:773][  0]LogRHI: Texture pool is 1361 MB (70% of 1945 MB)
[2016.02.13-14.02.26:794][  0]LogD3D11RHI: Async texture creation enabled
[2016.02.13-14.02.26:809][  0]LogShaderCompilers: Guid format shader working directory is -31 characters bigger than the processId version (../../../../../../Users/Wade Penistone/Documents/Unreal Projects/TenFold/TenFold/Intermediate/Shaders/WorkingDirectory/3100/).
[2016.02.13-14.02.26:809][  0]LogShaderCompilers: Cleaned the shader compiler working directory 'C:/Users/WADEPE~1/AppData/Local/Temp/UnrealShaderWorkingDir/344081AC4AF6D04A9C6EFA8B80CE3E9E/'.
[2016.02.13-14.02.26:809][  0]LogShaderCompilers:Display: Using Local Shader Compiler.
[2016.02.13-14.02.32:917][  0]LogTemp:Display: Loaded TP AllDesktopTargetPlatform
[2016.02.13-14.02.32:926][  0]LogTemp:Display: Loaded TP WindowsClientTargetPlatform
[2016.02.13-14.02.32:934][  0]LogTemp:Display: Loaded TP WindowsNoEditorTargetPlatform
[2016.02.13-14.02.32:944][  0]LogTemp:Display: Loaded TP WindowsServerTargetPlatform
[2016.02.13-14.02.32:964][  0]LogTemp:Display: Loaded TP WindowsTargetPlatform
[2016.02.13-14.02.32:986][  0]LogTemp:Display: Loaded TP AndroidTargetPlatform
[2016.02.13-14.02.32:998][  0]LogTemp:Display: Loaded TP Android_ASTCTargetPlatform
[2016.02.13-14.02.33:017][  0]LogTemp:Display: Loaded TP Android_ATCTargetPlatform
[2016.02.13-14.02.33:023][  0]LogTemp:Display: Loaded TP Android_DXTTargetPlatform
[2016.02.13-14.02.33:038][  0]LogTemp:Display: Loaded TP Android_ETC1TargetPlatform
[2016.02.13-14.02.33:045][  0]LogTemp:Display: Loaded TP Android_ETC2TargetPlatform
[2016.02.13-14.02.33:060][  0]LogTemp:Display: Loaded TP Android_MultiTargetPlatform
[2016.02.13-14.02.33:060][  0]LogTemp:Display: Loaded TP Android_PVRTCTargetPlatform
[2016.02.13-14.02.33:061][  0]LogTemp:Display: Loaded TP HTML5TargetPlatform
[2016.02.13-14.02.33:173][  0]LogTemp:Display: Loaded TP IOSTargetPlatform
[2016.02.13-14.02.33:179][  0]LogTemp:Display: Loaded TP LinuxNoEditorTargetPlatform
[2016.02.13-14.02.33:192][  0]LogTemp:Display: Loaded TP LinuxServerTargetPlatform
[2016.02.13-14.02.33:217][  0]LogTemp:Display: Loaded TP LinuxTargetPlatform
[2016.02.13-14.02.33:217][  0]LogTargetPlatformManager:Display: Building Assets For Windows
[2016.02.13-14.02.34:173][  0]LogDerivedDataCache:Display: Max Cache Size: 512 MB
[2016.02.13-14.02.34:891][  0]LogDerivedDataCache: Loaded boot cache 0.72s 41MB C:/Users/Wade Penistone/AppData/Local/UnrealEngine/4.10/DerivedDataCache/Boot.ddc.
[2016.02.13-14.02.34:891][  0]LogDerivedDataCache:Display: Loaded Boot cache: C:/Users/Wade Penistone/AppData/Local/UnrealEngine/4.10/DerivedDataCache/Boot.ddc
[2016.02.13-14.02.34:892][  0]LogDerivedDataCache: FDerivedDataBackendGraph:  Pak pak cache file ../../../../../../Users/Wade Penistone/Documents/Unreal Projects/TenFold/TenFold/DerivedDataCache/DDC.ddp not found, will not use a pak cache.
[2016.02.13-14.02.34:892][  0]LogDerivedDataCache: Unable to find inner node Pak for hierarchical cache Hierarchy.
[2016.02.13-14.02.34:892][  0]LogDerivedDataCache: FDerivedDataBackendGraph:  CompressedPak pak cache file ../../../../../../Users/Wade Penistone/Documents/Unreal Projects/TenFold/TenFold/DerivedDataCache/Compressed.ddp not found, will not use a pak cache.
[2016.02.13-14.02.34:892][  0]LogDerivedDataCache: Unable to find inner node CompressedPak for hierarchical cache Hierarchy.
[2016.02.13-14.02.35:080][  0]LogDerivedDataCache:Display: Pak cache opened for reading ../../../Engine/DerivedDataCache/Compressed.ddp.
[2016.02.13-14.02.35:098][  0]LogDerivedDataCache: Using Local data cache path C:/Users/Wade Penistone/AppData/Local/UnrealEngine/Common/DerivedDataCache: Writable
[2016.02.13-14.02.48:761][  0]LogInit: Selected Device Profile: [Windows]
[2016.02.13-14.02.48:886][  0]LogContentStreaming: Texture pool size is 0.000000MB
[2016.02.13-14.02.50:856][  0]LogMeshUtilities: No automatic mesh reduction module available
[2016.02.13-14.02.50:856][  0]LogMeshUtilities: No automatic mesh merging module available
[2016.02.13-14.02.56:170][  0]LogInit: WinSock: version 1.1 (2.2), MaxSocks=32767, MaxUdp=65467
[2016.02.13-14.03.15:047][  0]UdpMessaging: Initializing bridge on interface 0.0.0.0:0 to multicast group 230.0.0.1:6666.
[2016.02.13-14.03.15:145][  0]LogBluLoader: patched dll directory paths
[2016.02.13-14.03.15:145][  0]LogBluLoader: STATUS: BLUI Ready to Load!
[2016.02.13-14.03.18:389][  0]LogBlu:  STATUS: Loaded
[2016.02.13-14.03.19:758][  0]LogAssetRegistry: FAssetRegistry took 0.0142 seconds to start up
[2016.02.13-14.03.19:803][  0]LogDirectoryWatcher:Warning: Failed to begin reading directory changes for ../../../../../../Users/Wade Penistone/Documents/Unreal Projects/TenFold/TenFold/Plugins/BLUI/Content/. Error: 0
[2016.02.13-14.03.23:086][  0]SourceControl: Info Source control is disabled
[2016.02.13-14.03.23:088][  0]SourceControl: Info Source control is disabled
[2016.02.13-14.03.23:184][  0]SourceControl: Info Source control is disabled
[2016.02.13-14.03.23:242][  0]SourceControl: Info Source control is disabled
[2016.02.13-14.03.24:922][  0]LogObj: 28782 objects as part of root set at end of initial load.
[2016.02.13-14.03.24:923][  0]LogUObjectAllocator: 6125296 out of 0 bytes used by permanent object pool.
[2016.02.13-14.03.26:112][  0]LogEngine: Initializing Engine...
[2016.02.13-14.03.26:194][  0]LogHMD: Can't find Oculus library dev build: is proper Runtime installed? Version: 0.8.0.0
[2016.02.13-14.03.26:329][  0]LogHMD: SteamVR failed to initialize.  Err: 110
[2016.02.13-14.03.28:245][  0]LogAIModule: Creating AISystem for world NewWorld
[2016.02.13-14.03.28:873][  0]LogInit: XAudio2 using 'Line Out (2- Scarlett 2i4 USB)' : 2 channels at 44.1 kHz using 16 bits per sample (channel mask 0x3)
[2016.02.13-14.03.28:962][  0]LogInit: FAudioDevice initialized.
[2016.02.13-14.03.29:028][  0]LogDerivedDataCache: Saved boot cache 0.07s 41MB C:/Users/Wade Penistone/AppData/Local/UnrealEngine/4.10/DerivedDataCache/Boot.ddc.
[2016.02.13-14.03.29:042][  0]LogInit: Texture streaming: Enabled
[2016.02.13-14.03.29:170][  0]LogAnalytics: Creating configured Analytics provider AnalyticsET
[2016.02.13-14.03.29:171][  0]LogAnalytics: [UEEditor.Rocket.Release] APIServer = http://et2.epicgames.com/ET2/. AppVersion = 4.10.2-2818068+++depot+UE4-Releases+4.10
[2016.02.13-14.03.29:171][  0]LogAnalytics: [UEEditor.Rocket.Release] SetUserId bd5663b145f9aacd6080e4bee76ad43b|89c5eabcc97e4b58b5371079b5a8c543|ebb95609-1706-44b8-8098-c8f94c86bdaa
[2016.02.13-14.03.29:186][  0]LogAnalytics: [UEEditor.Rocket.Release] AnalyticsET::StartSession
[2016.02.13-14.03.29:360][  0]LogWindowsTextInputMethodSystem:Display: IME system now deactivated.
[2016.02.13-14.03.30:660][  0]LogInit: Transaction tracking system initialized
[2016.02.13-14.03.32:529][  0]BlueprintLog: New page: Editor Load
[2016.02.13-14.03.37:233][  0]LocalizationService: Info Localization service is disabled
[2016.02.13-14.03.40:091][  0]LogConsoleResponse:Display: 
[2016.02.13-14.03.44:797][  0]LogFileCache: Scanning file cache for directory 'C:/Users/Wade Penistone/Documents/Unreal Projects/TenFold/TenFold/Content/' took 0.07s
[2016.02.13-14.03.44:797][  0]LogCook:Display: Done creating registry. It took  0.00s.
[2016.02.13-14.03.49:754][  0]SourceControl: Info Source control is disabled
[2016.02.13-14.03.50:167][  0]Cmd: MAP LOAD FILE="../../../../../../Users/Wade Penistone/Documents/Unreal Projects/TenFold/TenFold/Content/Levels/Launcher.umap" TEMPLATE=0 SHOWPROGRESS=1 FEATURELEVEL=3
[2016.02.13-14.03.50:575][  0]LightingResults: New page: Lighting Build
[2016.02.13-14.03.51:596][  0]MapCheck: New page: Map Check
[2016.02.13-14.03.51:596][  0]LightingResults: New page: Lighting Build
[2016.02.13-14.03.53:786][  0]LogParticles: Destroying 0 GPU particle simulations for FXSystem 0x0000024E01996160
[2016.02.13-14.04.02:512][  0]LogAIModule: Creating AISystem for world Launcher
[2016.02.13-14.04.05:352][  0]LogEditorServer: Finished looking for orphan Actors (0.006 secs)
[2016.02.13-14.04.05:516][  0]Cmd: MAP CHECKDEP NOCLEARLOG
[2016.02.13-14.04.05:853][  0]MapCheck: Info Map check complete: 0 Error(s), 0 Warning(s), took 336.386ms to complete.
[2016.02.13-14.04.05:870][  0]LogFileHelpers: Loading map 'Launcher' took 15.960
[2016.02.13-14.04.15:536][  0]LogCollectionManager: Loaded 0 collections in 0.012405 seconds
[2016.02.13-14.04.16:291][  0]LogFileCache: Scanning file cache for directory 'C:/Users/Wade Penistone/Documents/Unreal Projects/TenFold/TenFold/Saved/Collections/' took 0.01s
[2016.02.13-14.04.16:291][  0]LogFileCache: Scanning file cache for directory 'C:/Users/Wade Penistone/Documents/Unreal Projects/TenFold/TenFold/Content/Developers/WadePenistone/Collections/' took 0.01s
[2016.02.13-14.04.16:291][  0]LogFileCache: Scanning file cache for directory 'C:/Users/Wade Penistone/Documents/Unreal Projects/TenFold/TenFold/Content/Collections/' took 0.01s
[2016.02.13-14.04.16:291][  0]LogCollectionManager: Rebuilt the GUID cache for 0 collections in 0.000007 seconds
[2016.02.13-14.04.16:535][  0]LogContentBrowser: Native class hierarchy populated in 0.1914 seconds. Added 1896 classes and 341 folders.
[2016.02.13-14.04.17:184][  0]LogContentBrowser: Native class hierarchy updated for 'WidgetCarousel' in 0.0023 seconds. Added 0 classes and 0 folders.
[2016.02.13-14.04.22:872][  0]LogContentBrowser: Native class hierarchy updated for 'AddContentDialog' in 0.0025 seconds. Added 0 classes and 0 folders.
[2016.02.13-14.04.24:132][  0]LogContentBrowser: Native class hierarchy updated for 'SceneOutliner' in 0.0028 seconds. Added 1 classes and 2 folders.
[2016.02.13-14.04.30:446][  0]LogCrashTracker: Crashtracker disabled due to settings.
[2016.02.13-14.04.32:664][  0]LogUObjectGlobals:Warning: Failed to find object 'Class None.'
[2016.02.13-14.04.33:078][  0]LogLoad: Full Startup: 132.46 seconds (BP compile: 2.22 seconds)
[2016.02.13-14.04.33:499][  0]LogOcInput: Can't find Oculus library dev build: is proper Runtime installed? Version: 0.8.0.0
[2016.02.13-14.04.37:891][  0]LogContentStreaming: Texture pool size now 1000 MB
[2016.02.13-14.04.44:461][  0]LogRenderer: Reallocating scene render targets to support 1200x564 (Frame:2).
[2016.02.13-14.04.49:237][ 10]LogAssetRegistry: Asset discovery search completed in 89.4907 seconds
[2016.02.13-14.04.49:297][ 10]LogCollectionManager: Rebuilt the object cache for 0 collections in 0.000003 seconds (found 0 objects)
[2016.02.13-14.04.49:298][ 10]LogCollectionManager: Fixed up redirectors for 0 collections in 0.013494 seconds (updated 0 objects)
[2016.02.13-14.04.53:801][134]LogRenderer: Reallocating scene render targets to support 1200x588 (Frame:70).
[2016.02.13-14.07.01:080][769]LogMaterial: Missing cached shader map for material BluMaterial, compiling. 
[2016.02.13-14.07.03:716][769]LogMaterial: Missing cached shader map for material BluMaterial, compiling. 
[2016.02.13-14.07.03:747][769]LogMaterial: 0.016279 seconds spent updating 1 materials, 1 interfaces, 0 instances, 0 with static permutations.
[2016.02.13-14.07.11:021][863]MaterialEditorStats: Info Base pass shader with only dynamic lighting: 31 instructions
[2016.02.13-14.07.11:021][863]MaterialEditorStats: Info Vertex shader: 31 instructions
[2016.02.13-14.07.11:021][863]MaterialEditorStats: Info Texture samplers: 0/16
[2016.02.13-14.08.23:403][ 87]LogMaterial: Missing cached shader map for material BluMaterial, compiling. 
[2016.02.13-14.08.23:409][ 87]LogMaterial: 0.000162 seconds spent updating 1 materials, 1 interfaces, 0 instances, 0 with static permutations.
[2016.02.13-14.08.23:411][ 87]LogMaterial: Missing cached shader map for material FMatExpressionPreview MaterialExpressionTextureSampleParameter2D_0, compiling. 
[2016.02.13-14.08.23:546][ 87]LogMaterial: Missing cached shader map for material BluMaterial, compiling. 
[2016.02.13-14.08.23:553][ 87]LogMaterial: 0.000152 seconds spent updating 1 materials, 1 interfaces, 0 instances, 0 with static permutations.
[2016.02.13-14.08.23:582][ 87]LogMaterial: Missing cached shader map for material FMatExpressionPreview MaterialExpressionTextureSampleParameter2D_0, compiling. 
[2016.02.13-14.08.39:855][ 21]MaterialEditorStats: Info Base pass shader with only dynamic lighting: 32 instructions
[2016.02.13-14.08.39:855][ 21]MaterialEditorStats: Info Vertex shader: 33 instructions
[2016.02.13-14.08.39:855][ 21]MaterialEditorStats: Info Texture samplers: 1/16
[2016.02.13-14.09.50:434][797]LogMaterial: Missing cached shader map for material BluMaterial, compiling. 
[2016.02.13-14.09.50:441][797]LogMaterial: 0.000164 seconds spent updating 1 materials, 1 interfaces, 0 instances, 0 with static permutations.
[2016.02.13-14.09.50:467][797]LogMaterial: Missing cached shader map for material FMatExpressionPreview MaterialExpressionTextureSampleParameter2D_0, compiling. 
[2016.02.13-14.09.50:546][800]LogMaterial: Missing cached shader map for material BluMaterial, compiling. 
[2016.02.13-14.09.50:553][800]LogMaterial: 0.000096 seconds spent updating 1 materials, 1 interfaces, 0 instances, 0 with static permutations.
[2016.02.13-14.09.50:581][800]LogMaterial: Missing cached shader map for material FMatExpressionPreview MaterialExpressionTextureSampleParameter2D_0, compiling. 
[2016.02.13-14.10.01:901][410]LogMaterial: Missing cached shader map for material BluMaterial, compiling. 
[2016.02.13-14.10.01:908][410]LogMaterial: 0.000098 seconds spent updating 1 materials, 1 interfaces, 0 instances, 0 with static permutations.
[2016.02.13-14.10.01:935][410]LogMaterial: Missing cached shader map for material FMatExpressionPreview MaterialExpressionTextureSampleParameter2D_0, compiling. 
[2016.02.13-14.10.17:854][279]MaterialEditorStats: Info Base pass shader with only dynamic lighting: 32 instructions
[2016.02.13-14.10.17:854][279]MaterialEditorStats: Info Vertex shader: 33 instructions
[2016.02.13-14.10.17:854][279]MaterialEditorStats: Info Texture samplers: 1/16
[2016.02.13-14.10.35:146][201]LogMaterialEditor: Saving and Compiling material BluMaterial
[2016.02.13-14.10.36:223][201]LogMaterial: Missing cached shader map for material BluMaterial, compiling. 
[2016.02.13-14.10.36:240][201]LogMaterial: 0.000154 seconds spent updating 1 materials, 1 interfaces, 0 instances, 0 with static permutations.
[2016.02.13-14.10.36:351][201]LogMaterial: Missing cached shader map for material BluMaterial, compiling. 
[2016.02.13-14.10.36:369][201]LogMaterial: Missing cached shader map for material BluMaterial, compiling. 
[2016.02.13-14.10.36:378][201]LogMaterial: 0.000615 seconds spent updating 1 materials, 1 interfaces, 0 instances, 0 with static permutations.
[2016.02.13-14.10.41:509][201]Cmd: OBJ SAVEPACKAGE PACKAGE="/Game/Widget/BluMaterial" FILE="../../../../../../Users/Wade Penistone/Documents/Unreal Projects/TenFold/TenFold/Content/Widget/BluMaterial.uasset" SILENT=true
[2016.02.13-14.10.41:738][201]LogSavePackage: Save=184.728653ms
[2016.02.13-14.10.41:738][201]LogSavePackage: Moving '../../../../../../Users/Wade Penistone/Documents/Unreal Projects/TenFold/TenFold/Saved/BluMaterialF74768D04A67DE06039FC18C7FA0217E.tmp' to '../../../../../../Users/Wade Penistone/Documents/Unreal Projects/TenFold/TenFold/Content/Widget/BluMaterial.uasset'
[2016.02.13-14.10.41:747][201]LogSavePackage: Total save time: 216.927361ms
[2016.02.13-14.10.41:747][201]LogSavePackage:Display: Finished SavePackage ../../../../../../Users/Wade Penistone/Documents/Unreal Projects/TenFold/TenFold/Content/Widget/BluMaterial.uasset
[2016.02.13-14.10.41:756][201]MaterialEditorStats: Info Base pass shader with only dynamic lighting: 61 instructions
[2016.02.13-14.10.41:756][201]MaterialEditorStats: Info Vertex shader: 33 instructions
[2016.02.13-14.10.41:756][201]MaterialEditorStats: Info Texture samplers: 4/16
[2016.02.13-14.12.29:474][698]LogBlueprint:Warning: [compiler ExampleHUD] Warning Event Reply  Return Value  should not be empty.  Return a reply such as Handled or Unhandled.
[2016.02.13-14.12.29:474][698]LogBlueprint:Warning: [compiler ExampleHUD] Warning Event Reply  Return Value  should not be empty.  Return a reply such as Handled or Unhandled.
[2016.02.13-14.12.29:475][698]LogBlueprint:Warning: [compiler ExampleHUD] Warning Event Reply  Return Value  should not be empty.  Return a reply such as Handled or Unhandled.
[2016.02.13-14.12.29:475][698]LogBlueprint:Warning: [compiler ExampleHUD] Warning Event Reply  Return Value  should not be empty.  Return a reply such as Handled or Unhandled.
[2016.02.13-14.12.29:484][698]LogBlueprint:Warning: [compiler ExampleHUD] Warning [0608.86] Compile of ExampleHUD successful, but with 4 Warning(s) [in 23 ms]
[2016.02.13-14.12.29:484][698]LogBlueprint:Warning: [compiler ExampleHUD] Warning [0608.86] Compile of ExampleHUD successful, but with 5 Warning(s) [in 0 ms]
[2016.02.13-14.12.29:484][698]LogBlueprint:Warning: [compiler ExampleHUD] Warning [0608.86] Compile of ExampleHUD successful, but with 6 Warning(s) [in 0 ms]
[2016.02.13-14.12.29:496][698]LogBlueprint:Warning: [compiler ExampleHUD] Warning Event Reply  Return Value  should not be empty.  Return a reply such as Handled or Unhandled.
[2016.02.13-14.12.29:497][698]LogBlueprint:Warning: [compiler ExampleHUD] Warning Event Reply  Return Value  should not be empty.  Return a reply such as Handled or Unhandled.
[2016.02.13-14.12.29:497][698]LogBlueprint:Warning: [compiler ExampleHUD] Warning Event Reply  Return Value  should not be empty.  Return a reply such as Handled or Unhandled.
[2016.02.13-14.12.29:497][698]LogBlueprint:Warning: [compiler ExampleHUD] Warning Event Reply  Return Value  should not be empty.  Return a reply such as Handled or Unhandled.
[2016.02.13-14.12.29:498][698]LogBlueprint:Warning: [compiler ExampleHUD] Warning [0608.88] Compile of ExampleHUD successful, but with 4 Warning(s) [in 8 ms]
[2016.02.13-14.12.29:499][698]LogBlueprint:Warning: [compiler ExampleHUD] Warning [0608.88] Compile of ExampleHUD successful, but with 5 Warning(s) [in 0 ms]
[2016.02.13-14.12.29:499][698]LogBlueprint:Warning: [compiler ExampleHUD] Warning [0608.88] Compile of ExampleHUD successful, but with 6 Warning(s) [in 0 ms]
[2016.02.13-14.13.31:279][958]LogLinker:Warning: Asset '../../../Engine/Content/ArtTools/RenderToTexture/Macros/RenderToTextureMacros.uasset' has been saved with empty engine version. The asset will be loaded but may be incompatible.
[2016.02.13-14.13.32:615][958]LogContentBrowser: Native class hierarchy updated for 'BlueprintGraph' in 0.0021 seconds. Added 107 classes and 0 folders.
[2016.02.13-14.20.05:240][896]LogContentBrowser: Native class hierarchy updated for 'WorldBrowser' in 0.0023 seconds. Added 1 classes and 3 folders.
[2016.02.13-14.21.10:818][285]BlueprintLog: New page: Compile Launcher
[2016.02.13-14.21.11:375][285]LogParticles: Destroying 0 GPU particle simulations for FXSystem 0x0000024E0AC419E0
[2016.02.13-14.21.11:377][285]LogParticles: Destroying 0 GPU particle simulations for FXSystem 0x0000024E2893F6A0
[2016.02.13-14.21.11:380][285]LogParticles: Destroying 0 GPU particle simulations for FXSystem 0x0000024E398AA840
[2016.02.13-14.21.11:474][285]BlueprintEditorCompileResults: Info [1130.85] Compile of Launcher successful! [in 655 ms]
[2016.02.13-14.21.47:715][ 54]LogParticles: Destroying 0 GPU particle simulations for FXSystem 0x0000024E12009EE0
[2016.02.13-14.21.48:244][ 54]LogSavePackage: Save=224.940247ms
[2016.02.13-14.21.48:244][ 54]LogSavePackage: Moving '../../../../../../Users/Wade Penistone/Documents/Unreal Projects/TenFold/TenFold/Saved/Launcher0534BAFE4FCEFAD4DCC20F84B935B3FA.tmp' to '../../../../../../Users/Wade Penistone/Documents/Unreal Projects/TenFold/TenFold/Content/Levels/Launcher.umap'
[2016.02.13-14.21.48:247][ 54]LogSavePackage: Total save time: 309.239373ms
[2016.02.13-14.21.48:247][ 54]LogSavePackage:Display: Finished SavePackage ../../../../../../Users/Wade Penistone/Documents/Unreal Projects/TenFold/TenFold/Content/Levels/Launcher.umap
[2016.02.13-14.21.48:337][ 54]LogFileHelpers: Saving map 'Launcher' took 0.589
[