[2016.02.13-16.34.26:397][  0]Log file open, 02/13/16 17:34:26
[2016.02.13-16.34.26:397][  0]LogInit:Display: Running engine for game: TenFold
[2016.02.13-16.34.26:397][  0]LogPlatformFile: Not using cached read wrapper
[2016.02.13-16.34.26:397][  0]LogInit:Display: RandInit(410060471) SRandInit(410060472).
[2016.02.13-16.34.26:397][  0]LogTaskGraph: Started task graph with 4 named threads and 7 total threads.
[2016.02.13-16.34.26:397][  0]LogStats: Stats thread started at 0.098481
[2016.02.13-16.34.26:397][  0]LogInit:Warning: Incompatible or missing module: UE4Editor-TenFold.dll
[2016.02.13-16.34.26:397][  0]LogInit:Warning: Incompatible or missing module: UE4Editor-BluLoader.dll
[2016.02.13-16.34.26:397][  0]LogInit:Warning: Incompatible or missing module: UE4Editor-Blu.dll
[2016.02.13-16.35.21:261][  0]Running C:/Program Files (x86)/Epic Games/4.10/Engine/Binaries/DotNET/UnrealBuildTool.exe TenFold Development Win64 -project="D:/Github/TenFold/TenFold/TenFold.uproject" -rocket -editorrecompile -progress -noubtmakefiles -2015
[2016.02.13-16.35.45:403][  0]@progress push 5%
[2016.02.13-16.35.46:405][  0]Parsing headers for TenFoldEditor
[2016.02.13-16.35.46:405][  0]  Running UnrealHeaderTool "D:/Github/TenFold/TenFold/TenFold.uproject" "D:\Github\TenFold\TenFold\Intermediate\Build\Win64\TenFoldEditor\Development\UnrealHeaderTool.manifest" -LogCmds="loginit warning, logexit warning, logdatabase error" -rocket -installed
[2016.02.13-16.35.54:520][  0]Reflection code generated for TenFoldEditor in 8,158677 seconds
[2016.02.13-16.35.54:821][  0]@progress pop
[2016.02.13-16.35.57:528][  0]Performing 22 actions (4 in parallel)
[2016.02.13-16.35.57:530][  0][4/22] Resource PCLaunch.rc
[2016.02.13-16.35.57:630][  0]PCH.TenFold.h.cpp
[2016.02.13-16.35.57:630][  0]PCH.BluPrivatePCH.h.cpp
[2016.02.13-16.35.57:632][  0]PCH.BluLoaderPrivatePCH.h.cpp
[2016.02.13-16.35.57:934][  0][5/22] Resource ModuleVersionResource.rc.inl
[2016.02.13-16.35.58:134][  0][6/22] Resource ModuleVersionResource.rc.inl
[2016.02.13-16.35.58:335][  0][7/22] Resource ModuleVersionResource.rc.inl
[2016.02.13-16.35.58:536][  0][8/22] Resource PCLaunch.rc
[2016.02.13-16.35.58:736][  0][9/22] Resource PCLaunch.rc
[2016.02.13-16.37.00:661][  0]TenFold.cpp
[2016.02.13-16.37.00:661][  0]Helper.cpp
[2016.02.13-16.37.00:662][  0]BluLoader.cpp
[2016.02.13-16.37.04:871][  0]Blu.generated.cpp
[2016.02.13-16.37.21:820][  0]BluManager.cpp
[2016.02.13-16.37.22:923][  0]RenderHandler.cpp
[2016.02.13-16.37.24:627][  0]BluJsonObj.cpp
[2016.02.13-16.37.27:235][  0]Blu.cpp
[2016.02.13-16.37.28:138][  0]BluBluprintFunctionLibrary.cpp
[2016.02.13-16.37.29:240][  0]BluEye.cpp
[2016.02.13-16.37.30:744][  0][20/22] Link UE4Editor-Blu.dll
[2016.02.13-16.37.31:045][  0]LINK : fatal error LNK1181: cannot open input file 'D:\Github\TenFold\TenFold\Plugins\BLUI\ThirdParty\cef/Win/lib\libcef.lib'
[2016.02.13-16.37.56:219][  0][21/22] Link UE4Editor-BluLoader.dll
[2016.02.13-16.37.56:420][  0]   Creating library D:\Github\TenFold\TenFold\Plugins\BLUI\Intermediate/Build/Win64\UE4Editor\Development\UE4Editor-BluLoader.lib and object D:\Github\TenFold\TenFold\Plugins\BLUI\Intermediate/Build/Win64\UE4Editor\Development\UE4Editor-BluLoader.exp
[2016.02.13-16.37.57:022][  0]-------- End Detailed Actions Stats -----------------------------------------------------------
[2016.02.13-16.37.57:022][  0]ERROR: UBT ERROR: Failed to produce item: D:\Github\TenFold\TenFold\Plugins\BLUI\Binaries\Win64\UE4Editor-Blu.dll
[2016.02.13-16.37.57:022][  0]Total build time: 155,68 seconds
[2016.02.13-16.38.01:693][  0]LogInit:Warning: Still incompatible or missing module: UE4Editor-TenFold.dll
[2016.02.13-16.38.01:693][  0]LogInit:Warning: Still incompatible or missing module: UE4Editor-Blu.dll
[2016.02.13-16.38.07:742][  0]LogExit: Preparing to exit.
[2016.02.13-16.38.07:757][  0]LogModuleManager: Shutting down and abandoning module DesktopPlatform (15)
[2016.02.13-16.38.07:758][  0]LogModuleManager: Shutting down and abandoning module TextureCompressor (14)
[2016.02.13-16.38.07:759][  0]LogModuleManager: Shutting down and abandoning module ShaderCore (13)
[2016.02.13-16.38.07:759][  0]LogModuleManager: Shutting down and abandoning module Landscape (12)
[2016.02.13-16.38.07:759][  0]LogModuleManager: Shutting down and abandoning module SlateRHIRenderer (11)
[2016.02.13-16.38.07:760][  0]LogModuleManager: Shutting down and abandoning module OpenGLDrv (10)
[2016.02.13-16.38.07:761][  0]LogModuleManager: Shutting down and abandoning module D3D11RHI (9)
[2016.02.13-16.38.07:762][  0]LogModuleManager: Shutting down and abandoning module AnimGraphRuntime (8)
[2016.02.13-16.38.07:762][  0]LogModuleManager: Shutting down and abandoning module Renderer (7)
[2016.02.13-16.38.07:763][  0]LogModuleManager: Shutting down and abandoning module Engine (6)
[2016.02.13-16.38.07:764][  0]LogModuleManager: Shutting down and abandoning module CoreUObject (5)
[2016.02.13-16.38.07:764][  0]LogModuleManager: Shutting down and abandoning module NetworkFile (4)
[2016.02.13-16.38.07:765][  0]LogModuleManager: Shutting down and abandoning module StreamingFile (3)
[2016.02.13-16.38.07:765][  0]LogModuleManager: Shutting down and abandoning module SandboxFile (2)
[2016.02.13-16.38.07:766][  0]LogModuleManager: Shutting down and abandoning module PakFile (1)
[2016.02.13-16.38.07:769][  0]LogExit: Exiting.
[2016.02.13-16.38.07:771][  0]Log file closed, 02/13/16 17:38:07
