[2016.02.13-17.43.35:048][  0]Log file open, 02/13/16 18:43:35
[2016.02.13-17.43.35:048][  0]LogInit:Display: Running engine for game: TenFold
[2016.02.13-17.43.35:049][  0]LogPlatformFile: Not using cached read wrapper
[2016.02.13-17.43.35:049][  0]LogInit:Display: RandInit(1924195644) SRandInit(1924195645).
[2016.02.13-17.43.35:049][  0]LogTaskGraph: Started task graph with 4 named threads and 7 total threads.
[2016.02.13-17.43.35:049][  0]LogStats: Stats thread started at 0.103679
[2016.02.13-17.43.35:049][  0]LogInit: Version: 4.10.2-2818068+++depot+UE4-Releases+4.10
[2016.02.13-17.43.35:049][  0]LogInit: API Version: 2758231
[2016.02.13-17.43.35:049][  0]LogInit: Compiled (64-bit): Jan  6 2016 17:36:42
[2016.02.13-17.43.35:049][  0]LogInit: Compiled with Visual C++: 19.00.23026.00
[2016.02.13-17.43.35:049][  0]LogInit: Build Configuration: Development
[2016.02.13-17.43.35:049][  0]LogInit: Branch Name: ++depot+UE4-Releases+4.10
[2016.02.13-17.43.35:049][  0]LogInit: Command line:  /Temp/Autosaves/Game/Levels/UEDPCLauncher -game -PIEVIACONSOLE -ResX=1280 -ResY=720  -Multiprocess 
[2016.02.13-17.43.35:049][  0]LogInit: Base directory: C:/Program Files (x86)/Epic Games/4.10/Engine/Binaries/Win64/
[2016.02.13-17.43.35:049][  0]LogInit: Rocket: 1
[2016.02.13-17.43.35:084][  0]LogInit: Using libcurl 7.41.0
[2016.02.13-17.43.35:084][  0]LogInit:  - built for x86_64-pc-win32
[2016.02.13-17.43.35:084][  0]LogInit:  - supports SSL with WinSSL
[2016.02.13-17.43.35:084][  0]LogInit:  - other features:
[2016.02.13-17.43.35:084][  0]LogInit:      CURL_VERSION_SSL
[2016.02.13-17.43.35:084][  0]LogInit:      CURL_VERSION_IPV6
[2016.02.13-17.43.35:084][  0]LogInit:      CURL_VERSION_ASYNCHDNS
[2016.02.13-17.43.35:084][  0]LogInit:      CURL_VERSION_LARGEFILE
[2016.02.13-17.43.35:084][  0]LogInit:      CURL_VERSION_IDN
[2016.02.13-17.43.35:084][  0]LogInit:  CurlRequestOptions (configurable via config and command line):
[2016.02.13-17.43.35:084][  0]LogInit:  - bVerifyPeer = true  - Libcurl will verify peer certificate
[2016.02.13-17.43.35:084][  0]LogInit:  - bUseHttpProxy = false  - Libcurl will NOT use HTTP proxy
[2016.02.13-17.43.35:084][  0]LogInit:  - bDontReuseConnections = false  - Libcurl will reuse connections
[2016.02.13-17.43.35:084][  0]LogInit:  - CertBundlePath = nullptr  - Libcurl will use whatever was configured at build time.
[2016.02.13-17.43.35:099][  0]LogInit: Presizing for 0 objects not considered by GC, pre-allocating 0 bytes.
[2016.02.13-17.43.35:114][  0]LogInit: Object subsystem initialized
[2016.02.13-17.43.35:115][  0]LogInit: Selected Device Profile: [Windows]
[2016.02.13-17.43.35:115][  0]LogInit: Applying CVar settings loaded from the selected device profile: [Windows]
[2016.02.13-17.43.35:118][  0]LogInit: Computer: ROBINBÆRBAR
[2016.02.13-17.43.35:118][  0]LogInit: User: Robin
[2016.02.13-17.43.35:118][  0]LogInit: CPU Page size=4096, Cores=4
[2016.02.13-17.43.35:118][  0]LogInit: High frequency timer resolution =2.435772 MHz
[2016.02.13-17.43.35:118][  0]LogMemory: Memory total: Physical=7.9GB (8GB approx)
[2016.02.13-17.43.35:118][  0]LogMemory: Platform Memory Stats for Windows
[2016.02.13-17.43.35:118][  0]LogMemory: Process Physical Memory: 55.96 MB used, 55.96 MB peak
[2016.02.13-17.43.35:118][  0]LogMemory: Process Virtual Memory: 55.08 MB used, 55.08 MB peak
[2016.02.13-17.43.35:118][  0]LogMemory: Physical Memory: 5232.91 MB used, 8074.92 MB total
[2016.02.13-17.43.35:118][  0]LogMemory: Virtual Memory: 381.81 MB used, 134217728.00 MB total
[2016.02.13-17.43.35:192][  0]LogTextLocalizationManager: No translations for ('da-DK') exist, falling back to 'en' for localization and internationalization data.
[2016.02.13-17.43.36:089][  0]LogD3D11RHI: Found D3D11 adapter 0: NVIDIA GeForce GTX 860M      (Feature Level 11_0)
[2016.02.13-17.43.36:089][  0]LogD3D11RHI: Adapter has 1995MB of dedicated video memory, 0MB of dedicated system memory, and 4037MB of shared system memory, 2 output[s]
[2016.02.13-17.43.36:099][  0]LogD3D11RHI: Found D3D11 adapter 1: Intel(R) HD Graphics 4600 (Feature Level 11_0)
[2016.02.13-17.43.36:099][  0]LogD3D11RHI: Adapter has 112MB of dedicated video memory, 0MB of dedicated system memory, and 4037MB of shared system memory, 0 output[s]
[2016.02.13-17.43.36:101][  0]LogD3D11RHI: Found D3D11 adapter 2: Microsoft Basic Render Driver (Feature Level 11_0)
[2016.02.13-17.43.36:101][  0]LogD3D11RHI: Adapter has 0MB of dedicated video memory, 0MB of dedicated system memory, and 4037MB of shared system memory, 0 output[s]
[2016.02.13-17.43.36:101][  0]LogD3D11RHI: Chosen D3D11 Adapter Id = 0
[2016.02.13-17.43.36:107][  0]LogD3D11RHI: !Direct3DDevice
[2016.02.13-17.43.36:107][  0]LogRHI: Texture pool is 1361 MB (70% of 1945 MB)
[2016.02.13-17.43.36:136][  0]LogD3D11RHI: Async texture creation enabled
[2016.02.13-17.43.36:152][  0]LogShaderCompilers: Guid format shader working directory is 20 characters bigger than the processId version (D:/Github/TenFold/TenFold/Intermediate/Shaders/WorkingDirectory/14520/).
[2016.02.13-17.43.36:152][  0]LogShaderCompilers: Cleaned the shader compiler working directory 'C:/Users/Robin/AppData/Local/Temp/UnrealShaderWorkingDir/55BC67CF4F20DB064AEEE3BE8645F77F/'.
[2016.02.13-17.43.36:152][  0]LogShaderCompilers:Display: Using Local Shader Compiler.
[2016.02.13-17.43.37:170][  0]LogTemp:Display: Loaded TP AllDesktopTargetPlatform
[2016.02.13-17.43.37:175][  0]LogTemp:Display: Loaded TP WindowsClientTargetPlatform
[2016.02.13-17.43.37:181][  0]LogTemp:Display: Loaded TP WindowsNoEditorTargetPlatform
[2016.02.13-17.43.37:186][  0]LogTemp:Display: Loaded TP WindowsServerTargetPlatform
[2016.02.13-17.43.37:191][  0]LogTemp:Display: Loaded TP WindowsTargetPlatform
[2016.02.13-17.43.37:194][  0]LogTemp:Display: Loaded TP AndroidTargetPlatform
[2016.02.13-17.43.37:198][  0]LogTemp:Display: Loaded TP Android_ASTCTargetPlatform
[2016.02.13-17.43.37:200][  0]LogTemp:Display: Loaded TP Android_ATCTargetPlatform
[2016.02.13-17.43.37:203][  0]LogTemp:Display: Loaded TP Android_DXTTargetPlatform
[2016.02.13-17.43.37:206][  0]LogTemp:Display: Loaded TP Android_ETC1TargetPlatform
[2016.02.13-17.43.37:208][  0]LogTemp:Display: Loaded TP Android_ETC2TargetPlatform
[2016.02.13-17.43.37:215][  0]LogTemp:Display: Loaded TP Android_MultiTargetPlatform
[2016.02.13-17.43.37:215][  0]LogTemp:Display: Loaded TP Android_PVRTCTargetPlatform
[2016.02.13-17.43.37:215][  0]LogTemp:Display: Loaded TP HTML5TargetPlatform
[2016.02.13-17.43.37:234][  0]LogTemp:Display: Loaded TP IOSTargetPlatform
[2016.02.13-17.43.37:237][  0]LogTemp:Display: Loaded TP LinuxNoEditorTargetPlatform
[2016.02.13-17.43.37:239][  0]LogTemp:Display: Loaded TP LinuxServerTargetPlatform
[2016.02.13-17.43.37:243][  0]LogTemp:Display: Loaded TP LinuxTargetPlatform
[2016.02.13-17.43.37:243][  0]LogTargetPlatformManager:Display: Building Assets For Windows
[2016.02.13-17.43.37:376][  0]LogDerivedDataCache:Display: Max Cache Size: 512 MB
[2016.02.13-17.43.37:447][  0]LogDerivedDataCache: Loaded boot cache 0.07s 41MB C:/Users/Robin/AppData/Local/UnrealEngine/4.10/DerivedDataCache/Boot.ddc.
[2016.02.13-17.43.37:447][  0]LogDerivedDataCache:Display: Loaded Boot cache: C:/Users/Robin/AppData/Local/UnrealEngine/4.10/DerivedDataCache/Boot.ddc
[2016.02.13-17.43.37:447][  0]LogDerivedDataCache: FDerivedDataBackendGraph:  Pak pak cache file D:/Github/TenFold/TenFold/DerivedDataCache/DDC.ddp not found, will not use a pak cache.
[2016.02.13-17.43.37:447][  0]LogDerivedDataCache: Unable to find inner node Pak for hierarchical cache Hierarchy.
[2016.02.13-17.43.37:447][  0]LogDerivedDataCache: FDerivedDataBackendGraph:  CompressedPak pak cache file D:/Github/TenFold/TenFold/DerivedDataCache/Compressed.ddp not found, will not use a pak cache.
[2016.02.13-17.43.37:447][  0]LogDerivedDataCache: Unable to find inner node CompressedPak for hierarchical cache Hierarchy.
[2016.02.13-17.43.37:520][  0]LogDerivedDataCache:Display: Pak cache opened for reading ../../../Engine/DerivedDataCache/Compressed.ddp.
[2016.02.13-17.43.37:532][  0]LogDerivedDataCache: Using Local data cache path C:/Users/Robin/AppData/Local/UnrealEngine/Common/DerivedDataCache: Writable
[2016.02.13-17.43.37:734][  0]LogInit: Selected Device Profile: [Windows]
[2016.02.13-17.43.37:737][  0]LogContentStreaming: Texture pool size is 1000.000000MB
[2016.02.13-17.43.37:863][  0]LogMeshUtilities: No automatic mesh reduction module available
[2016.02.13-17.43.37:863][  0]LogMeshUtilities: No automatic mesh merging module available
[2016.02.13-17.43.38:124][  0]LogInit: WinSock: version 1.1 (2.2), MaxSocks=32767, MaxUdp=65467
[2016.02.13-17.43.38:392][  0]LogWindowsMoviePlayer: Unable to load movie: D:/Github/TenFold/TenFold/Content/Movies/Default_Startup.mp4
[2016.02.13-17.43.38:546][  0]LogBluLoader: patched dll directory paths
[2016.02.13-17.43.38:546][  0]LogBluLoader: STATUS: BLUI Ready to Load!
[2016.02.13-17.43.38:616][  0]LogBlu:  STATUS: Loaded
[2016.02.13-17.43.38:669][  0]SourceControl: Info Source control is disabled
[2016.02.13-17.43.38:669][  0]SourceControl: Info Source control is disabled
[2016.02.13-17.43.38:699][  0]SourceControl: Info Source control is disabled
[2016.02.13-17.43.38:993][  0]LogObj: 28084 objects as part of root set at end of initial load.
[2016.02.13-17.43.38:993][  0]LogUObjectAllocator: 5855624 out of 0 bytes used by permanent object pool.
[2016.02.13-17.43.39:083][  0]LogEngine: Initializing Engine...
[2016.02.13-17.43.39:086][  0]OCULUS: Info: 02/13/16 17:43:39: [CAPI] LibOVR module is located at C:\WINDOWS\SYSTEM32\LibOVRRT64_0_8.dll

[2016.02.13-17.43.39:087][  0]LogHMD: SteamVR failed to initialize.  Err: 110
[2016.02.13-17.43.39:261][  0]LogInit: XAudio2 using 'Højttalere (Sound Blaster R3/A6U)' : 2 channels at 48 kHz using 24 bits per sample (channel mask 0x3)
[2016.02.13-17.43.39:273][  0]LogInit: FAudioDevice initialized.
[2016.02.13-17.43.39:283][  0]LogInit: Texture streaming: Enabled
[2016.02.13-17.43.39:413][  0]LogNet: Browse: /Temp/Autosaves/Game/Levels/UEDPCLauncher?Name=Player
[2016.02.13-17.43.39:414][  0]LogLoad: LoadMap: /Temp/Autosaves/Game/Levels/UEDPCLauncher?Name=Player
[2016.02.13-17.43.39:437][  0]LogParticles: Destroying 0 GPU particle simulations for FXSystem 0x000001AC79156AC0
[2016.02.13-17.43.39:454][  0]LogMemory: Platform Memory Stats for Windows
[2016.02.13-17.43.39:454][  0]LogMemory: Process Physical Memory: 407.59 MB used, 407.59 MB peak
[2016.02.13-17.43.39:454][  0]LogMemory: Process Virtual Memory: 452.77 MB used, 452.77 MB peak
[2016.02.13-17.43.39:454][  0]LogMemory: Physical Memory: 5538.67 MB used, 8074.92 MB total
[2016.02.13-17.43.39:454][  0]LogMemory: Virtual Memory: 1159.77 MB used, 134217728.00 MB total
[2016.02.13-17.43.39:454][  0]LogMemory: 
[2016.02.13-17.43.39:454][  0]Allocator Stats for TBB: (not implemented)
[2016.02.13-17.43.39:611][  0]LogBlueprint:Warning: [compiler ExampleHUD] Warning Event Reply  ReturnValue  should not be empty.  Return a reply such as Handled or Unhandled.
[2016.02.13-17.43.39:611][  0]LogBlueprint:Warning: [compiler ExampleHUD] Warning Event Reply  ReturnValue  should not be empty.  Return a reply such as Handled or Unhandled.
[2016.02.13-17.43.39:611][  0]LogBlueprint:Warning: [compiler ExampleHUD] Warning Event Reply  ReturnValue  should not be empty.  Return a reply such as Handled or Unhandled.
[2016.02.13-17.43.39:611][  0]LogBlueprint:Warning: [compiler ExampleHUD] Warning Event Reply  ReturnValue  should not be empty.  Return a reply such as Handled or Unhandled.
[2016.02.13-17.43.39:612][  0]LogBlueprint:Warning: [compiler ExampleHUD] Warning [0005.85] Compile of ExampleHUD successful, but with 4 Warning(s) [in 6 ms]
[2016.02.13-17.43.39:612][  0]LogBlueprint:Warning: [compiler ExampleHUD] Warning [0005.85] Compile of ExampleHUD successful, but with 5 Warning(s) [in 0 ms]
[2016.02.13-17.43.39:612][  0]LogBlueprint:Warning: [compiler ExampleHUD] Warning [0005.85] Compile of ExampleHUD successful, but with 6 Warning(s) [in 0 ms]
[2016.02.13-17.43.39:680][  0]LogBlueprint:Warning: [compiler ExampleHUD] Warning Event Reply  ReturnValue  should not be empty.  Return a reply such as Handled or Unhandled.
[2016.02.13-17.43.39:680][  0]LogBlueprint:Warning: [compiler ExampleHUD] Warning Event Reply  ReturnValue  should not be empty.  Return a reply such as Handled or Unhandled.
[2016.02.13-17.43.39:680][  0]LogBlueprint:Warning: [compiler ExampleHUD] Warning Event Reply  ReturnValue  should not be empty.  Return a reply such as Handled or Unhandled.
[2016.02.13-17.43.39:680][  0]LogBlueprint:Warning: [compiler ExampleHUD] Warning Event Reply  ReturnValue  should not be empty.  Return a reply such as Handled or Unhandled.
[2016.02.13-17.43.39:681][  0]LogBlueprint:Warning: [compiler ExampleHUD] Warning [0005.92] Compile of ExampleHUD successful, but with 4 Warning(s) [in 4 ms]
[2016.02.13-17.43.39:681][  0]LogBlueprint:Warning: [compiler ExampleHUD] Warning [0005.92] Compile of ExampleHUD successful, but with 5 Warning(s) [in 0 ms]
[2016.02.13-17.43.39:681][  0]LogBlueprint:Warning: [compiler ExampleHUD] Warning [0005.92] Compile of ExampleHUD successful, but with 6 Warning(s) [in 0 ms]
[2016.02.13-17.43.39:740][  0]LogAIModule: Creating AISystem for world Launcher
[2016.02.13-17.43.39:740][  0]LogWorld: Game class is 'MenuGameMode_C'
[2016.02.13-17.43.39:743][  0]LogWorld: Bringing World /Temp/Autosaves/Game/Levels/UEDPCLauncher.Launcher up for play (max tick rate 0) at 2016.02.13-18.43.39
[2016.02.13-17.43.39:744][  0]LogWorld: Bringing up level for play took: 0.002251
[2016.02.13-17.43.39:750][  0]LogBlu: Component Initialized
[2016.02.13-17.43.39:750][  0]LogBlu: Loading URL: blui://UI/home_screen.html
[2016.02.13-17.43.39:750][  0]LogBlu: Load Local File: file:///D:/Github/TenFold/TenFold/UI/home_screen.html
[2016.02.13-17.43.39:760][  0]LogInit:Display: Game Engine Initialized.
[2016.02.13-17.43.40:003][  0]LogLoad: Full Startup: 6.24 seconds (BP compile: 0.08 seconds)
[2016.02.13-17.43.40:021][  0]LogWindowsTextInputMethodSystem:Display: IME system now deactivated.
[2016.02.13-17.43.40:021][  0]LogOcInput: OculusInput is initialized. Init status -3003. Runtime version: (Unable to load LibOVR)
[2016.02.13-17.43.40:137][  2]LogRenderer: Reallocating scene render targets to support 1280x720 (Frame:2).
[2016.02.13-17.43.41:400][ 62]LogRenderer: Reallocating scene render targets to support 1920x1020 (Frame:65).
[2016.02.13-17.43.44:652][254]LogWindowsTextInputMethodSystem:Display: IME system now deactivated.
[2016.02.13-17.43.44:655][254]LogEngine: All Windows Closed
[2016.02.13-17.43.44:655][254]LogWindows: FPlatformMisc::RequestExit(0)
[2016.02.13-17.43.45:090][255]LogExit: Preparing to exit.
[2016.02.13-17.43.45:189][255]LogBlu:Warning: Browser Closing
[2016.02.13-17.43.45:204][255]LogExit: Game engine shut down
[2016.02.13-17.43.45:205][255]LogParticles: Destroying 0 GPU particle simulations for FXSystem 0x000001AC7AEE5EE0
[2016.02.13-17.43.45:466][255]LogExit: Object subsystem successfully closed.
[2016.02.13-17.43.45:487][255]LogD3D11RHI: Shutdown
[2016.02.13-17.43.45:488][255]LogD3D11RHI: CleanupD3DDevice
[2016.02.13-17.43.45:623][255]LogD3D11RHI: ~FD3D11DynamicRHI
[2016.02.13-17.43.45:637][255]LogModuleManager: Shutting down and abandoning module AndroidDeviceDetection (120)
[2016.02.13-17.43.46:028][255]LogModuleManager: Shutting down and abandoning module AutomationController (119)
[2016.02.13-17.43.46:028][255]LogModuleManager: Shutting down and abandoning module AutomationWorker (118)
[2016.02.13-17.43.46:028][255]LogModuleManager: Shutting down and abandoning module CharacterAI (117)
[2016.02.13-17.43.46:028][255]LogModuleManager: Shutting down and abandoning module AITestSuite (116)
[2016.02.13-17.43.46:028][255]LogModuleManager: Shutting down and abandoning module GameplayDebugger (115)
[2016.02.13-17.43.46:028][255]LogModuleManager: Shutting down and abandoning module AIModule (114)
[2016.02.13-17.43.46:028][255]LogModuleManager: Shutting down and abandoning module MovieSceneCapture (113)
[2016.02.13-17.43.46:028][255]LogModuleManager: Shutting down and abandoning module GameLiveStreaming (112)
[2016.02.13-17.43.46:029][255]LogModuleManager: Shutting down and abandoning module StreamingPauseRendering (111)
[2016.02.13-17.43.46:029][255]LogModuleManager: Shutting down and abandoning module ProfilerService (110)
[2016.02.13-17.43.46:267][255]LogModuleManager: Shutting down and abandoning module TaskGraph (109)
[2016.02.13-17.43.46:267][255]LogModuleManager: Shutting down and abandoning module SlateRemote (108)
[2016.02.13-17.43.46:267][255]LogModuleManager: Shutting down and abandoning module SteamVRController (107)
[2016.02.13-17.43.46:267][255]LogModuleManager: Shutting down and abandoning module SteamVR (106)
[2016.02.13-17.43.46:267][255]LogModuleManager: Shutting down and abandoning module ProceduralMeshComponent (105)
[2016.02.13-17.43.46:267][255]LogModuleManager: Shutting down and abandoning module OculusLibrary (104)
[2016.02.13-17.43.46:267][255]LogModuleManager: Shutting down and abandoning module OculusInput (103)
[2016.02.13-17.43.46:267][255]LogModuleManager: Shutting down and abandoning module LeapMotionController (102)
[2016.02.13-17.43.46:304][255]LogModuleManager: Shutting down and abandoning module CustomMeshComponent (101)
[2016.02.13-17.43.46:304][255]LogModuleManager: Shutting down and abandoning module CableComponent (100)
[2016.02.13-17.43.46:304][255]LogModuleManager: Shutting down and abandoning module ArchVisCharacter (99)
[2016.02.13-17.43.46:304][255]LogModuleManager: Shutting down and abandoning module HTML5Networking (98)
[2016.02.13-17.43.46:304][255]LogModuleManager: Shutting down and abandoning module DesktopPlatform (97)
[2016.02.13-17.43.46:304][255]LogModuleManager: Shutting down and abandoning module DirectoryWatcher (96)
[2016.02.13-17.43.46:304][255]LogModuleManager: Shutting down and abandoning module HotReload (95)
[2016.02.13-17.43.46:304][255]LogModuleManager: Shutting down and abandoning module VisualStudioSourceCodeAccess (94)
[2016.02.13-17.43.46:304][255]LogModuleManager: Shutting down and abandoning module UObjectPlugin (93)
[2016.02.13-17.43.46:304][255]LogModuleManager: Shutting down and abandoning module SubversionSourceControl (92)
[2016.02.13-17.43.46:304][255]LogModuleManager: Shutting down and abandoning module SourceControl (91)
[2016.02.13-17.43.46:304][255]LogModuleManager: Shutting down and abandoning module PerforceSourceControl (90)
[2016.02.13-17.43.46:304][255]LogModuleManager: Shutting down and abandoning module TenFold (89)
[2016.02.13-17.43.46:304][255]LogModuleManager: Shutting down and abandoning module Blu (88)
[2016.02.13-17.43.46:304][255]LogBlu:  STATUS: Shutdown
[2016.02.13-17.43.46:314][255]LogModuleManager: Shutting down and abandoning module BluLoader (87)
[2016.02.13-17.43.46:314][255]LogBluLoader: STATUS: BLUI Has Shutdown
[2016.02.13-17.43.46:314][255]LogModuleManager: Shutting down and abandoning module UdpMessaging (86)
[2016.02.13-17.43.46:314][255]LogModuleManager: Shutting down and abandoning module LightPropagationVolumeRuntime (85)
[2016.02.13-17.43.46:314][255]LogModuleManager: Shutting down and abandoning module Paper2D (84)
[2016.02.13-17.43.46:314][255]LogModuleManager: Shutting down and abandoning module WindowsMoviePlayer (83)
[2016.02.13-17.43.46:321][255]LogModuleManager: Shutting down and abandoning module Media (82)
[2016.02.13-17.43.46:321][255]LogModuleManager: Shutting down and abandoning module WmfMedia (81)
[2016.02.13-17.43.46:322][255]LogModuleManager: Shutting down and abandoning module OnlineBlueprintSupport (80)
[2016.02.13-17.43.46:322][255]LogModuleManager: Shutting down and abandoning module GameplayTasksEditor (79)
[2016.02.13-17.43.46:322][255]LogModuleManager: Shutting down and abandoning module PropertyEditor (78)
[2016.02.13-17.43.46:322][255]LogModuleManager: Shutting down and abandoning module BehaviorTreeEditor (77)
[2016.02.13-17.43.46:322][255]LogModuleManager: Shutting down and abandoning module FunctionalTesting (76)
[2016.02.13-17.43.46:322][255]LogModuleManager: Shutting down and abandoning module CollisionAnalyzer (75)
[2016.02.13-17.43.46:322][255]LogModuleManager: Shutting down and abandoning module WorkspaceMenuStructure (74)
[2016.02.13-17.43.46:323][255]LogModuleManager: Shutting down and abandoning module MessageLog (73)
[2016.02.13-17.43.46:323][255]LogModuleManager: Shutting down and abandoning module Sequencer (72)
[2016.02.13-17.43.46:323][255]LogModuleManager: Shutting down and abandoning module AssetTools (71)
[2016.02.13-17.43.46:323][255]LogModuleManager: Shutting down and abandoning module UMGEditor (70)
[2016.02.13-17.43.46:323][255]LogModuleManager: Shutting down and abandoning module UMG (69)
[2016.02.13-17.43.46:323][255]LogModuleManager: Shutting down and abandoning module Slate (68)
[2016.02.13-17.43.46:323][255]LogModuleManager: Shutting down and abandoning module EditorStyle (67)
[2016.02.13-17.43.46:328][255]LogModuleManager: Shutting down and abandoning module SessionServices (66)
[2016.02.13-17.43.46:328][255]LogModuleManager: Shutting down and abandoning module SourceCodeAccess (65)
[2016.02.13-17.43.46:328][255]LogModuleManager: Shutting down and abandoning module HeadMountedDisplay (64)
[2016.02.13-17.43.46:328][255]LogModuleManager: Shutting down and abandoning module XAudio2 (63)
[2016.02.13-17.43.46:328][255]LogModuleManager: Shutting down and abandoning module Networking (61)
[2016.02.13-17.43.46:328][255]LogModuleManager: Shutting down and abandoning module Core (60)
[2016.02.13-17.43.46:328][255]LogModuleManager: Shutting down and abandoning module KismetCompiler (59)
[2016.02.13-17.43.46:328][255]LogModuleManager: Shutting down and abandoning module PhysXFormats (58)
[2016.02.13-17.43.46:328][255]LogModuleManager: Shutting down and abandoning module MeshUtilities (57)
[2016.02.13-17.43.46:328][255]LogModuleManager: Shutting down and abandoning module DerivedDataCache (56)
[2016.02.13-17.43.46:529][255]LogDerivedDataCache: Shutdown
[2016.02.13-17.43.46:529][255]LogModuleManager: Shutting down and abandoning module ShaderFormatOpenGL (55)
[2016.02.13-17.43.46:529][255]LogModuleManager: Shutting down and abandoning module ShaderFormatD3D (54)
[2016.02.13-17.43.46:529][255]LogModuleManager: Shutting down and abandoning module MetalShaderFormat (53)
[2016.02.13-17.43.46:529][255]LogModuleManager: Shutting down and abandoning module TextureFormatUncompressed (52)
[2016.02.13-17.43.46:529][255]LogModuleManager: Shutting down and abandoning module TextureFormatPVR (51)
[2016.02.13-17.43.46:529][255]LogModuleManager: Shutting down and abandoning module TextureFormatIntelISPCTexComp (50)
[2016.02.13-17.43.46:529][255]LogModuleManager: Shutting down and abandoning module TextureFormatDXT (49)
[2016.02.13-17.43.46:529][255]LogModuleManager: Shutting down and abandoning module ImageWrapper (48)
[2016.02.13-17.43.46:529][255]LogModuleManager: Shutting down and abandoning module TextureFormatASTC (47)
[2016.02.13-17.43.46:529][255]LogModuleManager: Shutting down and abandoning module TextureFormatAndroid (46)
[2016.02.13-17.43.46:529][255]LogModuleManager: Shutting down and abandoning module AudioFormatOpus (45)
[2016.02.13-17.43.46:529][255]LogModuleManager: Shutting down and abandoning module AudioFormatOgg (44)
[2016.02.13-17.43.46:529][255]LogModuleManager: Shutting down and abandoning module AudioFormatADPCM (43)
[2016.02.13-17.43.46:529][255]LogModuleManager: Shutting down and abandoning module LinuxTargetPlatform (42)
[2016.02.13-17.43.46:529][255]LogModuleManager: Shutting down and abandoning module LinuxServerTargetPlatform (41)
[2016.02.13-17.43.46:529][255]LogModuleManager: Shutting down and abandoning module LinuxNoEditorTargetPlatform (40)
[2016.02.13-17.43.46:529][255]LogModuleManager: Shutting down and abandoning module Messaging (39)
[2016.02.13-17.43.46:529][255]LogModuleManager: Shutting down and abandoning module IOSTargetPlatform (38)
[2016.02.13-17.43.46:530][255]LogModuleManager: Shutting down and abandoning module HTML5TargetPlatform (37)
[2016.02.13-17.43.46:530][255]LogModuleManager: Shutting down and abandoning module Android_PVRTCTargetPlatform (36)
[2016.02.13-17.43.46:530][255]LogModuleManager: Shutting down and abandoning module Android_MultiTargetPlatform (35)
[2016.02.13-17.43.46:530][255]LogModuleManager: Shutting down and abandoning module Android_ETC2TargetPlatform (34)
[2016.02.13-17.43.46:530][255]LogModuleManager: Shutting down and abandoning module Android_ETC1TargetPlatform (33)
[2016.02.13-17.43.46:530][255]LogModuleManager: Shutting down and abandoning module Android_DXTTargetPlatform (32)
[2016.02.13-17.43.46:530][255]LogModuleManager: Shutting down and abandoning module Android_ATCTargetPlatform (31)
[2016.02.13-17.43.46:530][255]LogModuleManager: Shutting down and abandoning module Android_ASTCTargetPlatform (30)
[2016.02.13-17.43.46:530][255]LogModuleManager: Shutting down and abandoning module AndroidTargetPlatform (29)
[2016.02.13-17.43.46:530][255]LogModuleManager: Shutting down and abandoning module WindowsTargetPlatform (28)
[2016.02.13-17.43.46:530][255]LogModuleManager: Shutting down and abandoning module WindowsServerTargetPlatform (27)
[2016.02.13-17.43.46:530][255]LogModuleManager: Shutting down and abandoning module WindowsNoEditorTargetPlatform (26)
[2016.02.13-17.43.46:530][255]LogModuleManager: Shutting down and abandoning module WindowsClientTargetPlatform (25)
[2016.02.13-17.43.46:530][255]LogModuleManager: Shutting down and abandoning module AllDesktopTargetPlatform (24)
[2016.02.13-17.43.46:530][255]LogModuleManager: Shutting down and abandoning module TargetPlatform (23)
[2016.02.13-17.43.46:530][255]LogModuleManager: Shutting down and abandoning module InputCore (22)
[2016.02.13-17.43.46:530][255]LogModuleManager: Shutting down and abandoning module Settings (21)
[2016.02.13-17.43.46:530][255]LogModuleManager: Shutting down and abandoning module OnlineSubsystem (19)
[2016.02.13-17.43.46:530][255]LogModuleManager: Shutting down and abandoning module HTTP (18)
[2016.02.13-17.43.46:530][255]LogModuleManager: Shutting down and abandoning module XMPP (17)
[2016.02.13-17.43.46:530][255]LogModuleManager: Shutting down and abandoning module OculusRift (16)
[2016.02.13-17.43.46:530][255]LogModuleManager: Shutting down and abandoning module ExampleDeviceProfileSelector (15)
[2016.02.13-17.43.46:530][255]LogModuleManager: Shutting down and abandoning module TextureCompressor (14)
[2016.02.13-17.43.46:530][255]LogModuleManager: Shutting down and abandoning module ShaderCore (13)
[2016.02.13-17.43.46:530][255]LogModuleManager: Shutting down and abandoning module Landscape (12)
[2016.02.13-17.43.46:530][255]LogModuleManager: Shutting down and abandoning module SlateRHIRenderer (11)
[2016.02.13-17.43.46:530][255]LogModuleManager: Shutting down and abandoning module OpenGLDrv (10)
[2016.02.13-17.43.46:530][255]LogModuleManager: Shutting down and abandoning module D3D11RHI (9)
[2016.02.13-17.43.46:530][255]LogModuleManager: Shutting down and abandoning module AnimGraphRuntime (8)
[2016.02.13-17.43.46:530][255]LogModuleManager: Shutting down and abandoning module Renderer (7)
[2016.02.13-17.43.46:530][255]LogModuleManager: Shutting down and abandoning module Engine (6)
[2016.02.13-17.43.46:530][255]LogModuleManager: Shutting down and abandoning module CoreUObject (5)
[2016.02.13-17.43.46:530][255]LogModuleManager: Shutting down and abandoning module NetworkFile (4)
[2016.02.13-17.43.46:530][255]LogModuleManager: Shutting down and abandoning module StreamingFile (3)
[2016.02.13-17.43.46:530][255]LogModuleManager: Shutting down and abandoning module SandboxFile (2)
[2016.02.13-17.43.46:530][255]LogModuleManager: Shutting down and abandoning module PakFile (1)
[2016.02.13-17.43.46:531][255]LogExit: Exiting.
[2016.02.13-17.43.46:533][255]Log file closed, 02/13/16 18:43:46
