[2016.02.13-14.24.09:245][  0]Log file open, 02/13/16 14:24:09
[2016.02.13-14.24.09:245][  0]LogInit:Display: Running engine for game: TenFold
[2016.02.13-14.24.09:245][  0]LogPlatformFile: Not using cached read wrapper
[2016.02.13-14.24.09:245][  0]LogInit:Display: RandInit(-451795175) SRandInit(-451795147).
[2016.02.13-14.24.09:245][  0]LogTaskGraph: Started task graph with 4 named threads and 6 total threads.
[2016.02.13-14.24.09:245][  0]LogStats: Stats thread started at 0.132234
[2016.02.13-14.24.09:245][  0]LogInit: Version: 4.10.2-2818068+++depot+UE4-Releases+4.10
[2016.02.13-14.24.09:245][  0]LogInit: API Version: 2758231
[2016.02.13-14.24.09:245][  0]LogInit: Compiled (64-bit): Jan  6 2016 17:36:42
[2016.02.13-14.24.09:245][  0]LogInit: Compiled with Visual C++: 19.00.23026.00
[2016.02.13-14.24.09:245][  0]LogInit: Build Configuration: Development
[2016.02.13-14.24.09:245][  0]LogInit: Branch Name: ++depot+UE4-Releases+4.10
[2016.02.13-14.24.09:245][  0]LogInit: Command line:  /Temp/Autosaves/Game/Levels/UEDPCLauncher -game -PIEVIACONSOLE -ResX=1280 -ResY=720  -Multiprocess 
[2016.02.13-14.24.09:245][  0]LogInit: Base directory: C:/Program Files (x86)/Epic Games/4.10/Engine/Binaries/Win64/
[2016.02.13-14.24.09:245][  0]LogInit: Rocket: 1
[2016.02.13-14.24.09:282][  0]LogInit: Using libcurl 7.41.0
[2016.02.13-14.24.09:282][  0]LogInit:  - built for x86_64-pc-win32
[2016.02.13-14.24.09:282][  0]LogInit:  - supports SSL with WinSSL
[2016.02.13-14.24.09:282][  0]LogInit:  - other features:
[2016.02.13-14.24.09:282][  0]LogInit:      CURL_VERSION_SSL
[2016.02.13-14.24.09:282][  0]LogInit:      CURL_VERSION_IPV6
[2016.02.13-14.24.09:282][  0]LogInit:      CURL_VERSION_ASYNCHDNS
[2016.02.13-14.24.09:282][  0]LogInit:      CURL_VERSION_LARGEFILE
[2016.02.13-14.24.09:282][  0]LogInit:      CURL_VERSION_IDN
[2016.02.13-14.24.09:283][  0]LogInit:  CurlRequestOptions (configurable via config and command line):
[2016.02.13-14.24.09:283][  0]LogInit:  - bVerifyPeer = true  - Libcurl will verify peer certificate
[2016.02.13-14.24.09:283][  0]LogInit:  - bUseHttpProxy = false  - Libcurl will NOT use HTTP proxy
[2016.02.13-14.24.09:283][  0]LogInit:  - bDontReuseConnections = false  - Libcurl will reuse connections
[2016.02.13-14.24.09:283][  0]LogInit:  - CertBundlePath = nullptr  - Libcurl will use whatever was configured at build time.
[2016.02.13-14.24.09:304][  0]LogInit: Presizing for 0 objects not considered by GC, pre-allocating 0 bytes.
[2016.02.13-14.24.09:318][  0]LogInit: Object subsystem initialized
[2016.02.13-14.24.09:320][  0]LogInit: Selected Device Profile: [Windows]
[2016.02.13-14.24.09:320][  0]LogInit: Applying CVar settings loaded from the selected device profile: [Windows]
[2016.02.13-14.24.09:327][  0]LogInit: Computer: WADEWINDOWSPC
[2016.02.13-14.24.09:327][  0]LogInit: User: WadePenistone
[2016.02.13-14.24.09:327][  0]LogInit: CPU Page size=4096, Cores=3
[2016.02.13-14.24.09:327][  0]LogInit: High frequency timer resolution =14.318180 MHz
[2016.02.13-14.24.09:327][  0]LogMemory: Memory total: Physical=4.0GB (4GB approx)
[2016.02.13-14.24.09:327][  0]LogMemory: Platform Memory Stats for Windows
[2016.02.13-14.24.09:327][  0]LogMemory: Process Physical Memory: 55.63 MB used, 55.63 MB peak
[2016.02.13-14.24.09:327][  0]LogMemory: Process Virtual Memory: 57.60 MB used, 57.60 MB peak
[2016.02.13-14.24.09:327][  0]LogMemory: Physical Memory: 2901.71 MB used, 4095.27 MB total
[2016.02.13-14.24.09:327][  0]LogMemory: Virtual Memory: 383.03 MB used, 134217728.00 MB total
[2016.02.13-14.24.09:401][  0]LogTextLocalizationManager: No specific translations for ('en-GB') exist, so ('en') translations will be used.
[2016.02.13-14.24.10:417][  0]LogD3D11RHI: Found D3D11 adapter 0: NVIDIA GeForce GTX 960 (Feature Level 11_0)
[2016.02.13-14.24.10:417][  0]LogD3D11RHI: Adapter has 1969MB of dedicated video memory, 0MB of dedicated system memory, and 2047MB of shared system memory, 1 output[s]
[2016.02.13-14.24.10:419][  0]LogD3D11RHI: Found D3D11 adapter 1: Microsoft Basic Render Driver (Feature Level 11_0)
[2016.02.13-14.24.10:420][  0]LogD3D11RHI: Adapter has 0MB of dedicated video memory, 0MB of dedicated system memory, and 2047MB of shared system memory, 0 output[s]
[2016.02.13-14.24.10:420][  0]LogD3D11RHI: Chosen D3D11 Adapter Id = 0
[2016.02.13-14.24.10:427][  0]LogD3D11RHI: !Direct3DDevice
[2016.02.13-14.24.10:427][  0]LogRHI: Texture pool is 1361 MB (70% of 1945 MB)
[2016.02.13-14.24.10:449][  0]LogD3D11RHI: Async texture creation enabled
[2016.02.13-14.24.10:470][  0]LogShaderCompilers: Guid format shader working directory is -31 characters bigger than the processId version (../../../../../../Users/Wade Penistone/Documents/Unreal Projects/TenFold/TenFold/Intermediate/Shaders/WorkingDirectory/1012/).
[2016.02.13-14.24.10:470][  0]LogShaderCompilers: Cleaned the shader compiler working directory 'C:/Users/WADEPE~1/AppData/Local/Temp/UnrealShaderWorkingDir/0AC0D17B40E847E8ADE27A9113385813/'.
[2016.02.13-14.24.10:470][  0]LogShaderCompilers:Display: Using Local Shader Compiler.
[2016.02.13-14.24.12:408][  0]LogTemp:Display: Loaded TP AllDesktopTargetPlatform
[2016.02.13-14.24.12:417][  0]LogTemp:Display: Loaded TP WindowsClientTargetPlatform
[2016.02.13-14.24.12:425][  0]LogTemp:Display: Loaded TP WindowsNoEditorTargetPlatform
[2016.02.13-14.24.12:434][  0]LogTemp:Display: Loaded TP WindowsServerTargetPlatform
[2016.02.13-14.24.12:442][  0]LogTemp:Display: Loaded TP WindowsTargetPlatform
[2016.02.13-14.24.12:448][  0]LogTemp:Display: Loaded TP AndroidTargetPlatform
[2016.02.13-14.24.12:454][  0]LogTemp:Display: Loaded TP Android_ASTCTargetPlatform
[2016.02.13-14.24.12:460][  0]LogTemp:Display: Loaded TP Android_ATCTargetPlatform
[2016.02.13-14.24.12:465][  0]LogTemp:Display: Loaded TP Android_DXTTargetPlatform
[2016.02.13-14.24.12:471][  0]LogTemp:Display: Loaded TP Android_ETC1TargetPlatform
[2016.02.13-14.24.12:477][  0]LogTemp:Display: Loaded TP Android_ETC2TargetPlatform
[2016.02.13-14.24.12:490][  0]LogTemp:Display: Loaded TP Android_MultiTargetPlatform
[2016.02.13-14.24.12:490][  0]LogTemp:Display: Loaded TP Android_PVRTCTargetPlatform
[2016.02.13-14.24.12:491][  0]LogTemp:Display: Loaded TP HTML5TargetPlatform
[2016.02.13-14.24.12:513][  0]LogTemp:Display: Loaded TP IOSTargetPlatform
[2016.02.13-14.24.12:518][  0]LogTemp:Display: Loaded TP LinuxNoEditorTargetPlatform
[2016.02.13-14.24.12:523][  0]LogTemp:Display: Loaded TP LinuxServerTargetPlatform
[2016.02.13-14.24.12:529][  0]LogTemp:Display: Loaded TP LinuxTargetPlatform
[2016.02.13-14.24.12:529][  0]LogTargetPlatformManager:Display: Building Assets For Windows
[2016.02.13-14.24.12:658][  0]LogDerivedDataCache:Display: Max Cache Size: 512 MB
[2016.02.13-14.24.12:765][  0]LogDerivedDataCache: Loaded boot cache 0.11s 41MB C:/Users/Wade Penistone/AppData/Local/UnrealEngine/4.10/DerivedDataCache/Boot.ddc.
[2016.02.13-14.24.12:765][  0]LogDerivedDataCache:Display: Loaded Boot cache: C:/Users/Wade Penistone/AppData/Local/UnrealEngine/4.10/DerivedDataCache/Boot.ddc
[2016.02.13-14.24.12:765][  0]LogDerivedDataCache: FDerivedDataBackendGraph:  Pak pak cache file ../../../../../../Users/Wade Penistone/Documents/Unreal Projects/TenFold/TenFold/DerivedDataCache/DDC.ddp not found, will not use a pak cache.
[2016.02.13-14.24.12:765][  0]LogDerivedDataCache: Unable to find inner node Pak for hierarchical cache Hierarchy.
[2016.02.13-14.24.12:765][  0]LogDerivedDataCache: FDerivedDataBackendGraph:  CompressedPak pak cache file ../../../../../../Users/Wade Penistone/Documents/Unreal Projects/TenFold/TenFold/DerivedDataCache/Compressed.ddp not found, will not use a pak cache.
[2016.02.13-14.24.12:765][  0]LogDerivedDataCache: Unable to find inner node CompressedPak for hierarchical cache Hierarchy.
[2016.02.13-14.24.12:871][  0]LogDerivedDataCache:Display: Pak cache opened for reading ../../../Engine/DerivedDataCache/Compressed.ddp.
[2016.02.13-14.24.12:883][  0]LogDerivedDataCache: Using Local data cache path C:/Users/Wade Penistone/AppData/Local/UnrealEngine/Common/DerivedDataCache: Writable
[2016.02.13-14.24.13:187][  0]LogInit: Selected Device Profile: [Windows]
[2016.02.13-14.24.13:193][  0]LogContentStreaming: Texture pool size is 1000.000000MB
[2016.02.13-14.24.13:365][  0]LogMeshUtilities: No automatic mesh reduction module available
[2016.02.13-14.24.13:365][  0]LogMeshUtilities: No automatic mesh merging module available
[2016.02.13-14.24.13:742][  0]LogInit: WinSock: version 1.1 (2.2), MaxSocks=32767, MaxUdp=65467
[2016.02.13-14.24.14:313][  0]LogWindowsMoviePlayer: Unable to load movie: ../../../../../../Users/Wade Penistone/Documents/Unreal Projects/TenFold/TenFold/Content/Movies/Default_Startup.mp4
[2016.02.13-14.24.14:448][  0]LogBluLoader: patched dll directory paths
[2016.02.13-14.24.14:448][  0]LogBluLoader: STATUS: BLUI Ready to Load!
[2016.02.13-14.24.14:502][  0]LogBlu:  STATUS: Loaded
[2016.02.13-14.24.14:618][  0]SourceControl: Info Source control is disabled
[2016.02.13-14.24.14:618][  0]SourceControl: Info Source control is disabled
[2016.02.13-14.24.14:636][  0]SourceControl: Info Source control is disabled
[2016.02.13-14.24.14:915][  0]LogObj: 28084 objects as part of root set at end of initial load.
[2016.02.13-14.24.14:915][  0]LogUObjectAllocator: 5855616 out of 0 bytes used by permanent object pool.
[2016.02.13-14.24.15:033][  0]LogEngine: Initializing Engine...
[2016.02.13-14.24.15:037][  0]LogHMD: Can't find Oculus library dev build: is proper Runtime installed? Version: 0.8.0.0
[2016.02.13-14.24.15:038][  0]LogHMD: SteamVR failed to initialize.  Err: 110
[2016.02.13-14.24.15:218][  0]LogInit: XAudio2 using 'Line Out (2- Scarlett 2i4 USB)' : 2 channels at 44.1 kHz using 16 bits per sample (channel mask 0x3)
[2016.02.13-14.24.15:232][  0]LogInit: FAudioDevice initialized.
[2016.02.13-14.24.15:246][  0]LogInit: Texture streaming: Enabled
[2016.02.13-14.24.15:533][  0]LogNet: Browse: /Temp/Autosaves/Game/Levels/UEDPCLauncher?Name=Player
[2016.02.13-14.24.15:533][  0]LogLoad: LoadMap: /Temp/Autosaves/Game/Levels/UEDPCLauncher?Name=Player
[2016.02.13-14.24.15:555][  0]LogParticles: Destroying 0 GPU particle simulations for FXSystem 0x000002BBCA99C400
[2016.02.13-14.24.15:720][  0]LogMemory: Platform Memory Stats for Windows
[2016.02.13-14.24.15:720][  0]LogMemory: Process Physical Memory: 406.46 MB used, 406.46 MB peak
[2016.02.13-14.24.15:720][  0]LogMemory: Process Virtual Memory: 453.00 MB used, 453.00 MB peak
[2016.02.13-14.24.15:720][  0]LogMemory: Physical Memory: 3181.89 MB used, 4095.27 MB total
[2016.02.13-14.24.15:720][  0]LogMemory: Virtual Memory: 1159.51 MB used, 134217728.00 MB total
[2016.02.13-14.24.15:720][  0]LogMemory: 
[2016.02.13-14.24.15:720][  0]Allocator Stats for TBB: (not implemented)
[2016.02.13-14.24.15:758][  0]LogBlueprint:Warning: [compiler ExampleHUD] Warning Event Reply  ReturnValue  should not be empty.  Return a reply such as Handled or Unhandled.
[2016.02.13-14.24.15:758][  0]LogBlueprint:Warning: [compiler ExampleHUD] Warning Event Reply  ReturnValue  should not be empty.  Return a reply such as Handled or Unhandled.
[2016.02.13-14.24.15:758][  0]LogBlueprint:Warning: [compiler ExampleHUD] Warning Event Reply  ReturnValue  should not be empty.  Return a reply such as Handled or Unhandled.
[2016.02.13-14.24.15:758][  0]LogBlueprint:Warning: [compiler ExampleHUD] Warning Event Reply  ReturnValue  should not be empty.  Return a reply such as Handled or Unhandled.
[2016.02.13-14.24.15:760][  0]LogBlueprint:Warning: [compiler ExampleHUD] Warning [0008.07] Compile of ExampleHUD successful, but with 4 Warning(s) [in 7 ms]
[2016.02.13-14.24.15:760][  0]LogBlueprint:Warning: [compiler ExampleHUD] Warning [0008.07] Compile of ExampleHUD successful, but with 5 Warning(s) [in 0 ms]
[2016.02.13-14.24.15:760][  0]LogBlueprint:Warning: [compiler ExampleHUD] Warning [0008.07] Compile of ExampleHUD successful, but with 6 Warning(s) [in 0 ms]
[2016.02.13-14.24.16:111][  0]LogBlueprint:Warning: [compiler ExampleHUD] Warning Event Reply  ReturnValue  should not be empty.  Return a reply such as Handled or Unhandled.
[2016.02.13-14.24.16:111][  0]LogBlueprint:Warning: [compiler ExampleHUD] Warning Event Reply  ReturnValue  should not be empty.  Return a reply such as Handled or Unhandled.
[2016.02.13-14.24.16:112][  0]LogBlueprint:Warning: [compiler ExampleHUD] Warning Event Reply  ReturnValue  should not be empty.  Return a reply such as Handled or Unhandled.
[2016.02.13-14.24.16:112][  0]LogBlueprint:Warning: [compiler ExampleHUD] Warning Event Reply  ReturnValue  should not be empty.  Return a reply such as Handled or Unhandled.
[2016.02.13-14.24.16:113][  0]LogBlueprint:Warning: [compiler ExampleHUD] Warning [0008.42] Compile of ExampleHUD successful, but with 4 Warning(s) [in 7 ms]
[2016.02.13-14.24.16:113][  0]LogBlueprint:Warning: [compiler ExampleHUD] Warning [0008.42] Compile of ExampleHUD successful, but with 5 Warning(s) [in 0 ms]
[2016.02.13-14.24.16:113][  0]LogBlueprint:Warning: [compiler ExampleHUD] Warning [0008.42] Compile of ExampleHUD successful, but with 6 Warning(s) [in 0 ms]
[2016.02.13-14.24.16:414][  0]LogAIModule: Creating AISystem for world Launcher
[2016.02.13-14.24.16:442][  0]LogWorld: Game class is 'MenuGameMode_C'
[2016.02.13-14.24.16:447][  0]LogWorld: Bringing World /Temp/Autosaves/Game/Levels/UEDPCLauncher.Launcher up for play (max tick rate 0) at 2016.02.13-14.24.16
[2016.02.13-14.24.16:514][  0]LogWorld: Bringing up level for play took: 0.068835
[2016.02.13-14.24.18:005][  0]LogBlu: Component Initialized
[2016.02.13-14.24.18:005][  0]LogBlu: Loading URL: blui://UI/home_screen.html
[2016.02.13-14.24.18:006][  0]LogBlu: Load Local File: file:///C:/Users/Wade Penistone/Documents/Unreal Projects/TenFold/TenFold/UI/home_screen.html
[2016.02.13-14.24.18:074][  0]LogInit:Display: Game Engine Initialized.
[2016.02.13-14.24.18:300][  0]LogLoad: Full Startup: 10.61 seconds (BP compile: 0.15 seconds)
[2016.02.13-14.24.18:331][  0]LogWindowsTextInputMethodSystem:Display: IME system now deactivated.
[2016.02.13-14.24.18:334][  0]LogOcInput: Can't find Oculus library dev build: is proper Runtime installed? Version: 0.8.0.0
[2016.02.13-14.24.18:958][  1]LogRenderer: Reallocating scene render targets to support 1280x720 (Frame:2).
[2016.02.13-14.24.34:342][802]LogWindowsTextInputMethodSystem:Display: IME system now deactivated.
[2016.02.13-14.24.34:425][802]LogEngine: All Windows Closed
[2016.02.13-14.24.34:425][802]LogWindows: FPlatformMisc::RequestExit(0)
[2016.02.13-14.24.35:068][803]LogExit: Preparing to exit.
[2016.02.13-14.24.35:687][803]LogBlu:Warning: Browser Closing
[2016.02.13-14.24.35:896][803]LogExit: Game engine shut down
[2016.02.13-14.24.36:109][803]LogParticles: Destroying 0 GPU particle simulations for FXSystem 0x000002BBC3ABAE80
[2016.02.13-14.24.37:453][803]LogExit: Object subsystem successfully closed.
[2016.02.13-14.24.37:683][803]LogD3D11RHI: Shutdown
[2016.02.13-14.24.37:683][803]LogD3D11RHI: CleanupD3DDevice
[2016.02.13-14.24.37:907][803]LogD3D11RHI: ~FD3D11DynamicRHI
[2016.02.13-14.24.38:120][803]LogModuleManager: Shutting down and abandoning module AndroidDeviceDetection (120)
[2016.02.13-14.24.38:708][803]LogModuleManager: Shutting down and abandoning module AutomationController (119)
[2016.02.13-14.24.38:713][803]LogModuleManager: Shutting down and abandoning module AutomationWorker (118)
[2016.02.13-14.24.38:714][803]LogModuleManager: Shutting down and abandoning module CharacterAI (117)
[2016.02.13-14.24.38:714][803]LogModuleManager: Shutting down and abandoning module AITestSuite (116)
[2016.02.13-14.24.38:737][803]LogModuleManager: Shutting down and abandoning module GameplayDebugger (115)
[2016.02.13-14.24.38:747][803]LogModuleManager: Shutting down and abandoning module AIModule (114)
[2016.02.13-14.24.38:747][803]LogModuleManager: Shutting down and abandoning module MovieSceneCapture (113)
[2016.02.13-14.24.38:747][803]LogModuleManager: Shutting down and abandoning module GameLiveStreaming (112)
[2016.02.13-14.24.38:747][803]LogModuleManager: Shutting down and abandoning module StreamingPauseRendering (111)
[2016.02.13-14.24.38:747][803]LogModuleManager: Shutting down and abandoning module ProfilerService (110)
[2016.02.13-14.24.38:991][803]LogModuleManager: Shutting down and abandoning module TaskGraph (109)
[2016.02.13-14.24.39:076][803]LogModuleManager: Shutting down and abandoning module SlateRemote (108)
[2016.02.13-14.24.39:076][803]LogModuleManager: Shutting down and abandoning module SteamVRController (107)
[2016.02.13-14.24.39:076][803]LogModuleManager: Shutting down and abandoning module SteamVR (106)
[2016.02.13-14.24.39:076][803]LogModuleManager: Shutting down and abandoning module ProceduralMeshComponent (105)
[2016.02.13-14.24.39:076][803]LogModuleManager: Shutting down and abandoning module OculusLibrary (104)
[2016.02.13-14.24.39:076][803]LogModuleManager: Shutting down and abandoning module OculusInput (103)
[2016.02.13-14.24.39:076][803]LogModuleManager: Shutting down and abandoning module LeapMotionController (102)
[2016.02.13-14.24.39:133][803]LogModuleManager: Shutting down and abandoning module CustomMeshComponent (101)
[2016.02.13-14.24.39:133][803]LogModuleManager: Shutting down and abandoning module CableComponent (100)
[2016.02.13-14.24.39:136][803]LogModuleManager: Shutting down and abandoning module ArchVisCharacter (99)
[2016.02.13-14.24.39:136][803]LogModuleManager: Shutting down and abandoning module HTML5Networking (98)
[2016.02.13-14.24.39:136][803]LogModuleManager: Shutting down and abandoning module DesktopPlatform (97)
[2016.02.13-14.24.39:160][803]LogModuleManager: Shutting down and abandoning module DirectoryWatcher (96)
[2016.02.13-14.24.39:160][803]LogModuleManager: Shutting down and abandoning module HotReload (95)
[2016.02.13-14.24.39:180][803]LogModuleManager: Shutting down and abandoning module VisualStudioSourceCodeAccess (94)
[2016.02.13-14.24.39:181][803]LogModuleManager: Shutting down and abandoning module UObjectPlugin (93)
[2016.02.13-14.24.39:181][803]LogModuleManager: Shutting down and abandoning module SubversionSourceControl (92)
[2016.02.13-14.24.39:195][803]LogModuleManager: Shutting down and abandoning module SourceControl (91)
[2016.02.13-14.24.39:198][803]LogModuleManager: Shutting down and abandoning module PerforceSourceControl (90)
[2016.02.13-14.24.39:332][803]LogModuleManager: Shutting down and abandoning module TenFold (89)
[2016.02.13-14.24.39:332][803]LogModuleManager: Shutting down and abandoning module Blu (88)
[2016.02.13-14.24.39:332][803]LogBlu:  STATUS: Shutdown
[2016.02.13-14.24.39:536][803]LogModuleManager: Shutting down and abandoning module BluLoader (87)
[2016.02.13-14.24.39:536][803]LogBluLoader: STATUS: BLUI Has Shutdown
[2016.02.13-14.24.39:536][803]LogModuleManager: Shutting down and abandoning module UdpMessaging (86)
[2016.02.13-14.24.39:536][803]LogModuleManager: Shutting down and abandoning module LightPropagationVolumeRuntime (85)
[2016.02.13-14.24.39:536][803]LogModuleManager: Shutting down and abandoning module Paper2D (84)
[2016.02.13-14.24.39:566][803]LogModuleManager: Shutting down and abandoning module WindowsMoviePlayer (83)
[2016.02.13-14.24.39:570][803]LogModuleManager: Shutting down and abandoning module Media (82)
[2016.02.13-14.24.39:570][803]LogModuleManager: Shutting down and abandoning module WmfMedia (81)
[2016.02.13-14.24.39:582][803]LogModuleManager: Shutting down and abandoning module OnlineBlueprintSupport (80)
[2016.02.13-14.24.39:582][803]LogModuleManager: Shutting down and abandoning module GameplayTasksEditor (79)
[2016.02.13-14.24.39:582][803]LogModuleManager: Shutting down and abandoning module PropertyEditor (78)
[2016.02.13-14.24.39:582][803]LogModuleManager: Shutting down and abandoning module BehaviorTreeEditor (77)
[2016.02.13-14.24.39:614][803]LogModuleManager: Shutting down and abandoning module FunctionalTesting (76)
[2016.02.13-14.24.39:614][803]LogModuleManager: Shutting down and abandoning module CollisionAnalyzer (75)
[2016.02.13-14.24.39:622][803]LogModuleManager: Shutting down and abandoning module WorkspaceMenuStructure (74)
[2016.02.13-14.24.39:622][803]LogModuleManager: Shutting down and abandoning module MessageLog (73)
[2016.02.13-14.24.39:622][803]LogModuleManager: Shutting down and abandoning module Sequencer (72)
[2016.02.13-14.24.39:622][803]LogModuleManager: Shutting down and abandoning module AssetTools (71)
[2016.02.13-14.24.39:684][803]LogModuleManager: Shutting down and abandoning module UMGEditor (70)
[2016.02.13-14.24.39:685][803]LogModuleManager: Shutting down and abandoning module UMG (69)
[2016.02.13-14.24.39:685][803]LogModuleManager: Shutting down and abandoning module Slate (68)
[2016.02.13-14.24.39:685][803]LogModuleManager: Shutting down and abandoning module EditorStyle (67)
[2016.02.13-14.24.39:688][803]LogModuleManager: Shutting down and abandoning module SessionServices (66)
[2016.02.13-14.24.39:688][803]LogModuleManager: Shutting down and abandoning module SourceCodeAccess (65)
[2016.02.13-14.24.39:688][803]LogModuleManager: Shutting down and abandoning module HeadMountedDisplay (64)
[2016.02.13-14.24.39:688][803]LogModuleManager: Shutting down and abandoning module XAudio2 (63)
[2016.02.13-14.24.39:688][803]LogModuleManager: Shutting down and abandoning module Networking (61)
[2016.02.13-14.24.39:688][803]LogModuleManager: Shutting down and abandoning module Core (60)
[2016.02.13-14.24.39:688][803]LogModuleManager: Shutting down and abandoning module KismetCompiler (59)
[2016.02.13-14.24.39:688][803]LogModuleManager: Shutting down and abandoning module PhysXFormats (58)
[2016.02.13-14.24.39:688][803]LogModuleManager: Shutting down and abandoning module MeshUtilities (57)
[2016.02.13-14.24.39:731][803]LogModuleManager: Shutting down and abandoning module DerivedDataCache (56)
[2016.02.13-14.24.39:909][803]LogDerivedDataCache: Shutdown
[2016.02.13-14.24.39:909][803]LogModuleManager: Shutting down and abandoning module ShaderFormatOpenGL (55)
[2016.02.13-14.24.39:934][803]LogModuleManager: Shutting down and abandoning module ShaderFormatD3D (54)
[2016.02.13-14.24.39:934][803]LogModuleManager: Shutting down and abandoning module MetalShaderFormat (53)
[2016.02.13-14.24.39:947][803]LogModuleManager: Shutting down and abandoning module TextureFormatUncompressed (52)
[2016.02.13-14.24.39:947][803]LogModuleManager: Shutting down and abandoning module TextureFormatPVR (51)
[2016.02.13-14.24.39:947][803]LogModuleManager: Shutting down and abandoning module TextureFormatIntelISPCTexComp (50)
[2016.02.13-14.24.39:947][803]LogModuleManager: Shutting down and abandoning module TextureFormatDXT (49)
[2016.02.13-14.24.39:947][803]LogModuleManager: Shutting down and abandoning module ImageWrapper (48)
[2016.02.13-14.24.39:947][803]LogModuleManager: Shutting down and abandoning module TextureFormatASTC (47)
[2016.02.13-14.24.39:947][803]LogModuleManager: Shutting down and abandoning module TextureFormatAndroid (46)
[2016.02.13-14.24.39:947][803]LogModuleManager: Shutting down and abandoning module AudioFormatOpus (45)
[2016.02.13-14.24.39:950][803]LogModuleManager: Shutting down and abandoning module AudioFormatOgg (44)
[2016.02.13-14.24.39:950][803]LogModuleManager: Shutting down and abandoning module AudioFormatADPCM (43)
[2016.02.13-14.24.39:950][803]LogModuleManager: Shutting down and abandoning module LinuxTargetPlatform (42)
[2016.02.13-14.24.39:950][803]LogModuleManager: Shutting down and abandoning module LinuxServerTargetPlatform (41)
[2016.02.13-14.24.39:950][803]LogModuleManager: Shutting down and abandoning module LinuxNoEditorTargetPlatform (40)
[2016.02.13-14.24.39:950][803]LogModuleManager: Shutting down and abandoning module Messaging (39)
[2016.02.13-14.24.39:950][803]LogModuleManager: Shutting down and abandoning module IOSTargetPlatform (38)
[2016.02.13-14.24.39:950][803]LogModuleManager: Shutting down and abandoning module HTML5TargetPlatform (37)
[2016.02.13-14.24.39:950][803]LogModuleManager: Shutting down and abandoning module Android_PVRTCTargetPlatform (36)
[2016.02.13-14.24.39:950][803]LogModuleManager: Shutting down and abandoning module Android_MultiTargetPlatform (35)
[2016.02.13-14.24.39:950][803]LogModuleManager: Shutting down and abandoning module Android_ETC2TargetPlatform (34)
[2016.02.13-14.24.39:951][803]LogModuleManager: Shutting down and abandoning module Android_ETC1TargetPlatform (33)
[2016.02.13-14.24.39:951][803]LogModuleManager: Shutting down and abandoning module Android_DXTTargetPlatform (32)
[2016.02.13-14.24.39:951][803]LogModuleManager: Shutting down and abandoning module Android_ATCTargetPlatform (31)
[2016.02.13-14.24.39:951][803]LogModuleManager: Shutting down and abandoning module Android_ASTCTargetPlatform (30)
[2016.02.13-14.24.39:951][803]LogModuleManager: Shutting down and abandoning module AndroidTargetPlatform (29)
[2016.02.13-14.24.39:951][803]LogModuleManager: Shutting down and abandoning module WindowsTargetPlatform (28)
[2016.02.13-14.24.39:951][803]LogModuleManager: Shutting down and abandoning module WindowsServerTargetPlatform (27)
[2016.02.13-14.24.39:951][803]LogModuleManager: Shutting down and abandoning module WindowsNoEditorTargetPlatform (26)
[2016.02.13-14.24.39:951][803]LogModuleManager: Shutting down and abandoning module WindowsClientTargetPlatform (25)
[2016.02.13-14.24.39:951][803]LogModuleManager: Shutting down and abandoning module AllDesktopTargetPlatform (24)
[2016.02.13-14.24.39:951][803]LogModuleManager: Shutting down and abandoning module TargetPlatform (23)
[2016.02.13-14.24.39:951][803]LogModuleManager: Shutting down and abandoning module InputCore (22)
[2016.02.13-14.24.39:951][803]LogModuleManager: Shutting down and abandoning module Settings (21)
[2016.02.13-14.24.39:951][803]LogModuleManager: Shutting down and abandoning module OnlineSubsystem (19)
[2016.02.13-14.24.39:951][803]LogModuleManager: Shutting down and abandoning module HTTP (18)
[2016.02.13-14.24.39:951][803]LogModuleManager: Shutting down and abandoning module XMPP (17)
[2016.02.13-14.24.39:985][803]LogModuleManager: Shutting down and abandoning module OculusRift (16)
[2016.02.13-14.24.40:003][803]LogModuleManager: Shutting down and abandoning module ExampleDeviceProfileSelector (15)
[2016.02.13-14.24.40:003][803]LogModuleManager: Shutting down and abandoning module TextureCompressor (14)
[2016.02.13-14.24.40:013][803]LogModuleManager: Shutting down and abandoning module ShaderCore (13)
[2016.02.13-14.24.40:013][803]LogModuleManager: Shutting down and abandoning module Landscape (12)
[2016.02.13-14.24.40:013][803]LogModuleManager: Shutting down and abandoning module SlateRHIRenderer (11)
[2016.02.13-14.24.40:023][803]LogModuleManager: Shutting down and abandoning module OpenGLDrv (10)
[2016.02.13-14.24.40:033][803]LogModuleManager: Shutting down and abandoning module D3D11RHI (9)
[2016.02.13-14.24.40:033][803]LogModuleManager: Shutting down and abandoning module AnimGraphRuntime (8)
[2016.02.13-14.24.40:033][803]LogModuleManager: Shutting down and abandoning module Renderer (7)
[2016.02.13-14.24.40:033][803]LogModuleManager: Shutting down and abandoning module Engine (6)
[2016.02.13-14.24.40:033][803]LogModuleManager: Shutting down and abandoning module CoreUObject (5)
[2016.02.13-14.24.40:033][803]LogModuleManager: Shutting down and abandoning module NetworkFile (4)
[2016.02.13-14.24.40:039][803]LogModuleManager: Shutting down and abandoning module StreamingFile (3)
[2016.02.13-14.24.40:039][803]LogModuleManager: Shutting down and abandoning module SandboxFile (2)
[2016.02.13-14.24.40:046][803]LogModuleManager: Shutting down and abandoning module PakFile (1)
[2016.02.13-14.24.40:065][803]LogExit: Exiting.
[2016.02.13-14.24.40:071][803]Log file closed, 02/13/16 14:24:40
