[2016.02.05-11.39.45:076][  0]Log file open, 02/05/16 12:39:45
[2016.02.05-11.39.45:076][  0]LogInit:Display: Running engine for game: TenFold
[2016.02.05-11.39.45:076][  0]LogPlatformFile: Not using cached read wrapper
[2016.02.05-11.39.45:076][  0]LogInit:Display: RandInit(-169743964) SRandInit(-169743963).
[2016.02.05-11.39.45:076][  0]LogTaskGraph: Started task graph with 4 named threads and 7 total threads.
[2016.02.05-11.39.45:076][  0]LogStats: Stats thread started at 0.091916
[2016.02.05-11.39.45:076][  0]LogInit: Version: 4.10.2-2818068+++depot+UE4-Releases+4.10
[2016.02.05-11.39.45:076][  0]LogInit: API Version: 2758231
[2016.02.05-11.39.45:076][  0]LogInit: Compiled (64-bit): Jan  6 2016 17:36:42
[2016.02.05-11.39.45:076][  0]LogInit: Compiled with Visual C++: 19.00.23026.00
[2016.02.05-11.39.45:076][  0]LogInit: Build Configuration: Development
[2016.02.05-11.39.45:076][  0]LogInit: Branch Name: ++depot+UE4-Releases+4.10
[2016.02.05-11.39.45:076][  0]LogInit: Command line: 
[2016.02.05-11.39.45:076][  0]LogInit: Base directory: C:/Program Files (x86)/Epic Games/4.10/Engine/Binaries/Win64/
[2016.02.05-11.39.45:076][  0]LogInit: Rocket: 1
[2016.02.05-11.39.45:084][  0]LogInit: Using libcurl 7.41.0
[2016.02.05-11.39.45:084][  0]LogInit:  - built for x86_64-pc-win32
[2016.02.05-11.39.45:084][  0]LogInit:  - supports SSL with WinSSL
[2016.02.05-11.39.45:084][  0]LogInit:  - other features:
[2016.02.05-11.39.45:084][  0]LogInit:      CURL_VERSION_SSL
[2016.02.05-11.39.45:084][  0]LogInit:      CURL_VERSION_IPV6
[2016.02.05-11.39.45:084][  0]LogInit:      CURL_VERSION_ASYNCHDNS
[2016.02.05-11.39.45:084][  0]LogInit:      CURL_VERSION_LARGEFILE
[2016.02.05-11.39.45:084][  0]LogInit:      CURL_VERSION_IDN
[2016.02.05-11.39.45:084][  0]LogInit:  CurlRequestOptions (configurable via config and command line):
[2016.02.05-11.39.45:084][  0]LogInit:  - bVerifyPeer = true  - Libcurl will verify peer certificate
[2016.02.05-11.39.45:084][  0]LogInit:  - bUseHttpProxy = false  - Libcurl will NOT use HTTP proxy
[2016.02.05-11.39.45:084][  0]LogInit:  - bDontReuseConnections = false  - Libcurl will reuse connections
[2016.02.05-11.39.45:084][  0]LogInit:  - CertBundlePath = nullptr  - Libcurl will use whatever was configured at build time.
[2016.02.05-11.39.45:095][  0]LogInit: Presizing for 0 objects not considered by GC, pre-allocating 0 bytes.
[2016.02.05-11.39.45:102][  0]LogInit: Object subsystem initialized
[2016.02.05-11.39.45:107][  0]LogInit: Selected Device Profile: [Windows]
[2016.02.05-11.39.45:107][  0]LogInit: Applying CVar settings loaded from the selected device profile: [Windows]
[2016.02.05-11.39.45:121][  0]LogInit: Computer: ROBINBÆRBAR
[2016.02.05-11.39.45:121][  0]LogInit: User: Robin
[2016.02.05-11.39.45:121][  0]LogInit: CPU Page size=4096, Cores=4
[2016.02.05-11.39.45:121][  0]LogInit: High frequency timer resolution =2.435769 MHz
[2016.02.05-11.39.45:121][  0]LogMemory: Memory total: Physical=7.9GB (8GB approx)
[2016.02.05-11.39.45:121][  0]LogMemory: Platform Memory Stats for Windows
[2016.02.05-11.39.45:121][  0]LogMemory: Process Physical Memory: 56.02 MB used, 56.02 MB peak
[2016.02.05-11.39.45:121][  0]LogMemory: Process Virtual Memory: 54.80 MB used, 54.80 MB peak
[2016.02.05-11.39.45:121][  0]LogMemory: Physical Memory: 4622.74 MB used, 8074.92 MB total
[2016.02.05-11.39.45:121][  0]LogMemory: Virtual Memory: 384.05 MB used, 134217728.00 MB total
[2016.02.05-11.39.45:157][  0]LogTextLocalizationManager: No translations for ('da-DK') exist, falling back to 'en' for localization and internationalization data.
[2016.02.05-11.39.45:755][  0]LogD3D11RHI: Found D3D11 adapter 0: NVIDIA GeForce GTX 860M      (Feature Level 11_0)
[2016.02.05-11.39.45:755][  0]LogD3D11RHI: Adapter has 1995MB of dedicated video memory, 0MB of dedicated system memory, and 4037MB of shared system memory, 1 output[s]
[2016.02.05-11.39.45:762][  0]LogD3D11RHI: Found D3D11 adapter 1: Intel(R) HD Graphics 4600 (Feature Level 11_0)
[2016.02.05-11.39.45:762][  0]LogD3D11RHI: Adapter has 112MB of dedicated video memory, 0MB of dedicated system memory, and 4037MB of shared system memory, 0 output[s]
[2016.02.05-11.39.45:764][  0]LogD3D11RHI: Found D3D11 adapter 2: Microsoft Basic Render Driver (Feature Level 11_0)
[2016.02.05-11.39.45:764][  0]LogD3D11RHI: Adapter has 0MB of dedicated video memory, 0MB of dedicated system memory, and 4037MB of shared system memory, 0 output[s]
[2016.02.05-11.39.45:764][  0]LogD3D11RHI: Chosen D3D11 Adapter Id = 0
[2016.02.05-11.39.45:771][  0]LogD3D11RHI: !Direct3DDevice
[2016.02.05-11.39.45:771][  0]LogRHI: Texture pool is 1361 MB (70% of 1945 MB)
[2016.02.05-11.39.45:794][  0]LogD3D11RHI: Async texture creation enabled
[2016.02.05-11.39.45:808][  0]LogShaderCompilers: Guid format shader working directory is 19 characters bigger than the processId version (D:/Unreal Projects/TenFold/Intermediate/Shaders/WorkingDirectory/18692/).
[2016.02.05-11.39.45:808][  0]LogShaderCompilers: Cleaned the shader compiler working directory 'C:/Users/Robin/AppData/Local/Temp/UnrealShaderWorkingDir/4F9A27DA413224850343BF8265434C77/'.
[2016.02.05-11.39.45:808][  0]LogShaderCompilers:Display: Using Local Shader Compiler.
[2016.02.05-11.39.46:979][  0]LogTemp:Display: Loaded TP AllDesktopTargetPlatform
[2016.02.05-11.39.46:984][  0]LogTemp:Display: Loaded TP WindowsClientTargetPlatform
[2016.02.05-11.39.46:990][  0]LogTemp:Display: Loaded TP WindowsNoEditorTargetPlatform
[2016.02.05-11.39.46:997][  0]LogTemp:Display: Loaded TP WindowsServerTargetPlatform
[2016.02.05-11.39.47:006][  0]LogTemp:Display: Loaded TP WindowsTargetPlatform
[2016.02.05-11.39.47:010][  0]LogTemp:Display: Loaded TP AndroidTargetPlatform
[2016.02.05-11.39.47:016][  0]LogTemp:Display: Loaded TP Android_ASTCTargetPlatform
[2016.02.05-11.39.47:024][  0]LogTemp:Display: Loaded TP Android_ATCTargetPlatform
[2016.02.05-11.39.47:029][  0]LogTemp:Display: Loaded TP Android_DXTTargetPlatform
[2016.02.05-11.39.47:032][  0]LogTemp:Display: Loaded TP Android_ETC1TargetPlatform
[2016.02.05-11.39.47:035][  0]LogTemp:Display: Loaded TP Android_ETC2TargetPlatform
[2016.02.05-11.39.47:041][  0]LogTemp:Display: Loaded TP Android_MultiTargetPlatform
[2016.02.05-11.39.47:041][  0]LogTemp:Display: Loaded TP Android_PVRTCTargetPlatform
[2016.02.05-11.39.47:042][  0]LogTemp:Display: Loaded TP HTML5TargetPlatform
[2016.02.05-11.39.47:058][  0]LogTemp:Display: Loaded TP IOSTargetPlatform
[2016.02.05-11.39.47:061][  0]LogTemp:Display: Loaded TP LinuxNoEditorTargetPlatform
[2016.02.05-11.39.47:063][  0]LogTemp:Display: Loaded TP LinuxServerTargetPlatform
[2016.02.05-11.39.47:066][  0]LogTemp:Display: Loaded TP LinuxTargetPlatform
[2016.02.05-11.39.47:066][  0]LogTargetPlatformManager:Display: Building Assets For Windows
[2016.02.05-11.39.47:165][  0]LogDerivedDataCache:Display: Max Cache Size: 512 MB
[2016.02.05-11.39.47:244][  0]LogDerivedDataCache: Loaded boot cache 0.08s 41MB C:/Users/Robin/AppData/Local/UnrealEngine/4.10/DerivedDataCache/Boot.ddc.
[2016.02.05-11.39.47:244][  0]LogDerivedDataCache:Display: Loaded Boot cache: C:/Users/Robin/AppData/Local/UnrealEngine/4.10/DerivedDataCache/Boot.ddc
[2016.02.05-11.39.47:244][  0]LogDerivedDataCache: FDerivedDataBackendGraph:  Pak pak cache file D:/Unreal Projects/TenFold/DerivedDataCache/DDC.ddp not found, will not use a pak cache.
[2016.02.05-11.39.47:244][  0]LogDerivedDataCache: Unable to find inner node Pak for hierarchical cache Hierarchy.
[2016.02.05-11.39.47:244][  0]LogDerivedDataCache: FDerivedDataBackendGraph:  CompressedPak pak cache file D:/Unreal Projects/TenFold/DerivedDataCache/Compressed.ddp not found, will not use a pak cache.
[2016.02.05-11.39.47:244][  0]LogDerivedDataCache: Unable to find inner node CompressedPak for hierarchical cache Hierarchy.
[2016.02.05-11.39.47:327][  0]LogDerivedDataCache:Display: Pak cache opened for reading ../../../Engine/DerivedDataCache/Compressed.ddp.
[2016.02.05-11.39.47:338][  0]LogDerivedDataCache: Using Local data cache path C:/Users/Robin/AppData/Local/UnrealEngine/Common/DerivedDataCache: Writable
[2016.02.05-11.39.47:612][  0]LogInit: Selected Device Profile: [Windows]
[2016.02.05-11.39.47:623][  0]LogContentStreaming: Texture pool size is 0.000000MB
[2016.02.05-11.39.47:761][  0]LogMeshUtilities: No automatic mesh reduction module available
[2016.02.05-11.39.47:761][  0]LogMeshUtilities: No automatic mesh merging module available
[2016.02.05-11.39.48:094][  0]LogInit: WinSock: version 1.1 (2.2), MaxSocks=32767, MaxUdp=65467
[2016.02.05-11.39.50:959][  0]UdpMessaging: Initializing bridge on interface 0.0.0.0:0 to multicast group 230.0.0.1:6666.
[2016.02.05-11.39.51:102][  0]LogAssetRegistry: FAssetRegistry took 0.0114 seconds to start up
[2016.02.05-11.39.51:310][  0]SourceControl: Info Source control is disabled
[2016.02.05-11.39.51:312][  0]SourceControl: Info Source control is disabled
[2016.02.05-11.39.51:332][  0]SourceControl: Info Source control is disabled
[2016.02.05-11.39.51:347][  0]SourceControl: Info Source control is disabled
[2016.02.05-11.39.51:725][  0]LogObj: 28633 objects as part of root set at end of initial load.
[2016.02.05-11.39.51:725][  0]LogUObjectAllocator: 6099752 out of 0 bytes used by permanent object pool.
[2016.02.05-11.39.51:794][  0]LogEngine: Initializing Engine...
[2016.02.05-11.39.51:797][  0]OCULUS: Info: 02/05/16 11:39:51: [CAPI] LibOVR module is located at C:\WINDOWS\SYSTEM32\LibOVRRT64_0_8.dll

[2016.02.05-11.39.51:799][  0]LogHMD: SteamVR failed to initialize.  Err: 110
[2016.02.05-11.39.51:949][  0]LogAIModule: Creating AISystem for world NewWorld
[2016.02.05-11.39.51:954][  0]LogInit: XAudio2 using 'Højttalere (Realtek High Definition Audio)' : 2 channels at 48 kHz using 32 bits per sample (channel mask 0x3)
[2016.02.05-11.39.51:965][  0]LogInit: FAudioDevice initialized.
[2016.02.05-11.39.52:001][  0]LogDerivedDataCache: Saved boot cache 0.04s 41MB C:/Users/Robin/AppData/Local/UnrealEngine/4.10/DerivedDataCache/Boot.ddc.
[2016.02.05-11.39.52:010][  0]LogInit: Texture streaming: Enabled
[2016.02.05-11.39.52:020][  0]LogAnalytics: Creating configured Analytics provider AnalyticsET
[2016.02.05-11.39.52:020][  0]LogAnalytics: [UEEditor.Rocket.Release] APIServer = http://et2.epicgames.com/ET2/. AppVersion = 4.10.2-2818068+++depot+UE4-Releases+4.10
[2016.02.05-11.39.52:020][  0]LogAnalytics: [UEEditor.Rocket.Release] SetUserId 2b19be7941c1812a7bf809ae893477e7|1d7ef041aac047b88db563ecd4788890|aa42e4c9-18e0-4455-9188-b13d72f1cd87
[2016.02.05-11.39.52:020][  0]LogAnalytics: [UEEditor.Rocket.Release] AnalyticsET::StartSession
[2016.02.05-11.39.52:037][  0]LogInit: Transaction tracking system initialized
[2016.02.05-11.39.52:079][  0]BlueprintLog: New page: Editor Load
[2016.02.05-11.39.52:499][  0]LocalizationService: Info Localization service is disabled
[2016.02.05-11.39.52:741][  0]LogConsoleResponse:Display: 
[2016.02.05-11.39.52:883][  0]LogFileCache: Scanning file cache for directory 'D:/Unreal Projects/TenFold/Content/' took 0.01s
[2016.02.05-11.39.52:883][  0]LogCook:Display: Done creating registry. It took  0.00s.
[2016.02.05-11.39.53:014][  0]SourceControl: Info Source control is disabled
[2016.02.05-11.39.53:015][  0]Cmd: MAP LOAD FILE="../../../Engine/Content/Maps/Templates/Template_Default.umap" TEMPLATE=1 SHOWPROGRESS=1 FEATURELEVEL=3
[2016.02.05-11.39.53:023][  0]LightingResults: New page: Lighting Build
[2016.02.05-11.39.53:027][  0]MapCheck: New page: Map Check
[2016.02.05-11.39.53:027][  0]LightingResults: New page: Lighting Build
[2016.02.05-11.39.53:041][  0]LogParticles: Destroying 0 GPU particle simulations for FXSystem 0x000001A09888F420
[2016.02.05-11.39.53:370][  0]LogAIModule: Creating AISystem for world Untitled_1
[2016.02.05-11.39.53:376][  0]LogEditorServer: Finished looking for orphan Actors (0.000 secs)
[2016.02.05-11.39.53:381][  0]Cmd: MAP CHECKDEP NOCLEARLOG
[2016.02.05-11.39.53:449][  0]MapCheck: Info Map check complete: 0 Error(s), 0 Warning(s), took 68.236ms to complete.
[2016.02.05-11.39.53:449][  0]LogFileHelpers: Loading map 'Template_Default' took 0.435
[2016.02.05-11.39.53:551][  0]LogCollectionManager: Loaded 0 collections in 0.003004 seconds
[2016.02.05-11.39.53:599][  0]LogFileCache: Scanning file cache for directory 'D:/Unreal Projects/TenFold/Saved/Collections/' took 0.01s
[2016.02.05-11.39.53:599][  0]LogFileCache: Scanning file cache for directory 'D:/Unreal Projects/TenFold/Content/Developers/Robin/Collections/' took 0.01s
[2016.02.05-11.39.53:599][  0]LogFileCache: Scanning file cache for directory 'D:/Unreal Projects/TenFold/Content/Collections/' took 0.01s
[2016.02.05-11.39.53:599][  0]LogCollectionManager: Rebuilt the GUID cache for 0 collections in 0.000007 seconds
[2016.02.05-11.39.53:613][  0]LogContentBrowser: Native class hierarchy populated in 0.0131 seconds. Added 1893 classes and 338 folders.
[2016.02.05-11.39.53:632][  0]LogContentBrowser: Native class hierarchy updated for 'WidgetCarousel' in 0.0006 seconds. Added 0 classes and 0 folders.
[2016.02.05-11.39.54:065][  0]LogContentBrowser: Native class hierarchy updated for 'AddContentDialog' in 0.0004 seconds. Added 0 classes and 0 folders.
[2016.02.05-11.39.54:132][  0]LogContentBrowser: Native class hierarchy updated for 'SceneOutliner' in 0.0004 seconds. Added 1 classes and 2 folders.
[2016.02.05-11.39.54:186][  0]LogCrashTracker: Crashtracker disabled due to settings.
[2016.02.05-11.39.54:196][  0]LogUObjectGlobals:Warning: Failed to find object 'Class None.'
[2016.02.05-11.39.54:220][  0]LogLoad: Full Startup: 9.61 seconds (BP compile: 0.06 seconds)
[2016.02.05-11.39.54:554][  0]LogWindowsTextInputMethodSystem:Display: IME system now deactivated.
[2016.02.05-11.39.54:560][  0]LogOcInput: OculusInput is initialized. Init status -3003. Runtime version: (Unable to load LibOVR)
[2016.02.05-11.39.54:673][  0]LogContentStreaming: Texture pool size now 1000 MB
[2016.02.05-11.39.54:852][  0]LogRenderer: Reallocating scene render targets to support 1056x920 (Frame:2).
[2016.02.05-11.39.58:117][115]LogAssetRegistry: Asset discovery search completed in 7.0255 seconds
[2016.02.05-11.39.58:117][115]LogCollectionManager: Rebuilt the object cache for 0 collections in 0.000002 seconds (found 0 objects)
[2016.02.05-11.39.58:117][115]LogCollectionManager: Fixed up redirectors for 0 collections in 0.000056 seconds (updated 0 objects)
[2016.02.05-11.40.25:043][462]LogUProjectInfo: Found projects:
[2016.02.05-11.42.19:157][764]LogUObjectGlobals:Warning: Failed to find object 'Class None.None'
[2016.02.05-11.42.25:173][ 54]Cmd: UpdateLandscapeSetup
[2016.02.05-11.42.53:353][738]Cmd: UpdateLandscapeSetup
[2016.02.05-11.43.16:920][233]Cmd: UpdateLandscapeSetup
[2016.02.05-11.43.19:842][387]LogPlayLevel: PlayLevel: No blueprints needed recompiling
[2016.02.05-11.43.19:844][387]PIE: New page: PIE session: Untitled_1 (Feb 5, 2016, 1:43:19 PM)
[2016.02.05-11.43.19:845][387]LogPlayLevel: Creating play world package: /Temp/UEDPIE_0_Untitled_1
[2016.02.05-11.43.19:847][387]LogPlayLevel: PIE: StaticDuplicateObject took: (0.002306s)
[2016.02.05-11.43.19:848][387]LogAIModule: Creating AISystem for world Untitled_1
[2016.02.05-11.43.19:848][387]LogPlayLevel: PIE: World Init took: (0.000950s)
[2016.02.05-11.43.19:848][387]LogPlayLevel: PIE: Created PIE world by copying editor world from /Temp/Untitled_1.Untitled_1 to /Temp/UEDPIE_0_Untitled_1.Untitled_1 (0.004056s)
[2016.02.05-11.43.19:871][387]LogInit: XAudio2 using 'Højttalere (Realtek High Definition Audio)' : 2 channels at 48 kHz using 32 bits per sample (channel mask 0x3)
[2016.02.05-11.43.19:880][387]LogInit: FAudioDevice initialized.
[2016.02.05-11.43.19:943][387]LogWorld: Game class is 'LauncherGameMode_C'
[2016.02.05-11.43.19:945][387]LogWorld: Bringing World /Temp/UEDPIE_0_Untitled_1.Untitled_1 up for play (max tick rate 0) at 2016.02.05-12.43.19
[2016.02.05-11.43.19:945][387]LogActor:Warning: GameSession /Temp/UEDPIE_0_Untitled_1.Untitled_1:PersistentLevel.GameSession_0 has natively added scene component(s), but none of them were set as the actor's RootComponent - picking one arbitrarily
[2016.02.05-11.43.19:945][387]LogActor:Warning: GameNetworkManager /Temp/UEDPIE_0_Untitled_1.Untitled_1:PersistentLevel.GameNetworkManager_0 has natively added scene component(s), but none of them were set as the actor's RootComponent - picking one arbitrarily
[2016.02.05-11.43.19:945][387]LogWorld: Bringing up level for play took: 0.001310
[2016.02.05-11.43.19:951][387]PIE: Info Play in editor start time for /Temp/UEDPIE_0_Untitled_1 0.096
[2016.02.05-11.43.23:917][525]LogParticles: Destroying 0 GPU particle simulations for FXSystem 0x000001A096ACBE20
[2016.02.05-11.43.26:281][635]LogUObjectGlobals:Warning: Failed to find object 'Class None.None'
[2016.02.05-11.43.29:622][690]Cmd: OBJ SAVEPACKAGE PACKAGE="/Game/NewMap" FILE="D:/Unreal Projects/TenFold/Content/NewMap.umap" SILENT=true AUTOSAVING=false KEEPDIRTY=false
[2016.02.05-11.43.29:664][690]LogSavePackage: Save=23.689028ms
[2016.02.05-11.43.29:664][690]LogSavePackage: Moving 'D:/Unreal Projects/TenFold/Saved/NewMap06C1382847B1FEB41D4F758668ACFDB8.tmp' to 'D:/Unreal Projects/TenFold/Content/NewMap.umap'
[2016.02.05-11.43.29:674][690]LogSavePackage: Total save time: 37.609477ms
[2016.02.05-11.43.29:675][690]LogSavePackage:Display: Finished SavePackage D:/Unreal Projects/TenFold/Content/NewMap.umap
[2016.02.05-11.43.29:725][690]LogFileHelpers: Saving map 'NewMap' took 0.486
[2016.02.05-11.43.30:823][703]LogPlayLevel: PlayLevel: No blueprints needed recompiling
[2016.02.05-11.43.30:823][703]PIE: New page: PIE session: NewMap (Feb 5, 2016, 1:43:30 PM)
[2016.02.05-11.43.30:823][703]LogPlayLevel: Creating play world package: /Game/UEDPIE_0_NewMap
[2016.02.05-11.43.30:827][703]LogPlayLevel: PIE: StaticDuplicateObject took: (0.003722s)
[2016.02.05-11.43.30:828][703]LogAIModule: Creating AISystem for world NewMap
[2016.02.05-11.43.30:828][703]LogPlayLevel: PIE: World Init took: (0.000762s)
[2016.02.05-11.43.30:828][703]LogPlayLevel: PIE: Created PIE world by copying editor world from /Game/NewMap.NewMap to /Game/UEDPIE_0_NewMap.NewMap (0.004668s)
[2016.02.05-11.43.30:843][703]LogInit: XAudio2 using 'Højttalere (Realtek High Definition Audio)' : 2 channels at 48 kHz using 32 bits per sample (channel mask 0x3)
[2016.02.05-11.43.30:851][703]LogInit: FAudioDevice initialized.
[2016.02.05-11.43.30:894][703]LogWorld: Game class is 'LauncherGameMode_C'
[2016.02.05-11.43.30:896][703]LogWorld: Bringing World /Game/UEDPIE_0_NewMap.NewMap up for play (max tick rate 0) at 2016.02.05-12.43.30
[2016.02.05-11.43.30:896][703]LogActor:Warning: GameSession /Game/UEDPIE_0_NewMap.NewMap:PersistentLevel.GameSession_1 has natively added scene component(s), but none of them were set as the actor's RootComponent - picking one arbitrarily
[2016.02.05-11.43.30:896][703]LogActor:Warning: GameNetworkManager /Game/UEDPIE_0_NewMap.NewMap:PersistentLevel.GameNetworkManager_1 has natively added scene component(s), but none of them were set as the actor's RootComponent - picking one arbitrarily
[2016.02.05-11.43.30:897][703]LogWorld: Bringing up level for play took: 0.001593
[2016.02.05-11.43.30:899][703]PIE: Info Play in editor start time for /Game/UEDPIE_0_NewMap 1.044
[2016.02.05-11.43.33:920][800]LogParticles: Destroying 0 GPU particle simulations for FXSystem 0x000001A096B6CCC0
[2016.02.05-11.43.50:872][647]Cmd: OBJ SAVEPACKAGE PACKAGE="/Game/Levels/NewMap" FILE="D:/Unreal Projects/TenFold/Content/Levels/NewMap.umap" SILENT=true AUTOSAVING=false KEEPDIRTY=false
[2016.02.05-11.43.50:913][647]LogSavePackage: Save=30.815319ms
[2016.02.05-11.43.50:914][647]LogSavePackage: Moving 'D:/Unreal Projects/TenFold/Saved/NewMap987AC4EB4BDD67FBF342B6BEC7B77C44.tmp' to 'D:/Unreal Projects/TenFold/Content/Levels/NewMap.umap'
[2016.02.05-11.43.50:917][647]LogSavePackage: Total save time: 34.130905ms
[2016.02.05-11.43.50:917][647]LogSavePackage:Display: Finished SavePackage D:/Unreal Projects/TenFold/Content/Levels/NewMap.umap
[2016.02.05-11.43.50:943][647]LogFileHelpers: Saving map 'NewMap' took 0.116
[2016.02.05-11.44.02:168][122]Cmd: OBJ SAVEPACKAGE PACKAGE="/Game/Levels/Launcher" FILE="D:/Unreal Projects/TenFold/Content/Levels/Launcher.umap" SILENT=true AUTOSAVING=false KEEPDIRTY=false
[2016.02.05-11.44.02:208][122]LogSavePackage: Save=28.070396ms
[2016.02.05-11.44.02:208][122]LogSavePackage: Moving 'D:/Unreal Projects/TenFold/Saved/Launcher4E6EF1BB47CD45D79545788CAC1A0484.tmp' to 'D:/Unreal Projects/TenFold/Content/Levels/Launcher.umap'
[2016.02.05-11.44.02:211][122]LogSavePackage: Total save time: 31.147864ms
[2016.02.05-11.44.02:211][122]LogSavePackage:Display: Finished SavePackage D:/Unreal Projects/TenFold/Content/Levels/Launcher.umap
[2016.02.05-11.44.02:237][122]LogFileHelpers: Saving map 'Launcher' took 0.111
[2016.02.05-11.44.05:013][153]Cmd: OBJ SAVEPACKAGE PACKAGE="/Game/Levels/Launcher" FILE="D:/Unreal Projects/TenFold/Content/Levels/Launcher.umap" SILENT=true AUTOSAVING=false KEEPDIRTY=false
[2016.02.05-11.44.05:111][153]LogSavePackage: Save=61.962772ms
[2016.02.05-11.44.05:111][153]LogSavePackage: Moving 'D:/Unreal Projects/TenFold/Saved/LauncherEC86A6CA4C4B9F6BC082B6B762152FA2.tmp' to 'D:/Unreal Projects/TenFold/Content/Levels/Launcher.umap'
[2016.02.05-11.44.05:113][153]LogSavePackage: Total save time: 70.817880ms
[2016.02.05-11.44.05:113][153]LogSavePackage:Display: Finished SavePackage D:/Unreal Projects/TenFold/Content/Levels/Launcher.umap
[2016.02.05-11.44.43:047][554]LogLinker:Warning: Asset '../../../Engine/Content/ArtTools/RenderToTexture/Macros/RenderToTextureMacros.uasset' has been saved with empty engine version. The asset will be loaded but may be incompatible.
[2016.02.05-11.44.43:542][554]LogContentBrowser: Native class hierarchy updated for 'BlueprintGraph' in 0.0006 seconds. Added 107 classes and 0 folders.
[2016.02.05-11.44.45:979][602]LogRenderer: Reallocating scene render targets to support 1140x920 (Frame:7930).
[2016.02.05-11.44.46:075][604]LogRenderer: Reallocating scene render targets to support 1144x920 (Frame:7933).
[2016.02.05-11.44.47:832][693]Cmd: OBJ SAVEPACKAGE PACKAGE="/Game/Levels/Launcher" FILE="D:/Unreal Projects/TenFold/Content/Levels/Launcher.umap" SILENT=true AUTOSAVING=false KEEPDIRTY=false
[2016.02.05-11.44.47:893][693]LogSavePackage: Save=24.908356ms
[2016.02.05-11.44.47:893][693]LogSavePackage: Moving 'D:/Unreal Projects/TenFold/Saved/Launcher7BB1F3604296C925902E158918FEBD0D.tmp' to 'D:/Unreal Projects/TenFold/Content/Levels/Launcher.umap'
[2016.02.05-11.44.47:894][693]LogSavePackage: Total save time: 26.688900ms
[2016.02.05-11.44.47:894][693]LogSavePackage:Display: Finished SavePackage D:/Unreal Projects/TenFold/Content/Levels/Launcher.umap
[2016.02.05-11.44.49:670][716]Cmd: OBJ SAVEPACKAGE PACKAGE="/Game/HUD/MenuHUD" FILE="D:/Unreal Projects/TenFold/Content/HUD/MenuHUD.uasset" SILENT=true
[2016.02.05-11.44.49:693][716]LogSavePackage: Save=21.724146ms
[2016.02.05-11.44.49:693][716]LogSavePackage: Moving 'D:/Unreal Projects/TenFold/Saved/MenuHUD30BA9685414D658B580862BA0385C553.tmp' to 'D:/Unreal Projects/TenFold/Content/HUD/MenuHUD.uasset'
[2016.02.05-11.44.49:696][716]LogSavePackage: Total save time: 25.342714ms
[2016.02.05-11.44.49:696][716]LogSavePackage:Display: Finished SavePackage D:/Unreal Projects/TenFold/Content/HUD/MenuHUD.uasset
[2016.02.05-11.45.20:939][734]LogSlate:Warning: Prevented a slow task dialog from being summoned while a context menu was open
[2016.02.05-11.45.30:260][245]Cmd: OBJ SAVEPACKAGE PACKAGE="/Game/HUD/MenuHUD" FILE="D:/Unreal Projects/TenFold/Content/HUD/MenuHUD.uasset" SILENT=true
[2016.02.05-11.45.30:276][245]LogSavePackage: Save=11.513818ms
[2016.02.05-11.45.30:276][245]LogSavePackage: Moving 'D:/Unreal Projects/TenFold/Saved/MenuHUD2FD921EF44BAAA6D7619A98337118CA0.tmp' to 'D:/Unreal Projects/TenFold/Content/HUD/MenuHUD.uasset'
[2016.02.05-11.45.30:277][245]LogSavePackage: Total save time: 16.086914ms
[2016.02.05-11.45.30:277][245]LogSavePackage:Display: Finished SavePackage D:/Unreal Projects/TenFold/Content/HUD/MenuHUD.uasset
[2016.02.05-11.45.30:701][270]BlueprintLog: New page: Compile MenuHUD
[2016.02.05-11.45.30:796][270]BlueprintEditorCompileResults: Info [0346.18] Compile of MenuHUD successful! [in 94 ms]
[2016.02.05-11.45.55:524][689]LogAssetTools:Warning: Failed to import 'D:\Unreal Projects\RLFGame\Content\Blueprints\LoginM.uasset'. Unknown extension 'uasset'.
[2016.02.05-11.45.55:536][689]LogAssetTools:Warning: Failed to import 'D:\Unreal Projects\RLFGame\Content\Blueprints\Login.uasset'. Unknown extension 'uasset'.
[2016.02.05-11.46.42:326][952]LogObjectTools:Warning: ForceReplaceReferences replaced references for a transient object 'DEADCLASS_LoginMenu_C_1' or package '/Engine/Transient'.
[2016.02.05-11.46.42:326][952]LogObjectTools:Warning: ForceReplaceReferences replaced references for a transient object 'DEADCLASS_LoginMenu_C_0' or package '/Engine/Transient'.
[2016.02.05-11.46.42:326][952]LogObjectTools:Warning: ForceReplaceReferences replaced references for a transient object 'REINST_SKEL_LoginMenu_C_41' or package '/Engine/Transient'.
[2016.02.05-11.46.42:326][952]LogObjectTools:Warning: ForceReplaceReferences replaced references for a transient object 'K2Node_FunctionEntry_10' or package '/Game/Blueprints/LoginMenu'.
[2016.02.05-11.46.42:326][952]LogObjectTools:Warning: ForceReplaceReferences replaced references for a transient object 'REINST_LoginMenu_C_40' or package '/Engine/Transient'.
[2016.02.05-11.47.11:419][224]LogObjectTools:Warning: ForceReplaceReferences replaced references for a transient object 'DEADCLASS_LauncherGameMode_C_2' or package '/Engine/Transient'.
[2016.02.05-11.47.11:419][224]LogObjectTools:Warning: ForceReplaceReferences replaced references for a transient object 'DEADCLASS_LauncherGameMode_C_3' or package '/Engine/Transient'.
[2016.02.05-11.47.11:420][224]LogObjectTools:Warning: ForceReplaceReferences replaced references for a transient object 'REINST_SKEL_LauncherGameMode_C_43' or package '/Engine/Transient'.
[2016.02.05-11.47.11:420][224]LogObjectTools:Warning: ForceReplaceReferences replaced references for a transient object 'REINST_LauncherGameMode_C_42' or package '/Engine/Transient'.
[2016.02.05-11.47.11:421][224]LogActorComponent: ~FComponentReregisterContext: (/Game/Levels/Launcher.Launcher:PersistentLevel.WorldSettings_1.StaticMeshComponent0) Component already registered.
[2016.02.05-11.47.11:580][225]Cmd: UpdateLandscapeSetup
[2016.02.05-11.47.12:365][233]LogLinker:Warning: Can't find file '/Game/Blueprints/LoginMenu'
[2016.02.05-11.47.12:366][233]LogLinker:Warning: Can't find file for asset '/Game/Blueprints/LoginMenu' while loading D:/Unreal Projects/TenFold/Content/Blueprints/LoginGameMode.uasset.
[2016.02.05-11.47.12:366][233]LoadErrors:Error: Error /Game/Blueprints/LoginGameMode : Can't find file for asset. /Game/Blueprints/LoginMenu
[2016.02.05-11.47.12:374][233]LogLinker:Warning: Can't find file '/Game/Textures/HolesBack'
[2016.02.05-11.47.12:375][233]LogLinker:Warning: Can't find file for asset '/Game/Textures/HolesBack' while loading D:/Unreal Projects/TenFold/Content/Blueprints/CharacterSelection.uasset.
[2016.02.05-11.47.12:375][233]LoadErrors:Error: Error /Game/Blueprints/CharacterSelection : Can't find file for asset. /Game/Textures/HolesBack
[2016.02.05-11.47.12:376][233]LogLinker:Warning: Can't find file '/Game/Textures/HolesBack'
[2016.02.05-11.47.12:376][233]LogLinker:Warning: Can't find file for asset '/Game/Textures/HolesBack' while loading D:/Unreal Projects/TenFold/Content/Blueprints/CharacterSelection.uasset.
[2016.02.05-11.47.12:377][233]LogLinker:Warning: Can't find file '/Game/Textures/HolesBack'
[2016.02.05-11.47.12:377][233]LogLinker:Warning: Can't find file for asset '/Game/Textures/HolesBack' while loading D:/Unreal Projects/TenFold/Content/Blueprints/LoginGameMode.uasset.
[2016.02.05-11.47.12:378][233]LoadErrors:Error: Error /Game/Blueprints/LoginGameMode : Can't find file for asset. /Game/Textures/HolesBack
[2016.02.05-11.47.12:378][233]LogLinker:Warning: Can't find file '/Game/Textures/HolesBack'
[2016.02.05-11.47.12:378][233]LogLinker:Warning: Can't find file for asset '/Game/Textures/HolesBack' while loading D:/Unreal Projects/TenFold/Content/Blueprints/LoginGameMode.uasset.
[2016.02.05-11.47.12:379][233]LogLinker:Warning: Can't find file '/Game/Textures/HolesBack'
[2016.02.05-11.47.12:380][233]LoadErrors: Info Failed to load /Game/Textures/HolesBack.HolesBack Referenced by Background
[2016.02.05-11.47.12:380][233]LogLinker:Warning: Can't find file for asset '/Game/Textures/HolesBack' while loading D:/Unreal Projects/TenFold/Content/Blueprints/LoginGameMode.uasset.
[2016.02.05-11.47.12:391][233]LogLinker:Warning: Can't find file '/Game/HUDs/MenuHUD'
[2016.02.05-11.47.12:391][233]LogLinker:Warning: Can't find file for asset '/Game/HUDs/MenuHUD' while loading D:/Unreal Projects/TenFold/Content/Blueprints/Login.uasset.
[2016.02.05-11.47.12:391][233]LoadErrors:Error: Error /Game/Blueprints/Login : Can't find file for asset. /Game/HUDs/MenuHUD
[2016.02.05-11.47.12:394][233]LogLinker:Warning: Can't find file '/Game/Enums/MenuState'
[2016.02.05-11.47.12:394][233]LogLinker:Warning: Can't find file for asset '/Game/Enums/MenuState' while loading D:/Unreal Projects/TenFold/Content/Blueprints/Login.uasset.
[2016.02.05-11.47.12:394][233]LoadErrors:Error: Error /Game/Blueprints/Login : Can't find file for asset. /Game/Enums/MenuState
[2016.02.05-11.47.12:394][233]LogLinker:Warning: Can't find file '/Game/HUDs/MenuHUD'
[2016.02.05-11.47.12:395][233]LogLinker:Warning: Can't find file for asset '/Game/HUDs/MenuHUD' while loading D:/Unreal Projects/TenFold/Content/Blueprints/Login.uasset.
[2016.02.05-11.47.12:395][233]LogLinker:Warning: Can't find file '/Game/Textures/HolesBack'
[2016.02.05-11.47.12:395][233]LogLinker:Warning: Can't find file for asset '/Game/Textures/HolesBack' while loading D:/Unreal Projects/TenFold/Content/Blueprints/Login.uasset.
[2016.02.05-11.47.12:395][233]LoadErrors:Error: Error /Game/Blueprints/Login : Can't find file for asset. /Game/Textures/HolesBack
[2016.02.05-11.47.12:395][233]LogLinker:Warning: Can't find file '/Game/Textures/HolesBack'
[2016.02.05-11.47.12:396][233]LogLinker:Warning: Can't find file for asset '/Game/Textures/HolesBack' while loading D:/Unreal Projects/TenFold/Content/Blueprints/Login.uasset.
[2016.02.05-11.47.12:396][233]LogLinker:Warning: Can't find file '/Game/Enums/MenuState'
[2016.02.05-11.47.12:396][233]LogLinker:Warning: Can't find file for asset '/Game/Enums/MenuState' while loading D:/Unreal Projects/TenFold/Content/Blueprints/Login.uasset.
[2016.02.05-11.47.12:398][233]LogLinker:Warning: Can't find file '/Game/Enums/MenuState'
[2016.02.05-11.47.12:398][233]LoadErrors: Info Failed to load /Game/Enums/MenuState.MenuState Referenced by menu
[2016.02.05-11.47.12:398][233]LogLinker:Warning: Can't find file for asset '/Game/Enums/MenuState' while loading D:/Unreal Projects/TenFold/Content/Blueprints/LoginGameMode.uasset.
[2016.02.05-11.47.12:398][233]LoadErrors:Error: Error /Game/Blueprints/LoginGameMode : Can't find file for asset. /Game/Enums/MenuState
[2016.02.05-11.47.12:398][233]LogLinker:Warning: Can't find file '/Game/Enums/MenuState'
[2016.02.05-11.47.12:398][233]LoadErrors: Info Failed to load /Game/Enums/MenuState.MenuState Referenced by CharacterSelectionState
[2016.02.05-11.47.12:398][233]LogLinker:Warning: Can't find file for asset '/Game/Enums/MenuState' while loading D:/Unreal Projects/TenFold/Content/Blueprints/LoginGameMode.uasset.
[2016.02.05-11.47.12:399][233]LogLinker:Warning: Can't find file '/Game/HUDs/MenuHUD'
[2016.02.05-11.47.12:399][233]LogLinker:Warning: Can't find file for asset '/Game/HUDs/MenuHUD' while loading D:/Unreal Projects/TenFold/Content/Blueprints/LoginGameMode.uasset.
[2016.02.05-11.47.12:399][233]LoadErrors:Error: Error /Game/Blueprints/LoginGameMode : Can't find file for asset. /Game/HUDs/MenuHUD
[2016.02.05-11.47.12:399][233]LogLinker:Warning: Can't find file '/Game/HUDs/MenuHUD'
[2016.02.05-11.47.12:399][233]LogLinker:Warning: Can't find file for asset '/Game/HUDs/MenuHUD' while loading D:/Unreal Projects/TenFold/Content/Blueprints/LoginGameMode.uasset.
[2016.02.05-11.47.12:399][233]LogLinker:Warning: Can't find file '/Game/Enums/MenuState'
[2016.02.05-11.47.12:400][233]LogLinker:Warning: Can't find file for asset '/Game/Enums/MenuState' while loading D:/Unreal Projects/TenFold/Content/Blueprints/LoginGameMode.uasset.
[2016.02.05-11.47.12:400][233]LogLinker:Warning: Can't find file '/Game/HUDs/MenuHUD'
[2016.02.05-11.47.12:400][233]LogLinker:Warning: Can't find file for asset '/Game/HUDs/MenuHUD' while loading D:/Unreal Projects/TenFold/Content/Blueprints/LoginGameMode.uasset.
[2016.02.05-11.47.12:400][233]LogLinker:Warning: Can't find file '/Game/Textures/HolesBack'
[2016.02.05-11.47.12:400][233]LogLinker:Warning: Can't find file for asset '/Game/Textures/HolesBack' while loading D:/Unreal Projects/TenFold/Content/Blueprints/LoginGameMode.uasset.
[2016.02.05-11.47.12:400][233]LogLinker:Warning: Can't find file '/Game/Textures/HolesBack'
[2016.02.05-11.47.12:400][233]LogLinker:Warning: Can't find file for asset '/Game/Textures/HolesBack' while loading D:/Unreal Projects/TenFold/Content/Blueprints/LoginGameMode.uasset.
[2016.02.05-11.47.12:401][233]LogLinker:Warning: Can't find file '/Game/Enums/MenuState'
[2016.02.05-11.47.12:401][233]LogLinker:Warning: Can't find file for asset '/Game/Enums/MenuState' while loading D:/Unreal Projects/TenFold/Content/Blueprints/LoginGameMode.uasset.
[2016.02.05-11.47.12:401][233]LogClass:Warning: Failed to find enum 'MenuState' when converting property 'CharacterSelectionState' to byte during property loading
[2016.02.05-11.47.12:402][233]LogLinker:Warning: Can't find file '/Game/Enums/MenuState'
[2016.02.05-11.47.12:402][233]LoadErrors: Info Failed to load /Game/Enums/MenuState.MenuState Referenced by Login
[2016.02.05-11.47.12:402][233]LogLinker:Warning: Can't find file for asset '/Game/Enums/MenuState' while loading D:/Unreal Projects/TenFold/Content/Blueprints/LoginGameMode.uasset.
[2016.02.05-11.47.12:403][233]LogLinker:Warning: Can't find file '/Game/Enums/MenuState'
[2016.02.05-11.47.12:403][233]LogLinker:Warning: Can't find file for asset '/Game/Enums/MenuState' while loading D:/Unreal Projects/TenFold/Content/Blueprints/LoginGameMode.uasset.
[2016.02.05-11.47.12:405][233]LogLinker:Warning: Can't find file '/Game/Textures/HolesBack'
[2016.02.05-11.47.12:405][233]LogLinker:Warning: Can't find file for asset '/Game/Textures/HolesBack' while loading D:/Unreal Projects/TenFold/Content/Blueprints/LoginGameMode.uasset.
[2016.02.05-11.47.12:409][233]LogLinker:Warning: Can't find file '/Game/HUDs/MenuHUD'
[2016.02.05-11.47.12:409][233]LoadErrors: Info Failed to load /Game/HUDs/MenuHUD.MenuHUD_C Referenced by K2Node_DynamicCast_497
[2016.02.05-11.47.12:409][233]LogLinker:Warning: Can't find file for asset '/Game/HUDs/MenuHUD' while loading D:/Unreal Projects/TenFold/Content/Blueprints/LoginGameMode.uasset.
[2016.02.05-11.47.12:410][233]LogLinker:Warning: Can't find file '/Game/HUDs/MenuHUD'
[2016.02.05-11.47.12:410][233]LoadErrors: Info Failed to load /Game/HUDs/MenuHUD.MenuHUD_C Referenced by EdGraphPin_26650
[2016.02.05-11.47.12:410][233]LogLinker:Warning: Can't find file for asset '/Game/HUDs/MenuHUD' while loading D:/Unreal Projects/TenFold/Content/Blueprints/LoginGameMode.uasset.
[2016.02.05-11.47.12:410][233]LogLinker:Warning: Can't find file '/Game/HUDs/MenuHUD'
[2016.02.05-11.47.12:410][233]LoadErrors: Info Failed to load /Game/HUDs/MenuHUD.MenuHUD_C Referenced by K2Node_CallFunction_2633
[2016.02.05-11.47.12:410][233]LogLinker:Warning: Can't find file for asset '/Game/HUDs/MenuHUD' while loading D:/Unreal Projects/TenFold/Content/Blueprints/LoginGameMode.uasset.
[2016.02.05-11.47.12:410][233]LogLinker:Warning: Can't find file '/Game/HUDs/MenuHUD'
[2016.02.05-11.47.12:410][233]LoadErrors: Info Failed to load /Game/HUDs/MenuHUD.MenuHUD_C Referenced by EdGraphPin_26666
[2016.02.05-11.47.12:410][233]LogLinker:Warning: Can't find file for asset '/Game/HUDs/MenuHUD' while loading D:/Unreal Projects/TenFold/Content/Blueprints/LoginGameMode.uasset.
[2016.02.05-11.47.12:410][233]LogLinker:Warning: Can't find file '/Game/Enums/MenuState'
[2016.02.05-11.47.12:411][233]LoadErrors: Info Failed to load /Game/Enums/MenuState.MenuState Referenced by EdGraphPin_26668
[2016.02.05-11.47.12:411][233]LogLinker:Warning: Can't find file for asset '/Game/Enums/MenuState' while loading D:/Unreal Projects/TenFold/Content/Blueprints/LoginGameMode.uasset.
[2016.02.05-11.47.12:411][233]LogLinker:Warning: Can't find file '/Game/Enums/MenuState'
[2016.02.05-11.47.12:411][233]LoadErrors: Info Failed to load /Game/Enums/MenuState.MenuState Referenced by EdGraphPin_27271
[2016.02.05-11.47.12:411][233]LogLinker:Warning: Can't find file for asset '/Game/Enums/MenuState' while loading D:/Unreal Projects/TenFold/Content/Blueprints/LoginGameMode.uasset.
[2016.02.05-11.47.12:420][233]LogBlueprint:Error: [compiler Login] Error Could not find a function named "CharacterSelectionMenu" in 'Login'.
Make sure 'Login' has been compiled for  Character Selection Menu 
[2016.02.05-11.47.12:420][233]LogBlueprint:Warning: [compiler Login] Warning Can't connect pins  Object  and  Return Value : This cast has an invalid target type (was the class deleted without a redirect?).
[2016.02.05-11.47.12:421][233]LogBlueprint:Warning: [compiler Login] Warning Can't connect pins  Return Value  and  Object : This cast has an invalid target type (was the class deleted without a redirect?).
[2016.02.05-11.47.12:421][233]LogBlueprint:Error: [compiler Login] Error This blueprint (self) is not compatible with ' Target ', therefore that pin must have a connection.
[2016.02.05-11.47.12:427][233]LogBlueprint:Warning: [compiler Login] Warning [0447.81] Compile of Login failed. 2 Fatal Issue(s) 2 Warning(s) [in 9 ms]
[2016.02.05-11.47.12:427][233]LogBlueprint:Warning: [compiler Login] Warning [0447.81] Compile of Login failed. 2 Fatal Issue(s) 3 Warning(s) [in 0 ms]
[2016.02.05-11.47.12:427][233]LogBlueprint:Warning: [compiler Login] Warning [0447.81] Compile of Login failed. 2 Fatal Issue(s) 4 Warning(s) [in 0 ms]
[2016.02.05-11.47.12:428][233]LogLinker:Warning: Can't find file '/Game/Blueprints/LoginMenu'
[2016.02.05-11.47.12:428][233]LogLinker:Warning: Can't find file for asset '/Game/Blueprints/LoginMenu' while loading D:/Unreal Projects/TenFold/Content/Blueprints/LoginGameMode.uasset.
[2016.02.05-11.47.12:429][233]LogLinker:Warning: Can't find file '/Game/Blueprints/LoginMenu'
[2016.02.05-11.47.12:430][233]LogLinker:Warning: Can't find file for asset '/Game/Blueprints/LoginMenu' while loading NULL.
[2016.02.05-11.47.12:430][233]LogLinker:Warning: Can't find file '/Game/Blueprints/LoginMenu'
[2016.02.05-11.47.12:430][233]LogLinker:Warning: Can't find file for asset '/Game/Blueprints/LoginMenu' while loading NULL.
[2016.02.05-11.47.12:430][233]LogLinker:Warning: Can't find file '/Game/Blueprints/LoginMenu'
[2016.02.05-11.47.12:430][233]LogLinker:Warning: Can't find file for asset '/Game/Blueprints/LoginMenu' while loading NULL.
[2016.02.05-11.47.12:440][233]LogLinker:Warning: Can't find file '/Game/Textures/HolesBack'
[2016.02.05-11.47.12:440][233]LogLinker:Warning: Can't find file for asset '/Game/Textures/HolesBack' while loading NULL.
[2016.02.05-11.47.12:440][233]LogLinker:Warning: Can't find file '/Game/Textures/HolesBack'
[2016.02.05-11.47.12:440][233]LogLinker:Warning: Can't find file for asset '/Game/Textures/HolesBack' while loading NULL.
[2016.02.05-11.49.08:967][883]LogSlate:Warning: Prevented a slow task dialog from being summoned while a context menu was open
[2016.02.05-11.49.29:747][ 75]Cmd: OBJ SAVEPACKAGE PACKAGE="/Game/HUD/MenuHUD" FILE="D:/Unreal Projects/TenFold/Content/HUD/MenuHUD.uasset" SILENT=true
[2016.02.05-11.49.29:761][ 75]LogSavePackage: Save=12.899828ms
[2016.02.05-11.49.29:761][ 75]LogSavePackage: Moving 'D:/Unreal Projects/TenFold/Saved/MenuHUD87D8C7414ACF42994D76FF894A7711DA.tmp' to 'D:/Unreal Projects/TenFold/Content/HUD/MenuHUD.uasset'
[2016.02.05-11.49.29:762][ 75]LogSavePackage: Total save time: 14.544893ms
[2016.02.05-11.49.29:762][ 75]LogSavePackage:Display: Finished SavePackage D:/Unreal Projects/TenFold/Content/HUD/MenuHUD.uasset
[2016.02.05-11.49.30:138][ 95]BlueprintLog: New page: Compile MenuHUD
[2016.02.05-11.49.30:243][ 95]BlueprintEditorCompileResults: Info [0585.63] Compile of MenuHUD successful! [in 104 ms]
[2016.02.05-11.49.31:409][112]LogPlayLevel: PlayLevel: No blueprints needed recompiling
[2016.02.05-11.49.33:246][112]PIE: New page: PIE session: Launcher (Feb 5, 2016, 1:49:33 PM)
[2016.02.05-11.49.33:246][112]LogPlayLevel: Creating play world package: /Game/Levels/UEDPIE_0_Launcher
[2016.02.05-11.49.33:248][112]LogPlayLevel: PIE: StaticDuplicateObject took: (0.001923s)
[2016.02.05-11.49.33:249][112]LogAIModule: Creating AISystem for world Launcher
[2016.02.05-11.49.33:249][112]LogPlayLevel: PIE: World Init took: (0.000859s)
[2016.02.05-11.49.33:249][112]LogPlayLevel: PIE: Created PIE world by copying editor world from /Game/Levels/Launcher.Launcher to /Game/Levels/UEDPIE_0_Launcher.Launcher (0.003041s)
[2016.02.05-11.49.33:280][112]LogInit: XAudio2 using 'Højttalere (Realtek High Definition Audio)' : 2 channels at 48 kHz using 32 bits per sample (channel mask 0x3)
[2016.02.05-11.49.33:294][112]LogInit: FAudioDevice initialized.
[2016.02.05-11.49.33:456][112]LogWorld: Game class is 'GameMode'
[2016.02.05-11.49.33:462][112]LogWorld: Bringing World /Game/Levels/UEDPIE_0_Launcher.Launcher up for play (max tick rate 0) at 2016.02.05-12.49.33
[2016.02.05-11.49.33:462][112]LogActor:Warning: GameSession /Game/Levels/UEDPIE_0_Launcher.Launcher:PersistentLevel.GameSession_2 has natively added scene component(s), but none of them were set as the actor's RootComponent - picking one arbitrarily
[2016.02.05-11.49.33:462][112]LogActor:Warning: GameNetworkManager /Game/Levels/UEDPIE_0_Launcher.Launcher:PersistentLevel.GameNetworkManager_2 has natively added scene component(s), but none of them were set as the actor's RootComponent - picking one arbitrarily
[2016.02.05-11.49.33:462][112]LogWorld: Bringing up level for play took: 0.004672
[2016.02.05-11.49.33:481][112]PIE: Info Play in editor start time for /Game/Levels/UEDPIE_0_Launcher 1.626
[2016.02.05-11.49.33:495][113]LogRenderer: Reallocating scene render targets to support 1280x920 (Frame:12947).
[2016.02.05-11.49.35:163][129]LogParticles: Destroying 0 GPU particle simulations for FXSystem 0x000001A0D494C720
[2016.02.05-11.49.38:959][204]Cmd: OBJ SAVEPACKAGE PACKAGE="/Game/Levels/Launcher" FILE="D:/Unreal Projects/TenFold/Saved/Autosaves/Game/Levels/UEDPCLauncher.umap" SILENT=true AUTOSAVING=true KEEPDIRTY=true
[2016.02.05-11.49.38:982][204]LogSavePackage: Save=18.695534ms
[2016.02.05-11.49.38:982][204]LogSavePackage: Moving 'D:/Unreal Projects/TenFold/Saved/UEDPCLauncher217A15B745FC79FA4A9F468DA47F2555.tmp' to 'D:/Unreal Projects/TenFold/Saved/Autosaves/Game/Levels/UEDPCLauncher.umap'
[2016.02.05-11.49.38:983][204]LogSavePackage: Total save time: 22.808403ms
[2016.02.05-11.49.38:983][204]LogSavePackage:Display: Finished SavePackage D:/Unreal Projects/TenFold/Saved/Autosaves/Game/Levels/UEDPCLauncher.umap
[2016.02.05-11.50.02:917][768]Cmd: CLOSE_SLATE_MAINFRAME
[2016.02.05-11.50.05:500][768]LogWindowsTextInputMethodSystem:Display: IME system now deactivated.
[2016.02.05-11.50.05:859][769]Cmd: QUIT_EDITOR
[2016.02.05-11.50.06:636][769]LogExit: Preparing to exit.
[2016.02.05-11.50.07:323][769]LogExit: Editor shut down
[2016.02.05-11.50.07:323][769]LogExit: Transaction tracking system shut down
[2016.02.05-11.50.07:325][769]LogParticles: Destroying 0 GPU particle simulations for FXSystem 0x000001A0B2F6B920
[2016.02.05-11.50.07:326][769]LogParticles: Destroying 0 GPU particle simulations for FXSystem 0x000001A0889D7560
[2016.02.05-11.50.07:327][769]LogParticles: Destroying 0 GPU particle simulations for FXSystem 0x000001A08AE6A980
[2016.02.05-11.50.07:327][769]LogParticles: Destroying 0 GPU particle simulations for FXSystem 0x000001A0C20491C0
[2016.02.05-11.50.07:327][769]LogParticles: Destroying 0 GPU particle simulations for FXSystem 0x000001A0C2048EA0
[2016.02.05-11.50.07:329][769]LogParticles: Destroying 0 GPU particle simulations for FXSystem 0x000001A0942ACD60
[2016.02.05-11.50.07:334][769]LogParticles: Destroying 0 GPU particle simulations for FXSystem 0x000001A0D303D6C0
[2016.02.05-11.50.07:573][769]LogExit: Object subsystem successfully closed.
[2016.02.05-11.50.07:595][769]LogD3D11RHI: Shutdown
[2016.02.05-11.50.07:596][769]LogD3D11RHI: CleanupD3DDevice
[2016.02.05-11.50.07:673][769]LogD3D11RHI: ~FD3D11DynamicRHI
[2016.02.05-11.50.07:691][769]LogModuleManager: Shutting down and abandoning module BlueprintGraph (200)
[2016.02.05-11.50.07:691][769]LogModuleManager: Shutting down and abandoning module CookingStats (199)
[2016.02.05-11.50.07:691][769]LogModuleManager: Shutting down and abandoning module CrashTracker (198)
[2016.02.05-11.50.07:691][769]LogModuleManager: Shutting down and abandoning module SceneOutliner (197)
[2016.02.05-11.50.07:691][769]LogModuleManager: Shutting down and abandoning module SuperSearch (196)
[2016.02.05-11.50.07:691][769]LogModuleManager: Shutting down and abandoning module WidgetCarousel (195)
[2016.02.05-11.50.07:691][769]LogModuleManager: Shutting down and abandoning module AddContentDialog (194)
[2016.02.05-11.50.07:693][769]LogModuleManager: Shutting down and abandoning module EditorWidgets (193)
[2016.02.05-11.50.07:693][769]LogModuleManager: Shutting down and abandoning module CollectionManager (192)
[2016.02.05-11.50.07:693][769]LogModuleManager: Shutting down and abandoning module StatsViewer (191)
[2016.02.05-11.50.07:693][769]LogModuleManager: Shutting down and abandoning module FoliageEdit (190)
[2016.02.05-11.50.07:693][769]LogModuleManager: Shutting down and abandoning module LandscapeEditor (189)
[2016.02.05-11.50.07:693][769]LogModuleManager: Shutting down and abandoning module ActorPickerMode (188)
[2016.02.05-11.50.07:693][769]LogModuleManager: Shutting down and abandoning module GeometryMode (187)
[2016.02.05-11.50.07:693][769]LogModuleManager: Shutting down and abandoning module TextureAlignMode (186)
[2016.02.05-11.50.07:693][769]LogModuleManager: Shutting down and abandoning module BspMode (185)
[2016.02.05-11.50.07:693][769]LogModuleManager: Shutting down and abandoning module PlacementMode (184)
[2016.02.05-11.50.07:693][769]LogModuleManager: Shutting down and abandoning module AutomationWorker (183)
[2016.02.05-11.50.07:693][769]LogModuleManager: Shutting down and abandoning module CharacterAI (182)
[2016.02.05-11.50.07:693][769]LogModuleManager: Shutting down and abandoning module SmartSnapping (181)
[2016.02.05-11.50.07:693][769]LogModuleManager: Shutting down and abandoning module ViewportSnapping (180)
[2016.02.05-11.50.07:693][769]LogModuleManager: Shutting down and abandoning module LogVisualizer (179)
[2016.02.05-11.50.07:693][769]LogModuleManager: Shutting down and abandoning module GameProjectGeneration (178)
[2016.02.05-11.50.07:694][769]LogModuleManager: Shutting down and abandoning module IntroTutorials (177)
[2016.02.05-11.50.07:694][769]LogModuleManager: Shutting down and abandoning module EditorLiveStreaming (176)
[2016.02.05-11.50.07:694][769]LogModuleManager: Shutting down and abandoning module IOSPlatformEditor (175)
[2016.02.05-11.50.07:694][769]LogModuleManager: Shutting down and abandoning module HTML5PlatformEditor (174)
[2016.02.05-11.50.07:694][769]LogModuleManager: Shutting down and abandoning module AndroidDeviceDetection (173)
[2016.02.05-11.50.07:745][769]LogModuleManager: Shutting down and abandoning module AndroidPlatformEditor (172)
[2016.02.05-11.50.07:745][769]LogModuleManager: Shutting down and abandoning module IOSRuntimeSettings (171)
[2016.02.05-11.50.07:745][769]LogModuleManager: Shutting down and abandoning module AndroidRuntimeSettings (170)
[2016.02.05-11.50.07:745][769]LogModuleManager: Shutting down and abandoning module MergeActors (169)
[2016.02.05-11.50.07:745][769]LogModuleManager: Shutting down and abandoning module SizeMap (168)
[2016.02.05-11.50.07:745][769]LogModuleManager: Shutting down and abandoning module TreeMap (167)
[2016.02.05-11.50.07:745][769]LogModuleManager: Shutting down and abandoning module ReferenceViewer (166)
[2016.02.05-11.50.07:745][769]LogModuleManager: Shutting down and abandoning module LocalizationService (165)
[2016.02.05-11.50.07:745][769]LogModuleManager: Shutting down and abandoning module LocalizationDashboard (164)
[2016.02.05-11.50.07:745][769]LogModuleManager: Shutting down and abandoning module HardwareTargeting (163)
[2016.02.05-11.50.07:745][769]LogModuleManager: Shutting down and abandoning module DeviceProfileEditor (162)
[2016.02.05-11.50.07:745][769]LogModuleManager: Shutting down and abandoning module UndoHistory (161)
[2016.02.05-11.50.07:745][769]LogModuleManager: Shutting down and abandoning module GameplayTagsEditor (160)
[2016.02.05-11.50.07:745][769]LogModuleManager: Shutting down and abandoning module UserFeedback (159)
[2016.02.05-11.50.07:745][769]LogModuleManager: Shutting down and abandoning module XmlParser (158)
[2016.02.05-11.50.07:745][769]LogModuleManager: Shutting down and abandoning module Blutility (157)
[2016.02.05-11.50.07:745][769]LogModuleManager: Shutting down and abandoning module ProjectTargetPlatformEditor (156)
[2016.02.05-11.50.07:745][769]LogModuleManager: Shutting down and abandoning module ProjectSettingsViewer (155)
[2016.02.05-11.50.07:746][769]LogModuleManager: Shutting down and abandoning module InputBindingEditor (154)
[2016.02.05-11.50.07:746][769]LogModuleManager: Shutting down and abandoning module EditorSettingsViewer (153)
[2016.02.05-11.50.07:746][769]LogModuleManager: Shutting down and abandoning module SettingsEditor (152)
[2016.02.05-11.50.07:746][769]LogModuleManager: Shutting down and abandoning module ProjectLauncher (151)
[2016.02.05-11.50.07:746][769]LogModuleManager: Shutting down and abandoning module SessionFrontend (150)
[2016.02.05-11.50.07:746][769]LogModuleManager: Shutting down and abandoning module ProfilerClient (149)
[2016.02.05-11.50.07:746][769]LogModuleManager: Shutting down and abandoning module TargetDeviceServices (148)
[2016.02.05-11.50.07:746][769]LogModuleManager: Shutting down and abandoning module DeviceManager (147)
[2016.02.05-11.50.07:746][769]LogModuleManager: Shutting down and abandoning module AutomationController (146)
[2016.02.05-11.50.07:746][769]LogModuleManager: Shutting down and abandoning module AutomationWindow (145)
[2016.02.05-11.50.07:746][769]LogModuleManager: Shutting down and abandoning module Layers (144)
[2016.02.05-11.50.07:746][769]LogModuleManager: Shutting down and abandoning module ComponentVisualizers (143)
[2016.02.05-11.50.07:746][769]LogModuleManager: Shutting down and abandoning module DetailCustomizations (142)
[2016.02.05-11.50.07:746][769]LogModuleManager: Shutting down and abandoning module PackagesDialog (141)
[2016.02.05-11.50.07:746][769]LogModuleManager: Shutting down and abandoning module Persona (140)
[2016.02.05-11.50.07:746][769]LogModuleManager: Shutting down and abandoning module Kismet (139)
[2016.02.05-11.50.07:746][769]LogModuleManager: Shutting down and abandoning module GraphEditor (138)
[2016.02.05-11.50.07:746][769]LogModuleManager: Shutting down and abandoning module ClassViewer (137)
[2016.02.05-11.50.07:748][769]LogModuleManager: Shutting down and abandoning module Toolbox (136)
[2016.02.05-11.50.07:748][769]LogModuleManager: Shutting down and abandoning module ModuleUI (135)
[2016.02.05-11.50.07:748][769]LogModuleManager: Shutting down and abandoning module MovieSceneTools (134)
[2016.02.05-11.50.07:748][769]LogModuleManager: Shutting down and abandoning module OutputLog (133)
[2016.02.05-11.50.07:748][769]LogModuleManager: Shutting down and abandoning module GammaUI (132)
[2016.02.05-11.50.07:748][769]LogModuleManager: Shutting down and abandoning module Documentation (131)
[2016.02.05-11.50.07:748][769]LogModuleManager: Shutting down and abandoning module GameLiveStreaming (130)
[2016.02.05-11.50.07:748][769]LogModuleManager: Shutting down and abandoning module StreamingPauseRendering (129)
[2016.02.05-11.50.07:748][769]LogModuleManager: Shutting down and abandoning module AnalyticsET (128)
[2016.02.05-11.50.07:748][769]LogModuleManager: Shutting down and abandoning module Analytics (127)
[2016.02.05-11.50.07:748][769]LogModuleManager: Shutting down and abandoning module AITestSuite (126)
[2016.02.05-11.50.07:748][769]LogModuleManager: Shutting down and abandoning module GameplayDebugger (125)
[2016.02.05-11.50.07:748][769]LogModuleManager: Shutting down and abandoning module AIModule (124)
[2016.02.05-11.50.07:748][769]LogModuleManager: Shutting down and abandoning module ProfilerService (123)
[2016.02.05-11.50.07:829][769]LogModuleManager: Shutting down and abandoning module TaskGraph (122)
[2016.02.05-11.50.07:829][769]LogModuleManager: Shutting down and abandoning module SlateRemote (121)
[2016.02.05-11.50.07:829][769]LogModuleManager: Shutting down and abandoning module SteamVRController (120)
[2016.02.05-11.50.07:829][769]LogModuleManager: Shutting down and abandoning module SteamVR (119)
[2016.02.05-11.50.07:829][769]LogModuleManager: Shutting down and abandoning module ProceduralMeshComponent (118)
[2016.02.05-11.50.07:829][769]LogModuleManager: Shutting down and abandoning module OculusLibrary (117)
[2016.02.05-11.50.07:829][769]LogModuleManager: Shutting down and abandoning module OculusInput (116)
[2016.02.05-11.50.07:829][769]LogModuleManager: Shutting down and abandoning module LeapMotionController (115)
[2016.02.05-11.50.07:848][769]LogModuleManager: Shutting down and abandoning module CustomMeshComponent (114)
[2016.02.05-11.50.07:848][769]LogModuleManager: Shutting down and abandoning module CableComponent (113)
[2016.02.05-11.50.07:848][769]LogModuleManager: Shutting down and abandoning module ArchVisCharacter (112)
[2016.02.05-11.50.07:848][769]LogModuleManager: Shutting down and abandoning module MessagingDebugger (111)
[2016.02.05-11.50.07:848][769]LogModuleManager: Shutting down and abandoning module MediaPlayerEditor (110)
[2016.02.05-11.50.07:848][769]LogModuleManager: Shutting down and abandoning module HTML5Networking (109)
[2016.02.05-11.50.07:848][769]LogModuleManager: Shutting down and abandoning module SpeedTreeImporter (108)
[2016.02.05-11.50.07:848][769]LogModuleManager: Shutting down and abandoning module PluginBrowser (107)
[2016.02.05-11.50.07:848][769]LogModuleManager: Shutting down and abandoning module EpicSurvey (106)
[2016.02.05-11.50.07:848][769]LogModuleManager: Shutting down and abandoning module DesktopPlatform (105)
[2016.02.05-11.50.07:848][769]LogModuleManager: Shutting down and abandoning module VisualStudioSourceCodeAccess (104)
[2016.02.05-11.50.07:848][769]LogModuleManager: Shutting down and abandoning module UObjectPlugin (103)
[2016.02.05-11.50.07:848][769]LogModuleManager: Shutting down and abandoning module SubversionSourceControl (102)
[2016.02.05-11.50.07:848][769]LogModuleManager: Shutting down and abandoning module PerforceSourceControl (101)
[2016.02.05-11.50.07:849][769]LogModuleManager: Shutting down and abandoning module SourceControl (100)
[2016.02.05-11.50.07:849][769]LogModuleManager: Shutting down and abandoning module GitSourceControl (99)
[2016.02.05-11.50.07:849][769]LogModuleManager: Shutting down and abandoning module LightPropagationVolumeEditor (98)
[2016.02.05-11.50.07:849][769]LogModuleManager: Shutting down and abandoning module PaperTiledImporter (97)
[2016.02.05-11.50.07:849][769]LogModuleManager: Shutting down and abandoning module PaperSpriteSheetImporter (96)
[2016.02.05-11.50.07:849][769]LogModuleManager: Shutting down and abandoning module MeshPaint (95)
[2016.02.05-11.50.07:849][769]LogModuleManager: Shutting down and abandoning module SlateReflector (94)
[2016.02.05-11.50.07:849][769]LogModuleManager: Shutting down and abandoning module HotReload (93)
[2016.02.05-11.50.07:849][769]LogModuleManager: Shutting down and abandoning module MainFrame (92)
[2016.02.05-11.50.07:849][769]LogModuleManager: Shutting down and abandoning module LevelEditor (91)
[2016.02.05-11.50.07:850][769]LogModuleManager: Shutting down and abandoning module DirectoryWatcher (90)
[2016.02.05-11.50.07:850][769]LogModuleManager: Shutting down and abandoning module AssetRegistry (89)
[2016.02.05-11.50.07:946][769]LogModuleManager: Shutting down and abandoning module ContentBrowser (88)
[2016.02.05-11.50.07:947][769]LogModuleManager: Shutting down and abandoning module Paper2DEditor (87)
[2016.02.05-11.50.07:947][769]LogModuleManager: Shutting down and abandoning module UdpMessaging (86)
[2016.02.05-11.50.08:047][769]LogModuleManager: Shutting down and abandoning module LightPropagationVolumeRuntime (85)
[2016.02.05-11.50.08:047][769]LogModuleManager: Shutting down and abandoning module Paper2D (84)
[2016.02.05-11.50.08:047][769]LogModuleManager: Shutting down and abandoning module WindowsMoviePlayer (83)
[2016.02.05-11.50.08:051][769]LogModuleManager: Shutting down and abandoning module Media (82)
[2016.02.05-11.50.08:051][769]LogModuleManager: Shutting down and abandoning module WmfMedia (81)
[2016.02.05-11.50.08:052][769]LogModuleManager: Shutting down and abandoning module OnlineBlueprintSupport (80)
[2016.02.05-11.50.08:052][769]LogModuleManager: Shutting down and abandoning module GameplayTasksEditor (79)
[2016.02.05-11.50.08:052][769]LogModuleManager: Shutting down and abandoning module PropertyEditor (78)
[2016.02.05-11.50.08:052][769]LogModuleManager: Shutting down and abandoning module BehaviorTreeEditor (77)
[2016.02.05-11.50.08:052][769]LogModuleManager: Shutting down and abandoning module FunctionalTesting (76)
[2016.02.05-11.50.08:052][769]LogModuleManager: Shutting down and abandoning module CollisionAnalyzer (75)
[2016.02.05-11.50.08:052][769]LogModuleManager: Shutting down and abandoning module WorkspaceMenuStructure (74)
[2016.02.05-11.50.08:052][769]LogModuleManager: Shutting down and abandoning module MessageLog (73)
[2016.02.05-11.50.08:052][769]LogModuleManager: Shutting down and abandoning module Sequencer (72)
[2016.02.05-11.50.08:052][769]LogModuleManager: Shutting down and abandoning module AssetTools (71)
[2016.02.05-11.50.08:052][769]LogModuleManager: Shutting down and abandoning module UMGEditor (70)
[2016.02.05-11.50.08:052][769]LogModuleManager: Shutting down and abandoning module UMG (69)
[2016.02.05-11.50.08:052][769]LogModuleManager: Shutting down and abandoning module Slate (68)
[2016.02.05-11.50.08:052][769]LogModuleManager: Shutting down and abandoning module EditorStyle (67)
[2016.02.05-11.50.08:054][769]LogModuleManager: Shutting down and abandoning module SessionServices (66)
[2016.02.05-11.50.08:054][769]LogModuleManager: Shutting down and abandoning module SourceCodeAccess (65)
[2016.02.05-11.50.08:054][769]LogModuleManager: Shutting down and abandoning module HeadMountedDisplay (64)
[2016.02.05-11.50.08:054][769]LogModuleManager: Shutting down and abandoning module XAudio2 (63)
[2016.02.05-11.50.08:055][769]LogModuleManager: Shutting down and abandoning module Networking (61)
[2016.02.05-11.50.08:055][769]LogModuleManager: Shutting down and abandoning module Core (60)
[2016.02.05-11.50.08:055][769]LogModuleManager: Shutting down and abandoning module KismetCompiler (59)
[2016.02.05-11.50.08:055][769]LogModuleManager: Shutting down and abandoning module PhysXFormats (58)
[2016.02.05-11.50.08:055][769]LogModuleManager: Shutting down and abandoning module MeshUtilities (57)
[2016.02.05-11.50.08:055][769]LogModuleManager: Shutting down and abandoning module DerivedDataCache (56)
[2016.02.05-11.50.08:100][769]LogDerivedDataCache: Shutdown
[2016.02.05-11.50.08:100][769]LogModuleManager: Shutting down and abandoning module ShaderFormatOpenGL (55)
[2016.02.05-11.50.08:100][769]LogModuleManager: Shutting down and abandoning module ShaderFormatD3D (54)
[2016.02.05-11.50.08:100][769]LogModuleManager: Shutting down and abandoning module MetalShaderFormat (53)
[2016.02.05-11.50.08:100][769]LogModuleManager: Shutting down and abandoning module TextureFormatUncompressed (52)
[2016.02.05-11.50.08:100][769]LogModuleManager: Shutting down and abandoning module TextureFormatPVR (51)
[2016.02.05-11.50.08:100][769]LogModuleManager: Shutting down and abandoning module TextureFormatIntelISPCTexComp (50)
[2016.02.05-11.50.08:100][769]LogModuleManager: Shutting down and abandoning module TextureFormatDXT (49)
[2016.02.05-11.50.08:100][769]LogModuleManager: Shutting down and abandoning module ImageWrapper (48)
[2016.02.05-11.50.08:100][769]LogModuleManager: Shutting down and abandoning module TextureFormatASTC (47)
[2016.02.05-11.50.08:100][769]LogModuleManager: Shutting down and abandoning module TextureFormatAndroid (46)
[2016.02.05-11.50.08:100][769]LogModuleManager: Shutting down and abandoning module AudioFormatOpus (45)
[2016.02.05-11.50.08:100][769]LogModuleManager: Shutting down and abandoning module AudioFormatOgg (44)
[2016.02.05-11.50.08:100][769]LogModuleManager: Shutting down and abandoning module AudioFormatADPCM (43)
[2016.02.05-11.50.08:100][769]LogModuleManager: Shutting down and abandoning module LinuxTargetPlatform (42)
[2016.02.05-11.50.08:100][769]LogModuleManager: Shutting down and abandoning module LinuxServerTargetPlatform (41)
[2016.02.05-11.50.08:100][769]LogModuleManager: Shutting down and abandoning module LinuxNoEditorTargetPlatform (40)
[2016.02.05-11.50.08:100][769]LogModuleManager: Shutting down and abandoning module Messaging (39)
[2016.02.05-11.50.08:100][769]LogModuleManager: Shutting down and abandoning module IOSTargetPlatform (38)
[2016.02.05-11.50.08:100][769]LogModuleManager: Shutting down and abandoning module HTML5TargetPlatform (37)
[2016.02.05-11.50.08:100][769]LogModuleManager: Shutting down and abandoning module Android_PVRTCTargetPlatform (36)
[2016.02.05-11.50.08:100][769]LogModuleManager: Shutting down and abandoning module Android_MultiTargetPlatform (35)
[2016.02.05-11.50.08:100][769]LogModuleManager: Shutting down and abandoning module Android_ETC2TargetPlatform (34)
[2016.02.05-11.50.08:100][769]LogModuleManager: Shutting down and abandoning module Android_ETC1TargetPlatform (33)
[2016.02.05-11.50.08:100][769]LogModuleManager: Shutting down and abandoning module Android_DXTTargetPlatform (32)
[2016.02.05-11.50.08:100][769]LogModuleManager: Shutting down and abandoning module Android_ATCTargetPlatform (31)
[2016.02.05-11.50.08:100][769]LogModuleManager: Shutting down and abandoning module Android_ASTCTargetPlatform (30)
[2016.02.05-11.50.08:100][769]LogModuleManager: Shutting down and abandoning module AndroidTargetPlatform (29)
[2016.02.05-11.50.08:100][769]LogModuleManager: Shutting down and abandoning module WindowsTargetPlatform (28)
[2016.02.05-11.50.08:100][769]LogModuleManager: Shutting down and abandoning module WindowsServerTargetPlatform (27)
[2016.02.05-11.50.08:100][769]LogModuleManager: Shutting down and abandoning module WindowsNoEditorTargetPlatform (26)
[2016.02.05-11.50.08:101][769]LogModuleManager: Shutting down and abandoning module WindowsClientTargetPlatform (25)
[2016.02.05-11.50.08:101][769]LogModuleManager: Shutting down and abandoning module AllDesktopTargetPlatform (24)
[2016.02.05-11.50.08:101][769]LogModuleManager: Shutting down and abandoning module TargetPlatform (23)
[2016.02.05-11.50.08:101][769]LogModuleManager: Shutting down and abandoning module InputCore (22)
[2016.02.05-11.50.08:101][769]LogModuleManager: Shutting down and abandoning module Settings (21)
[2016.02.05-11.50.08:101][769]LogModuleManager: Shutting down and abandoning module OnlineSubsystem (19)
[2016.02.05-11.50.08:101][769]LogModuleManager: Shutting down and abandoning module HTTP (18)
[2016.02.05-11.50.10:105][769]LogModuleManager: Shutting down and abandoning module XMPP (17)
[2016.02.05-11.50.10:105][769]LogModuleManager: Shutting down and abandoning module OculusRift (16)
[2016.02.05-11.50.10:106][769]LogModuleManager: Shutting down and abandoning module ExampleDeviceProfileSelector (15)
[2016.02.05-11.50.10:106][769]LogModuleManager: Shutting down and abandoning module TextureCompressor (14)
[2016.02.05-11.50.10:106][769]LogModuleManager: Shutting down and abandoning module ShaderCore (13)
[2016.02.05-11.50.10:106][769]LogModuleManager: Shutting down and abandoning module Landscape (12)
[2016.02.05-11.50.10:106][769]LogModuleManager: Shutting down and abandoning module SlateRHIRenderer (11)
[2016.02.05-11.50.10:112][769]LogModuleManager: Shutting down and abandoning module OpenGLDrv (10)
[2016.02.05-11.50.10:112][769]LogModuleManager: Shutting down and abandoning module D3D11RHI (9)
[2016.02.05-11.50.10:112][769]LogModuleManager: Shutting down and abandoning module AnimGraphRuntime (8)
[2016.02.05-11.50.10:112][769]LogModuleManager: Shutting down and abandoning module Renderer (7)
[2016.02.05-11.50.10:112][769]LogModuleManager: Shutting down and abandoning module Engine (6)
[2016.02.05-11.50.10:112][769]LogModuleManager: Shutting down and abandoning module CoreUObject (5)
[2016.02.05-11.50.10:112][769]LogModuleManager: Shutting down and abandoning module NetworkFile (4)
[2016.02.05-11.50.10:112][769]LogModuleManager: Shutting down and abandoning module StreamingFile (3)
[2016.02.05-11.50.10:112][769]LogModuleManager: Shutting down and abandoning module SandboxFile (2)
[2016.02.05-11.50.10:112][769]LogModuleManager: Shutting down and abandoning module PakFile (1)
[2016.02.05-11.50.10:114][769]LogExit: Exiting.
[2016.02.05-11.50.10:127][769]Log file closed, 02/05/16 12:50:10
