[2016.02.13-16.48.55:807][  0]Log file open, 02/13/16 17:48:55
[2016.02.13-16.48.55:807][  0]LogInit:Display: Running engine for game: TenFold
[2016.02.13-16.48.55:807][  0]LogPlatformFile: Not using cached read wrapper
[2016.02.13-16.48.55:807][  0]LogInit:Display: RandInit(-1770303453) SRandInit(-1770303451).
[2016.02.13-16.48.55:807][  0]LogTaskGraph: Started task graph with 4 named threads and 7 total threads.
[2016.02.13-16.48.55:807][  0]LogStats: Stats thread started at 0.145629
[2016.02.13-16.48.55:807][  0]LogInit:Warning: Incompatible or missing module: UE4Editor-TenFold.dll
[2016.02.13-16.48.55:807][  0]LogInit:Warning: Incompatible or missing module: UE4Editor-Blu.dll
[2016.02.13-16.49.03:010][  0]LogExit: Preparing to exit.
[2016.02.13-16.49.03:012][  0]LogModuleManager: Shutting down and abandoning module TextureCompressor (14)
[2016.02.13-16.49.03:013][  0]LogModuleManager: Shutting down and abandoning module ShaderCore (13)
[2016.02.13-16.49.03:013][  0]LogModuleManager: Shutting down and abandoning module Landscape (12)
[2016.02.13-16.49.03:013][  0]LogModuleManager: Shutting down and abandoning module SlateRHIRenderer (11)
[2016.02.13-16.49.03:013][  0]LogModuleManager: Shutting down and abandoning module OpenGLDrv (10)
[2016.02.13-16.49.03:013][  0]LogModuleManager: Shutting down and abandoning module D3D11RHI (9)
[2016.02.13-16.49.03:013][  0]LogModuleManager: Shutting down and abandoning module AnimGraphRuntime (8)
[2016.02.13-16.49.03:013][  0]LogModuleManager: Shutting down and abandoning module Renderer (7)
[2016.02.13-16.49.03:013][  0]LogModuleManager: Shutting down and abandoning module Engine (6)
[2016.02.13-16.49.03:013][  0]LogModuleManager: Shutting down and abandoning module CoreUObject (5)
[2016.02.13-16.49.03:013][  0]LogModuleManager: Shutting down and abandoning module NetworkFile (4)
[2016.02.13-16.49.03:013][  0]LogModuleManager: Shutting down and abandoning module StreamingFile (3)
[2016.02.13-16.49.03:013][  0]LogModuleManager: Shutting down and abandoning module SandboxFile (2)
[2016.02.13-16.49.03:013][  0]LogModuleManager: Shutting down and abandoning module PakFile (1)
[2016.02.13-16.49.03:014][  0]LogExit: Exiting.
[2016.02.13-16.49.03:016][  0]Log file closed, 02/13/16 17:49:03
