[2016.02.05-15.15.14:320][  0]Log file open, 02/05/16 16:15:14
[2016.02.05-15.15.14:320][  0]LogInit:Display: Running engine for game: TenFold
[2016.02.05-15.15.14:320][  0]LogPlatformFile: Not using cached read wrapper
[2016.02.05-15.15.14:320][  0]LogInit:Display: RandInit(1270809684) SRandInit(1270809685).
[2016.02.05-15.15.14:320][  0]LogTaskGraph: Started task graph with 4 named threads and 7 total threads.
[2016.02.05-15.15.14:320][  0]LogStats: Stats thread started at 0.092600
[2016.02.05-15.15.14:320][  0]LogInit: Version: 4.10.2-2818068+++depot+UE4-Releases+4.10
[2016.02.05-15.15.14:320][  0]LogInit: API Version: 2758231
[2016.02.05-15.15.14:320][  0]LogInit: Compiled (64-bit): Jan  6 2016 17:36:42
[2016.02.05-15.15.14:320][  0]LogInit: Compiled with Visual C++: 19.00.23026.00
[2016.02.05-15.15.14:320][  0]LogInit: Build Configuration: Development
[2016.02.05-15.15.14:320][  0]LogInit: Branch Name: ++depot+UE4-Releases+4.10
[2016.02.05-15.15.14:320][  0]LogInit: Command line:  /Temp/Autosaves/Game/Levels/UEDPCLauncher -game -PIEVIACONSOLE -ResX=1280 -ResY=720  -Multiprocess 
[2016.02.05-15.15.14:320][  0]LogInit: Base directory: C:/Program Files (x86)/Epic Games/4.10/Engine/Binaries/Win64/
[2016.02.05-15.15.14:320][  0]LogInit: Rocket: 1
[2016.02.05-15.15.14:335][  0]LogInit: Using libcurl 7.41.0
[2016.02.05-15.15.14:335][  0]LogInit:  - built for x86_64-pc-win32
[2016.02.05-15.15.14:335][  0]LogInit:  - supports SSL with WinSSL
[2016.02.05-15.15.14:335][  0]LogInit:  - other features:
[2016.02.05-15.15.14:335][  0]LogInit:      CURL_VERSION_SSL
[2016.02.05-15.15.14:335][  0]LogInit:      CURL_VERSION_IPV6
[2016.02.05-15.15.14:335][  0]LogInit:      CURL_VERSION_ASYNCHDNS
[2016.02.05-15.15.14:335][  0]LogInit:      CURL_VERSION_LARGEFILE
[2016.02.05-15.15.14:335][  0]LogInit:      CURL_VERSION_IDN
[2016.02.05-15.15.14:335][  0]LogInit:  CurlRequestOptions (configurable via config and command line):
[2016.02.05-15.15.14:335][  0]LogInit:  - bVerifyPeer = true  - Libcurl will verify peer certificate
[2016.02.05-15.15.14:335][  0]LogInit:  - bUseHttpProxy = false  - Libcurl will NOT use HTTP proxy
[2016.02.05-15.15.14:335][  0]LogInit:  - bDontReuseConnections = false  - Libcurl will reuse connections
[2016.02.05-15.15.14:335][  0]LogInit:  - CertBundlePath = nullptr  - Libcurl will use whatever was configured at build time.
[2016.02.05-15.15.14:347][  0]LogInit: Presizing for 0 objects not considered by GC, pre-allocating 0 bytes.
[2016.02.05-15.15.14:358][  0]LogInit: Object subsystem initialized
[2016.02.05-15.15.14:359][  0]LogInit: Selected Device Profile: [Windows]
[2016.02.05-15.15.14:359][  0]LogInit: Applying CVar settings loaded from the selected device profile: [Windows]
[2016.02.05-15.15.14:360][  0]LogInit: Computer: ROBINBÆRBAR
[2016.02.05-15.15.14:360][  0]LogInit: User: Robin
[2016.02.05-15.15.14:360][  0]LogInit: CPU Page size=4096, Cores=4
[2016.02.05-15.15.14:360][  0]LogInit: High frequency timer resolution =2.435769 MHz
[2016.02.05-15.15.14:360][  0]LogMemory: Memory total: Physical=7.9GB (8GB approx)
[2016.02.05-15.15.14:360][  0]LogMemory: Platform Memory Stats for Windows
[2016.02.05-15.15.14:360][  0]LogMemory: Process Physical Memory: 55.92 MB used, 55.92 MB peak
[2016.02.05-15.15.14:360][  0]LogMemory: Process Virtual Memory: 54.99 MB used, 54.99 MB peak
[2016.02.05-15.15.14:360][  0]LogMemory: Physical Memory: 4984.90 MB used, 8074.92 MB total
[2016.02.05-15.15.14:360][  0]LogMemory: Virtual Memory: 381.73 MB used, 134217728.00 MB total
[2016.02.05-15.15.14:400][  0]LogTextLocalizationManager: No translations for ('da-DK') exist, falling back to 'en' for localization and internationalization data.
[2016.02.05-15.15.14:934][  0]LogD3D11RHI: Found D3D11 adapter 0: NVIDIA GeForce GTX 860M      (Feature Level 11_0)
[2016.02.05-15.15.14:934][  0]LogD3D11RHI: Adapter has 1995MB of dedicated video memory, 0MB of dedicated system memory, and 4037MB of shared system memory, 1 output[s]
[2016.02.05-15.15.14:940][  0]LogD3D11RHI: Found D3D11 adapter 1: Intel(R) HD Graphics 4600 (Feature Level 11_0)
[2016.02.05-15.15.14:940][  0]LogD3D11RHI: Adapter has 112MB of dedicated video memory, 0MB of dedicated system memory, and 4037MB of shared system memory, 0 output[s]
[2016.02.05-15.15.14:941][  0]LogD3D11RHI: Found D3D11 adapter 2: Microsoft Basic Render Driver (Feature Level 11_0)
[2016.02.05-15.15.14:941][  0]LogD3D11RHI: Adapter has 0MB of dedicated video memory, 0MB of dedicated system memory, and 4037MB of shared system memory, 0 output[s]
[2016.02.05-15.15.14:941][  0]LogD3D11RHI: Chosen D3D11 Adapter Id = 0
[2016.02.05-15.15.14:947][  0]LogD3D11RHI: !Direct3DDevice
[2016.02.05-15.15.14:947][  0]LogRHI: Texture pool is 1361 MB (70% of 1945 MB)
[2016.02.05-15.15.14:965][  0]LogD3D11RHI: Async texture creation enabled
[2016.02.05-15.15.14:975][  0]LogShaderCompilers: Guid format shader working directory is 20 characters bigger than the processId version (D:/Unreal Projects/TenFold/Intermediate/Shaders/WorkingDirectory/1588/).
[2016.02.05-15.15.14:975][  0]LogShaderCompilers: Cleaned the shader compiler working directory 'C:/Users/Robin/AppData/Local/Temp/UnrealShaderWorkingDir/DB49BCF0461F6794B956678A1FC0340B/'.
[2016.02.05-15.15.14:975][  0]LogShaderCompilers:Display: Using Local Shader Compiler.
[2016.02.05-15.15.15:788][  0]LogTemp:Display: Loaded TP AllDesktopTargetPlatform
[2016.02.05-15.15.15:793][  0]LogTemp:Display: Loaded TP WindowsClientTargetPlatform
[2016.02.05-15.15.15:799][  0]LogTemp:Display: Loaded TP WindowsNoEditorTargetPlatform
[2016.02.05-15.15.15:805][  0]LogTemp:Display: Loaded TP WindowsServerTargetPlatform
[2016.02.05-15.15.15:811][  0]LogTemp:Display: Loaded TP WindowsTargetPlatform
[2016.02.05-15.15.15:815][  0]LogTemp:Display: Loaded TP AndroidTargetPlatform
[2016.02.05-15.15.15:818][  0]LogTemp:Display: Loaded TP Android_ASTCTargetPlatform
[2016.02.05-15.15.15:821][  0]LogTemp:Display: Loaded TP Android_ATCTargetPlatform
[2016.02.05-15.15.15:824][  0]LogTemp:Display: Loaded TP Android_DXTTargetPlatform
[2016.02.05-15.15.15:828][  0]LogTemp:Display: Loaded TP Android_ETC1TargetPlatform
[2016.02.05-15.15.15:831][  0]LogTemp:Display: Loaded TP Android_ETC2TargetPlatform
[2016.02.05-15.15.15:838][  0]LogTemp:Display: Loaded TP Android_MultiTargetPlatform
[2016.02.05-15.15.15:838][  0]LogTemp:Display: Loaded TP Android_PVRTCTargetPlatform
[2016.02.05-15.15.15:839][  0]LogTemp:Display: Loaded TP HTML5TargetPlatform
[2016.02.05-15.15.15:857][  0]LogTemp:Display: Loaded TP IOSTargetPlatform
[2016.02.05-15.15.15:860][  0]LogTemp:Display: Loaded TP LinuxNoEditorTargetPlatform
[2016.02.05-15.15.15:863][  0]LogTemp:Display: Loaded TP LinuxServerTargetPlatform
[2016.02.05-15.15.15:866][  0]LogTemp:Display: Loaded TP LinuxTargetPlatform
[2016.02.05-15.15.15:866][  0]LogTargetPlatformManager:Display: Building Assets For Windows
[2016.02.05-15.15.15:957][  0]LogDerivedDataCache:Display: Max Cache Size: 512 MB
[2016.02.05-15.15.16:006][  0]LogDerivedDataCache: Loaded boot cache 0.05s 41MB C:/Users/Robin/AppData/Local/UnrealEngine/4.10/DerivedDataCache/Boot.ddc.
[2016.02.05-15.15.16:006][  0]LogDerivedDataCache:Display: Loaded Boot cache: C:/Users/Robin/AppData/Local/UnrealEngine/4.10/DerivedDataCache/Boot.ddc
[2016.02.05-15.15.16:006][  0]LogDerivedDataCache: FDerivedDataBackendGraph:  Pak pak cache file D:/Unreal Projects/TenFold/DerivedDataCache/DDC.ddp not found, will not use a pak cache.
[2016.02.05-15.15.16:006][  0]LogDerivedDataCache: Unable to find inner node Pak for hierarchical cache Hierarchy.
[2016.02.05-15.15.16:006][  0]LogDerivedDataCache: FDerivedDataBackendGraph:  CompressedPak pak cache file D:/Unreal Projects/TenFold/DerivedDataCache/Compressed.ddp not found, will not use a pak cache.
[2016.02.05-15.15.16:006][  0]LogDerivedDataCache: Unable to find inner node CompressedPak for hierarchical cache Hierarchy.
[2016.02.05-15.15.16:071][  0]LogDerivedDataCache:Display: Pak cache opened for reading ../../../Engine/DerivedDataCache/Compressed.ddp.
[2016.02.05-15.15.16:083][  0]LogDerivedDataCache: Using 