Build started 13-02-2016 17:53:17.
     1>Project "D:\Github\TenFold\TenFold\Intermediate\ProjectFiles\TenFold.vcxproj" on node 3 (Build target(s)).
     1>Build:
         "C:\Program Files (x86)\Epic Games\4.10\Engine\Build\BatchFiles\Build.bat" TenFoldEditor Win64 Development "D:\Github\TenFold\TenFold\TenFold.uproject" -rocket -waitmutex
         Creating makefile for TenFoldEditor (changes to module files)
         Parsing headers for TenFoldEditor
           Running UnrealHeaderTool "D:\Github\TenFold\TenFold\TenFold.uproject" "D:\Github\TenFold\TenFold\Intermediate\Build\Win64\TenFoldEditor\Development\UnrealHeaderTool.manifest" -LogCmds="loginit warning, logexit warning, logdatabase error" -rocket -installed
         Reflection code generated for TenFoldEditor in 7,7514837 seconds
         Performing 13 actions (4 in parallel)
         PCH.BluLoaderPrivatePCH.h.cpp
         PCH.BluPrivatePCH.h.cpp
         BluLoader.cpp
         [4/13] Link UE4Editor-BluLoader.dll
            Creating library D:\Github\TenFold\TenFold\Plugins\BLUI\Intermediate/Build/Win64\UE4Editor\Development\UE4Editor-BluLoader.lib and object D:\Github\TenFold\TenFold\Plugins\BLUI\Intermediate/Build/Win64\UE4Editor\Development\UE4Editor-BluLoader.exp
         BluManager.cpp
         Blu.cpp
         BluBluprintFunctionLibrary.cpp
         Blu.generated.cpp
         BluEye.cpp
         BluJsonObj.cpp
         RenderHandler.cpp
         [12/13] Link UE4Editor-Blu.dll
     1>LINK : fatal error LNK1181: cannot open input file 'D:\Github\TenFold\TenFold\Plugins\BLUI\ThirdParty\cef/Win/lib\libcef.lib'
         -------- End Detailed Actions Stats -----------------------------------------------------------
     1>ERROR : UBT error : Failed to produce item: D:\Github\TenFold\TenFold\Plugins\BLUI\Binaries\Win64\UE4Editor-Blu.dll
         Total build time: 104,91 seconds
     1>C:\Program Files (x86)\MSBuild\Microsoft.Cpp\v4.0\V140\Microsoft.MakeFile.Targets(37,5): error MSB3073: The command ""C:\Program Files (x86)\Epic Games\4.10\Engine\Build\BatchFiles\Build.bat" TenFoldEditor Win64 Development "D:\Github\TenFold\TenFold\TenFold.uproject" -rocket -waitmutex" exited with code -1.
     1>Done Building Project "D:\Github\TenFold\TenFold\Intermediate\ProjectFiles\TenFold.vcxproj" (Build target(s)) -- FAILED.

Build FAILED.

Time Elapsed 00:01:45.57
